<?xml version="1.0" encoding="UTF-8"?>
<testsuites name="Basic" time="297" tests="12" failures="1" errors="0">
   <testsuite name="Basic" tests="12" failures="1" errors="0" time="297" timestamp="2017-11-13 12:18:51" hostname="5730212056 - PIEW-LAPTOP" id="Test Suites/Basic">
      <properties>
         <property name="deviceName" value=""/>
         <property name="devicePlatform" value=""/>
         <property name="logFolder" value="D:\\Github\\Guru-TMDA\\Reports\\Basic\\20171113_121849"/>
         <property name="logFiles" value="D:\\Github\\Guru-TMDA\\Reports\\Basic\\20171113_121849\\execution0.log"/>
         <property name="attachments" value=""/>
         <property name="hostName" value="5730212056 - PIEW-LAPTOP"/>
         <property name="os" value="Windows 10 64bit"/>
         <property name="katalonVersion" value="5.0.1.1"/>
         <property name="browser" value="Chrome 62.0.3202.89"/>
         <property name="hostAddress" value="192.168.11.220"/>
         <property name="sessionId" value="8b1f3c58aa447abfb51a78b5743cfe4c"/>
         <property name="seleniumVersion" value="2.53.0"/>
         <property name="proxyInformation" value="ProxyInformation{proxyOption=NO_PROXY, proxyServerType=HTTP, password=, proxyServerAddress=, proxyServerPort=0}"/>
         <property name="platform" value="Windows 10"/>
      </properties>
      <testcase name="Test Cases/1. Start Page (without login)/Single Verbatim without login" classname="Test Cases/1. Start Page (without login)/Single Verbatim without login" status="PASSED">
         <system-out><![CDATA[2017-11-13 12:18:51 - [TEST_CASE][PASSED] - Test Cases/1. Start Page (without login)/Single Verbatim without login: Test Cases/1. Start Page (without login)/Single Verbatim without login

2017-11-13 12:18:52 - [TEST_STEP][PASSED] - openBrowser: Browser is opened with url: ''

2017-11-13 12:18:55 - [MESSAGE][PASSED] - Browser is opened with url: ''

2017-11-13 12:18:55 - [TEST_STEP][PASSED] - maximizeWindow: Current window maximized

2017-11-13 12:18:56 - [MESSAGE][PASSED] - Current window maximized

2017-11-13 12:18:56 - [TEST_STEP][PASSED] - navigateToUrl: Navigate to 'http://192.168.11.59/' successfully

2017-11-13 12:18:59 - [MESSAGE][PASSED] - Navigate to 'http://192.168.11.59/' successfully

2017-11-13 12:18:59 - [TEST_STEP][PASSED] - click: Object: 'Object Repository/Single verbatim without login//i_fa fa-location-arrow w3-text (1)' is clicked on

2017-11-13 12:19:00 - [MESSAGE][PASSED] - Object: 'Object Repository/Single verbatim without login//i_fa fa-location-arrow w3-text (1)' is clicked on

2017-11-13 12:19:00 - [TEST_STEP][PASSED] - verifyElementPresent: Object 'Object Repository/single verbatim with login/span_Verbatim is not null' is present

2017-11-13 12:19:00 - [MESSAGE][PASSED] - Object 'Object Repository/single verbatim with login/span_Verbatim is not null' is present

2017-11-13 12:19:00 - [TEST_STEP][PASSED] - setText: Text 'บริการดีแต่รอคิวนาน' is set on object 'Object Repository/Single verbatim without login/input_input-text w3-large inpu'

2017-11-13 12:19:00 - [MESSAGE][PASSED] - Text 'บริการดีแต่รอคิวนาน' is set on object 'Object Repository/Single verbatim without login/input_input-text w3-large inpu'

2017-11-13 12:19:00 - [TEST_STEP][PASSED] - click: Object: 'Object Repository/Single verbatim without login//i_fa fa-location-arrow w3-text (1)' is clicked on

2017-11-13 12:19:00 - [MESSAGE][PASSED] - Object: 'Object Repository/Single verbatim without login//i_fa fa-location-arrow w3-text (1)' is clicked on

2017-11-13 12:19:00 - [TEST_STEP][PASSED] - verifyElementPresent: Object 'Object Repository/Single verbatim without login//div_predict-result' is present

2017-11-13 12:19:20 - [MESSAGE][PASSED] - Object 'Object Repository/Single verbatim without login//div_predict-result' is present

2017-11-13 12:19:20 - [TEST_STEP][PASSED] - verifyElementPresent: Object 'Object Repository/Single verbatim without login//div_row' is present

2017-11-13 12:19:20 - [MESSAGE][PASSED] - Object 'Object Repository/Single verbatim without login//div_row' is present

2017-11-13 12:19:20 - [TEST_STEP][PASSED] - setText: Text 'โคยยยยย' is set on object 'Object Repository/Single verbatim without login/input_input-text w3-large inpu'

2017-11-13 12:19:20 - [MESSAGE][PASSED] - Text 'โคยยยยย' is set on object 'Object Repository/Single verbatim without login/input_input-text w3-large inpu'

2017-11-13 12:19:20 - [TEST_STEP][PASSED] - click: Object: 'Object Repository/Single verbatim without login//i_fa fa-location-arrow w3-text (1)' is clicked on

2017-11-13 12:19:20 - [MESSAGE][PASSED] - Object: 'Object Repository/Single verbatim without login//i_fa fa-location-arrow w3-text (1)' is clicked on

2017-11-13 12:19:20 - [TEST_STEP][PASSED] - verifyElementPresent: Object 'Object Repository/Single verbatim without login//div_predict-result (1)' is present

2017-11-13 12:19:39 - [MESSAGE][PASSED] - Object 'Object Repository/Single verbatim without login//div_predict-result (1)' is present

2017-11-13 12:19:39 - [TEST_STEP][PASSED] - verifyElementPresent: Object 'Object Repository/single verbatim with login/img' is present

2017-11-13 12:19:39 - [MESSAGE][PASSED] - Object 'Object Repository/single verbatim with login/img' is present

2017-11-13 12:19:39 - [TEST_STEP][NOT_RUN] - closeBrowser: NOT_RUN: closeBrowser

2017-11-13 12:19:39 - [MESSAGE][NOT_RUN] - NOT_RUN: closeBrowser]]></system-out>
         <system-err><![CDATA[]]></system-err>
      </testcase>
      <testcase name="Test Cases/2. Login/Sign Up" classname="Test Cases/2. Login/Sign Up" status="PASSED">
         <system-out><![CDATA[2017-11-13 12:19:39 - [TEST_CASE][PASSED] - Test Cases/2. Login/Sign Up: Test Cases/2. Login/Sign Up

2017-11-13 12:19:40 - [TEST_STEP][NOT_RUN] - openBrowser: NOT_RUN: openBrowser

2017-11-13 12:19:40 - [MESSAGE][NOT_RUN] - NOT_RUN: openBrowser

2017-11-13 12:19:40 - [TEST_STEP][NOT_RUN] - maximizeWindow: NOT_RUN: maximizeWindow

2017-11-13 12:19:40 - [MESSAGE][NOT_RUN] - NOT_RUN: maximizeWindow

2017-11-13 12:19:40 - [TEST_STEP][NOT_RUN] - navigateToUrl: NOT_RUN: navigateToUrl

2017-11-13 12:19:40 - [MESSAGE][NOT_RUN] - NOT_RUN: navigateToUrl

2017-11-13 12:19:40 - [TEST_STEP][PASSED] - click: Object: 'Object Repository/signup/start/span_Login' is clicked on

2017-11-13 12:19:40 - [MESSAGE][PASSED] - Object: 'Object Repository/signup/start/span_Login' is clicked on

2017-11-13 12:19:40 - [TEST_STEP][PASSED] - scrollToElement: Scroll to object 'Object Repository/signup/login/a_Sign Up' successfully

2017-11-13 12:19:40 - [MESSAGE][PASSED] - Scroll to object 'Object Repository/signup/login/a_Sign Up' successfully

2017-11-13 12:19:40 - [TEST_STEP][PASSED] - click: Object: 'Object Repository/signup/login/a_Sign Up' is clicked on

2017-11-13 12:19:40 - [MESSAGE][PASSED] - Object: 'Object Repository/signup/login/a_Sign Up' is clicked on

2017-11-13 12:19:40 - [TEST_STEP][PASSED] - Statement - date = new java.util.Date(): null

2017-11-13 12:19:40 - [TEST_STEP][PASSED] - Statement - df = new java.text.SimpleDateFormat(): null

2017-11-13 12:19:40 - [TEST_STEP][PASSED] - Statement - df.applyPattern("ddmmyyyyHHmmss"): null

2017-11-13 12:19:40 - [TEST_STEP][PASSED] - setText: Text 'Creme' is set on object 'Object Repository/signup/signup/input_username'

2017-11-13 12:19:41 - [MESSAGE][PASSED] - Text 'Creme' is set on object 'Object Repository/signup/signup/input_username'

2017-11-13 12:19:41 - [TEST_STEP][PASSED] - setText: Text '1234' is set on object 'Object Repository/signup/signup/input_password'

2017-11-13 12:19:41 - [MESSAGE][PASSED] - Text '1234' is set on object 'Object Repository/signup/signup/input_password'

2017-11-13 12:19:41 - [TEST_STEP][PASSED] - setText: Text '1234' is set on object 'Object Repository/signup/signup/input_cfpassword'

2017-11-13 12:19:41 - [MESSAGE][PASSED] - Text '1234' is set on object 'Object Repository/signup/signup/input_cfpassword'

2017-11-13 12:19:41 - [TEST_STEP][PASSED] - setText: Text 'Piratchana' is set on object 'Object Repository/signup/signup/input_first_name'

2017-11-13 12:19:42 - [MESSAGE][PASSED] - Text 'Piratchana' is set on object 'Object Repository/signup/signup/input_first_name'

2017-11-13 12:19:42 - [TEST_STEP][PASSED] - setText: Text 'Maksub' is set on object 'Object Repository/signup/signup/input_last_name'

2017-11-13 12:19:42 - [MESSAGE][PASSED] - Text 'Maksub' is set on object 'Object Repository/signup/signup/input_last_name'

2017-11-13 12:19:42 - [TEST_STEP][PASSED] - setText: Text 'Cprcn@gmail.com' is set on object 'Object Repository/signup/signup/input_email'

2017-11-13 12:19:42 - [MESSAGE][PASSED] - Text 'Cprcn@gmail.com' is set on object 'Object Repository/signup/signup/input_email'

2017-11-13 12:19:42 - [TEST_STEP][PASSED] - selectOptionByValue: All options with value '1' are selected in object 'Object Repository/signup/signup/select_question'  using regular expression

2017-11-13 12:19:43 - [MESSAGE][PASSED] - All options with value '1' are selected in object 'Object Repository/signup/signup/select_question'  using regular expression

2017-11-13 12:19:43 - [TEST_STEP][PASSED] - setText: Text 'Dog' is set on object 'Object Repository/signup/signup/input_answer'

2017-11-13 12:19:43 - [MESSAGE][PASSED] - Text 'Dog' is set on object 'Object Repository/signup/signup/input_answer'

2017-11-13 12:19:43 - [TEST_STEP][PASSED] - uploadFile: File 'C:\Penguins.jpg' sent to object: 'Object Repository/signup/signup/input_file-input'

2017-11-13 12:19:43 - [MESSAGE][PASSED] - File 'C:\Penguins.jpg' sent to object: 'Object Repository/signup/signup/input_file-input'

2017-11-13 12:19:43 - [TEST_STEP][PASSED] - setText: Text 'e' is set on object 'Object Repository/signup/signup/input_username'

2017-11-13 12:19:43 - [MESSAGE][PASSED] - Text 'e' is set on object 'Object Repository/signup/signup/input_username'

2017-11-13 12:19:43 - [TEST_STEP][PASSED] - sendKeys: Keys 'BACK_SPACE + ' sent to object: 'Object Repository/signup/signup/input_username'

2017-11-13 12:19:43 - [MESSAGE][PASSED] - Keys 'BACK_SPACE + ' sent to object: 'Object Repository/signup/signup/input_username'

2017-11-13 12:19:43 - [TEST_STEP][PASSED] - verifyElementNotClickable: Object 'Object Repository/signup/signup/button_Sign Up' is NOT clickable

2017-11-13 12:19:43 - [MESSAGE][PASSED] - Object 'Object Repository/signup/signup/button_Sign Up' is NOT clickable

2017-11-13 12:19:43 - [TEST_STEP][PASSED] - verifyElementPresent: Object 'Object Repository/signup/signup/Required/div_Username is required.' is present

2017-11-13 12:19:43 - [MESSAGE][PASSED] - Object 'Object Repository/signup/signup/Required/div_Username is required.' is present

2017-11-13 12:19:43 - [TEST_STEP][PASSED] - setText: Text 'Creme' is set on object 'Object Repository/signup/signup/input_username'

2017-11-13 12:19:43 - [MESSAGE][PASSED] - Text 'Creme' is set on object 'Object Repository/signup/signup/input_username'

2017-11-13 12:19:43 - [TEST_STEP][PASSED] - waitForElementClickable: Object 'Object Repository/signup/signup//button_Sign Up' is clickable

2017-11-13 12:19:43 - [MESSAGE][PASSED] - Object 'Object Repository/signup/signup//button_Sign Up' is clickable

2017-11-13 12:19:43 - [TEST_STEP][PASSED] - click: Object: 'Object Repository/signup/signup/button_Sign Up' is clicked on

2017-11-13 12:19:43 - [MESSAGE][PASSED] - Object: 'Object Repository/signup/signup/button_Sign Up' is clicked on

2017-11-13 12:19:43 - [TEST_STEP][PASSED] - verifyElementPresent: Object 'Object Repository/signup/signup//div_Username is existing accou' is present

2017-11-13 12:19:44 - [MESSAGE][PASSED] - Object 'Object Repository/signup/signup//div_Username is existing accou' is present

2017-11-13 12:19:44 - [TEST_STEP][PASSED] - click: Object: 'Object Repository/signup/signup//button_' is clicked on

2017-11-13 12:19:44 - [MESSAGE][PASSED] - Object: 'Object Repository/signup/signup//button_' is clicked on

2017-11-13 12:19:44 - [TEST_STEP][PASSED] - setText: Text 'e' is set on object 'Object Repository/signup/signup/input_password'

2017-11-13 12:19:44 - [MESSAGE][PASSED] - Text 'e' is set on object 'Object Repository/signup/signup/input_password'

2017-11-13 12:19:44 - [TEST_STEP][PASSED] - sendKeys: Keys 'BACK_SPACE + ' sent to object: 'Object Repository/signup/signup/input_password'

2017-11-13 12:19:44 - [MESSAGE][PASSED] - Keys 'BACK_SPACE + ' sent to object: 'Object Repository/signup/signup/input_password'

2017-11-13 12:19:44 - [TEST_STEP][PASSED] - verifyElementNotClickable: Object 'Object Repository/signup/signup/button_Sign Up' is NOT clickable

2017-11-13 12:19:44 - [MESSAGE][PASSED] - Object 'Object Repository/signup/signup/button_Sign Up' is NOT clickable

2017-11-13 12:19:44 - [TEST_STEP][PASSED] - verifyElementPresent: Object 'Object Repository/signup/signup/Required/div_Password is required.' is present

2017-11-13 12:19:44 - [MESSAGE][PASSED] - Object 'Object Repository/signup/signup/Required/div_Password is required.' is present

2017-11-13 12:19:44 - [TEST_STEP][PASSED] - setText: Text '1234' is set on object 'Object Repository/signup/signup/input_password'

2017-11-13 12:19:45 - [MESSAGE][PASSED] - Text '1234' is set on object 'Object Repository/signup/signup/input_password'

2017-11-13 12:19:45 - [TEST_STEP][PASSED] - setText: Text '54321' is set on object 'Object Repository/signup/signup/input_cfpassword'

2017-11-13 12:19:45 - [MESSAGE][PASSED] - Text '54321' is set on object 'Object Repository/signup/signup/input_cfpassword'

2017-11-13 12:19:45 - [TEST_STEP][PASSED] - verifyElementNotClickable: Object 'Object Repository/signup/signup/button_Sign Up' is NOT clickable

2017-11-13 12:19:45 - [MESSAGE][PASSED] - Object 'Object Repository/signup/signup/button_Sign Up' is NOT clickable

2017-11-13 12:19:45 - [TEST_STEP][PASSED] - verifyElementPresent: Object 'Object Repository/signup/signup/div_Password and Confirm Passw' is present

2017-11-13 12:19:45 - [MESSAGE][PASSED] - Object 'Object Repository/signup/signup/div_Password and Confirm Passw' is present

2017-11-13 12:19:45 - [TEST_STEP][PASSED] - setText: Text 'e' is set on object 'Object Repository/signup/signup/input_cfpassword'

2017-11-13 12:19:45 - [MESSAGE][PASSED] - Text 'e' is set on object 'Object Repository/signup/signup/input_cfpassword'

2017-11-13 12:19:45 - [TEST_STEP][PASSED] - sendKeys: Keys 'BACK_SPACE + ' sent to object: 'Object Repository/signup/signup/input_cfpassword'

2017-11-13 12:19:45 - [MESSAGE][PASSED] - Keys 'BACK_SPACE + ' sent to object: 'Object Repository/signup/signup/input_cfpassword'

2017-11-13 12:19:45 - [TEST_STEP][PASSED] - verifyElementNotClickable: Object 'Object Repository/signup/signup/button_Sign Up' is NOT clickable

2017-11-13 12:19:45 - [MESSAGE][PASSED] - Object 'Object Repository/signup/signup/button_Sign Up' is NOT clickable

2017-11-13 12:19:45 - [TEST_STEP][PASSED] - verifyElementPresent: Object 'Object Repository/signup/signup/div_Password and Confirm Passw' is present

2017-11-13 12:19:45 - [MESSAGE][PASSED] - Object 'Object Repository/signup/signup/div_Password and Confirm Passw' is present

2017-11-13 12:19:45 - [TEST_STEP][PASSED] - setText: Text '1234' is set on object 'Object Repository/signup/signup/input_cfpassword'

2017-11-13 12:19:45 - [MESSAGE][PASSED] - Text '1234' is set on object 'Object Repository/signup/signup/input_cfpassword'

2017-11-13 12:19:45 - [TEST_STEP][PASSED] - setText: Text 'e' is set on object 'Object Repository/signup/signup/input_first_name'

2017-11-13 12:19:45 - [MESSAGE][PASSED] - Text 'e' is set on object 'Object Repository/signup/signup/input_first_name'

2017-11-13 12:19:45 - [TEST_STEP][PASSED] - sendKeys: Keys 'BACK_SPACE + ' sent to object: 'Object Repository/signup/signup/input_first_name'

2017-11-13 12:19:45 - [MESSAGE][PASSED] - Keys 'BACK_SPACE + ' sent to object: 'Object Repository/signup/signup/input_first_name'

2017-11-13 12:19:45 - [TEST_STEP][PASSED] - verifyElementNotClickable: Object 'Object Repository/signup/signup/button_Sign Up' is NOT clickable

2017-11-13 12:19:45 - [MESSAGE][PASSED] - Object 'Object Repository/signup/signup/button_Sign Up' is NOT clickable

2017-11-13 12:19:45 - [TEST_STEP][PASSED] - verifyElementPresent: Object 'Object Repository/signup/signup/Required/div_Firstname is required.' is present

2017-11-13 12:19:45 - [MESSAGE][PASSED] - Object 'Object Repository/signup/signup/Required/div_Firstname is required.' is present

2017-11-13 12:19:45 - [TEST_STEP][PASSED] - setText: Text '55555' is set on object 'Object Repository/signup/signup/input_first_name'

2017-11-13 12:19:46 - [MESSAGE][PASSED] - Text '55555' is set on object 'Object Repository/signup/signup/input_first_name'

2017-11-13 12:19:46 - [TEST_STEP][PASSED] - verifyElementNotClickable: Object 'Object Repository/signup/signup/button_Sign Up' is NOT clickable

2017-11-13 12:19:46 - [MESSAGE][PASSED] - Object 'Object Repository/signup/signup/button_Sign Up' is NOT clickable

2017-11-13 12:19:46 - [TEST_STEP][PASSED] - verifyElementPresent: Object 'Object Repository/signup/signup//div_Firstname is not pattern.' is present

2017-11-13 12:19:46 - [MESSAGE][PASSED] - Object 'Object Repository/signup/signup//div_Firstname is not pattern.' is present

2017-11-13 12:19:46 - [TEST_STEP][PASSED] - setText: Text 'Piratchana' is set on object 'Object Repository/signup/signup/input_first_name'

2017-11-13 12:19:46 - [MESSAGE][PASSED] - Text 'Piratchana' is set on object 'Object Repository/signup/signup/input_first_name'

2017-11-13 12:19:46 - [TEST_STEP][PASSED] - setText: Text 'e' is set on object 'Object Repository/signup/signup/input_last_name'

2017-11-13 12:19:46 - [MESSAGE][PASSED] - Text 'e' is set on object 'Object Repository/signup/signup/input_last_name'

2017-11-13 12:19:46 - [TEST_STEP][PASSED] - sendKeys: Keys 'BACK_SPACE + ' sent to object: 'Object Repository/signup/signup/input_last_name'

2017-11-13 12:19:46 - [MESSAGE][PASSED] - Keys 'BACK_SPACE + ' sent to object: 'Object Repository/signup/signup/input_last_name'

2017-11-13 12:19:46 - [TEST_STEP][PASSED] - verifyElementNotClickable: Object 'Object Repository/signup/signup/button_Sign Up' is NOT clickable

2017-11-13 12:19:46 - [MESSAGE][PASSED] - Object 'Object Repository/signup/signup/button_Sign Up' is NOT clickable

2017-11-13 12:19:46 - [TEST_STEP][PASSED] - verifyElementPresent: Object 'Object Repository/signup/signup/Required/div_Lastname is required.' is present

2017-11-13 12:19:46 - [MESSAGE][PASSED] - Object 'Object Repository/signup/signup/Required/div_Lastname is required.' is present

2017-11-13 12:19:46 - [TEST_STEP][PASSED] - setText: Text '55555' is set on object 'Object Repository/signup/signup/input_last_name'

2017-11-13 12:19:46 - [MESSAGE][PASSED] - Text '55555' is set on object 'Object Repository/signup/signup/input_last_name'

2017-11-13 12:19:46 - [TEST_STEP][PASSED] - verifyElementNotClickable: Object 'Object Repository/signup/signup/button_Sign Up' is NOT clickable

2017-11-13 12:19:46 - [MESSAGE][PASSED] - Object 'Object Repository/signup/signup/button_Sign Up' is NOT clickable

2017-11-13 12:19:46 - [TEST_STEP][PASSED] - verifyElementPresent: Object 'Object Repository/signup/signup//div_Lastname is not pattern.' is present

2017-11-13 12:19:46 - [MESSAGE][PASSED] - Object 'Object Repository/signup/signup//div_Lastname is not pattern.' is present

2017-11-13 12:19:46 - [TEST_STEP][PASSED] - setText: Text 'Maksub' is set on object 'Object Repository/signup/signup/input_last_name'

2017-11-13 12:19:46 - [MESSAGE][PASSED] - Text 'Maksub' is set on object 'Object Repository/signup/signup/input_last_name'

2017-11-13 12:19:46 - [TEST_STEP][PASSED] - setText: Text 'e' is set on object 'Object Repository/signup/signup/input_email'

2017-11-13 12:19:46 - [MESSAGE][PASSED] - Text 'e' is set on object 'Object Repository/signup/signup/input_email'

2017-11-13 12:19:46 - [TEST_STEP][PASSED] - sendKeys: Keys 'BACK_SPACE + ' sent to object: 'Object Repository/signup/signup/input_email'

2017-11-13 12:19:47 - [MESSAGE][PASSED] - Keys 'BACK_SPACE + ' sent to object: 'Object Repository/signup/signup/input_email'

2017-11-13 12:19:47 - [TEST_STEP][PASSED] - verifyElementNotClickable: Object 'Object Repository/signup/signup/button_Sign Up' is NOT clickable

2017-11-13 12:19:47 - [MESSAGE][PASSED] - Object 'Object Repository/signup/signup/button_Sign Up' is NOT clickable

2017-11-13 12:19:47 - [TEST_STEP][PASSED] - verifyElementPresent: Object 'Object Repository/signup/signup/Required/div_Email is required.' is present

2017-11-13 12:19:47 - [MESSAGE][PASSED] - Object 'Object Repository/signup/signup/Required/div_Email is required.' is present

2017-11-13 12:19:47 - [TEST_STEP][PASSED] - setText: Text 'Cprcnnnnnn' is set on object 'Object Repository/signup/signup/input_email'

2017-11-13 12:19:47 - [MESSAGE][PASSED] - Text 'Cprcnnnnnn' is set on object 'Object Repository/signup/signup/input_email'

2017-11-13 12:19:47 - [TEST_STEP][PASSED] - verifyElementNotClickable: Object 'Object Repository/signup/signup/button_Sign Up' is NOT clickable

2017-11-13 12:19:47 - [MESSAGE][PASSED] - Object 'Object Repository/signup/signup/button_Sign Up' is NOT clickable

2017-11-13 12:19:47 - [TEST_STEP][PASSED] - verifyElementPresent: Object 'Object Repository/signup/signup//div_Email is not pattern.' is present

2017-11-13 12:19:47 - [MESSAGE][PASSED] - Object 'Object Repository/signup/signup//div_Email is not pattern.' is present

2017-11-13 12:19:47 - [TEST_STEP][PASSED] - setText: Text 'Cprcn@gmail.com' is set on object 'Object Repository/signup/signup/input_email'

2017-11-13 12:19:47 - [MESSAGE][PASSED] - Text 'Cprcn@gmail.com' is set on object 'Object Repository/signup/signup/input_email'

2017-11-13 12:19:47 - [TEST_STEP][PASSED] - selectOptionByIndex: All options with index in [0] are selected on object 'Object Repository/signup/signup/select_question'

2017-11-13 12:19:47 - [MESSAGE][PASSED] - All options with index in [0] are selected on object 'Object Repository/signup/signup/select_question'

2017-11-13 12:19:47 - [TEST_STEP][PASSED] - verifyElementNotClickable: Object 'Object Repository/signup/signup/button_Sign Up' is NOT clickable

2017-11-13 12:19:47 - [MESSAGE][PASSED] - Object 'Object Repository/signup/signup/button_Sign Up' is NOT clickable

2017-11-13 12:19:47 - [TEST_STEP][PASSED] - verifyElementPresent: Object 'Object Repository/signup/signup/Required/div_Question is required.' is present

2017-11-13 12:19:47 - [MESSAGE][PASSED] - Object 'Object Repository/signup/signup/Required/div_Question is required.' is present

2017-11-13 12:19:47 - [TEST_STEP][PASSED] - selectOptionByValue: All options with value '1' are selected in object 'Object Repository/signup/signup/select_question'  using regular expression

2017-11-13 12:19:47 - [MESSAGE][PASSED] - All options with value '1' are selected in object 'Object Repository/signup/signup/select_question'  using regular expression

2017-11-13 12:19:47 - [TEST_STEP][PASSED] - setText: Text 'e' is set on object 'Object Repository/signup/signup/input_answer'

2017-11-13 12:19:48 - [MESSAGE][PASSED] - Text 'e' is set on object 'Object Repository/signup/signup/input_answer'

2017-11-13 12:19:48 - [TEST_STEP][PASSED] - sendKeys: Keys 'BACK_SPACE + ' sent to object: 'Object Repository/signup/signup/input_answer'

2017-11-13 12:19:48 - [MESSAGE][PASSED] - Keys 'BACK_SPACE + ' sent to object: 'Object Repository/signup/signup/input_answer'

2017-11-13 12:19:48 - [TEST_STEP][PASSED] - verifyElementNotClickable: Object 'Object Repository/signup/signup/button_Sign Up' is NOT clickable

2017-11-13 12:19:48 - [MESSAGE][PASSED] - Object 'Object Repository/signup/signup/button_Sign Up' is NOT clickable

2017-11-13 12:19:48 - [TEST_STEP][PASSED] - verifyElementPresent: Object 'Object Repository/signup/signup/Required/div_Answer is required.' is present

2017-11-13 12:19:48 - [MESSAGE][PASSED] - Object 'Object Repository/signup/signup/Required/div_Answer is required.' is present

2017-11-13 12:19:48 - [TEST_STEP][PASSED] - setText: Text 'Dog' is set on object 'Object Repository/signup/signup/input_answer'

2017-11-13 12:19:48 - [MESSAGE][PASSED] - Text 'Dog' is set on object 'Object Repository/signup/signup/input_answer'

2017-11-13 12:19:48 - [TEST_STEP][PASSED] - setText: Text '13192017121940' is set on object 'Object Repository/signup/signup/input_username'

2017-11-13 12:19:48 - [MESSAGE][PASSED] - Text '13192017121940' is set on object 'Object Repository/signup/signup/input_username'

2017-11-13 12:19:48 - [TEST_STEP][PASSED] - click: Object: 'Object Repository/signup/signup/button_Sign Up' is clicked on

2017-11-13 12:19:48 - [MESSAGE][PASSED] - Object: 'Object Repository/signup/signup/button_Sign Up' is clicked on

2017-11-13 12:19:48 - [TEST_STEP][PASSED] - verifyElementPresent: Object 'Object Repository/signup/signup/div_Sign Up Successful' is present

2017-11-13 12:19:49 - [MESSAGE][PASSED] - Object 'Object Repository/signup/signup/div_Sign Up Successful' is present

2017-11-13 12:19:49 - [TEST_STEP][PASSED] - click: Object: 'Object Repository/signup/signup//button_' is clicked on

2017-11-13 12:19:49 - [MESSAGE][PASSED] - Object: 'Object Repository/signup/signup//button_' is clicked on

2017-11-13 12:19:49 - [TEST_STEP][PASSED] - scrollToElement: Scroll to object 'Object Repository/signup/start/span_Login' successfully

2017-11-13 12:19:49 - [MESSAGE][PASSED] - Scroll to object 'Object Repository/signup/start/span_Login' successfully

2017-11-13 12:19:49 - [TEST_STEP][NOT_RUN] - closeBrowser: NOT_RUN: closeBrowser

2017-11-13 12:19:49 - [MESSAGE][NOT_RUN] - NOT_RUN: closeBrowser]]></system-out>
         <system-err><![CDATA[]]></system-err>
      </testcase>
      <testcase name="Test Cases/2. Login/Login" classname="Test Cases/2. Login/Login" status="PASSED">
         <system-out><![CDATA[2017-11-13 12:19:49 - [TEST_CASE][PASSED] - Test Cases/2. Login/Login: Test Cases/2. Login/Login

2017-11-13 12:19:49 - [TEST_STEP][NOT_RUN] - openBrowser: NOT_RUN: openBrowser

2017-11-13 12:19:49 - [MESSAGE][NOT_RUN] - NOT_RUN: openBrowser

2017-11-13 12:19:49 - [TEST_STEP][NOT_RUN] - maximizeWindow: NOT_RUN: maximizeWindow

2017-11-13 12:19:49 - [MESSAGE][NOT_RUN] - NOT_RUN: maximizeWindow

2017-11-13 12:19:49 - [TEST_STEP][NOT_RUN] - navigateToUrl: NOT_RUN: navigateToUrl

2017-11-13 12:19:49 - [MESSAGE][NOT_RUN] - NOT_RUN: navigateToUrl

2017-11-13 12:19:49 - [TEST_STEP][PASSED] - click: Object: 'Object Repository/Page_Guru TMDA/span_Login' is clicked on

2017-11-13 12:19:50 - [MESSAGE][PASSED] - Object: 'Object Repository/Page_Guru TMDA/span_Login' is clicked on

2017-11-13 12:19:50 - [TEST_STEP][PASSED] - setText: Text '1234' is set on object 'Object Repository/Page_Guru TMDA (1)/input_ng-untouched ng-pristine'

2017-11-13 12:19:50 - [MESSAGE][PASSED] - Text '1234' is set on object 'Object Repository/Page_Guru TMDA (1)/input_ng-untouched ng-pristine'

2017-11-13 12:19:50 - [TEST_STEP][PASSED] - submit: The form containing object: 'Object Repository/Page_Guru TMDA (1)/button_Login' is submitted

2017-11-13 12:19:50 - [MESSAGE][PASSED] - The form containing object: 'Object Repository/Page_Guru TMDA (1)/button_Login' is submitted

2017-11-13 12:19:50 - [TEST_STEP][PASSED] - verifyElementPresent: Object 'Object Repository/Login/div_Username is not null.' is present

2017-11-13 12:19:50 - [MESSAGE][PASSED] - Object 'Object Repository/Login/div_Username is not null.' is present

2017-11-13 12:19:50 - [TEST_STEP][PASSED] - setText: Text 'Cremeee' is set on object 'Object Repository/Page_Guru TMDA (1)/input_ng-untouched ng-valid ng'

2017-11-13 12:19:50 - [MESSAGE][PASSED] - Text 'Cremeee' is set on object 'Object Repository/Page_Guru TMDA (1)/input_ng-untouched ng-valid ng'

2017-11-13 12:19:50 - [TEST_STEP][PASSED] - submit: The form containing object: 'Object Repository/Page_Guru TMDA (1)/button_Login' is submitted

2017-11-13 12:19:50 - [MESSAGE][PASSED] - The form containing object: 'Object Repository/Page_Guru TMDA (1)/button_Login' is submitted

2017-11-13 12:19:50 - [TEST_STEP][PASSED] - verifyElementPresent: Object 'Object Repository/Login/div_User Not Found' is present

2017-11-13 12:19:51 - [MESSAGE][PASSED] - Object 'Object Repository/Login/div_User Not Found' is present

2017-11-13 12:19:51 - [TEST_STEP][PASSED] - setText: Text 'bbb' is set on object 'Object Repository/Page_Guru TMDA (1)/input_ng-untouched ng-valid ng'

2017-11-13 12:19:51 - [MESSAGE][PASSED] - Text 'bbb' is set on object 'Object Repository/Page_Guru TMDA (1)/input_ng-untouched ng-valid ng'

2017-11-13 12:19:51 - [TEST_STEP][PASSED] - setText: Text 'bbb' is set on object 'Object Repository/Page_Guru TMDA (1)/input_ng-untouched ng-pristine'

2017-11-13 12:19:51 - [MESSAGE][PASSED] - Text 'bbb' is set on object 'Object Repository/Page_Guru TMDA (1)/input_ng-untouched ng-pristine'

2017-11-13 12:19:51 - [TEST_STEP][PASSED] - submit: The form containing object: 'Object Repository/Page_Guru TMDA (1)/button_Login' is submitted

2017-11-13 12:19:51 - [MESSAGE][PASSED] - The form containing object: 'Object Repository/Page_Guru TMDA (1)/button_Login' is submitted

2017-11-13 12:19:51 - [TEST_STEP][PASSED] - verifyElementPresent: Object 'Object Repository/Login/div_User Not Activate' is present

2017-11-13 12:19:51 - [MESSAGE][PASSED] - Object 'Object Repository/Login/div_User Not Activate' is present

2017-11-13 12:19:51 - [TEST_STEP][PASSED] - setText: Text 'Creme' is set on object 'Object Repository/Page_Guru TMDA (1)/input_ng-untouched ng-valid ng'

2017-11-13 12:19:51 - [MESSAGE][PASSED] - Text 'Creme' is set on object 'Object Repository/Page_Guru TMDA (1)/input_ng-untouched ng-valid ng'

2017-11-13 12:19:51 - [TEST_STEP][PASSED] - setText: Text 'e' is set on object 'Object Repository/Page_Guru TMDA (1)/input_ng-untouched ng-pristine'

2017-11-13 12:19:52 - [MESSAGE][PASSED] - Text 'e' is set on object 'Object Repository/Page_Guru TMDA (1)/input_ng-untouched ng-pristine'

2017-11-13 12:19:52 - [TEST_STEP][PASSED] - sendKeys: Keys 'BACK_SPACE + ' sent to object: 'Object Repository/Page_Guru TMDA (1)/input_ng-untouched ng-pristine'

2017-11-13 12:19:52 - [MESSAGE][PASSED] - Keys 'BACK_SPACE + ' sent to object: 'Object Repository/Page_Guru TMDA (1)/input_ng-untouched ng-pristine'

2017-11-13 12:19:52 - [TEST_STEP][PASSED] - submit: The form containing object: 'Object Repository/Page_Guru TMDA (1)/button_Login' is submitted

2017-11-13 12:19:52 - [MESSAGE][PASSED] - The form containing object: 'Object Repository/Page_Guru TMDA (1)/button_Login' is submitted

2017-11-13 12:19:52 - [TEST_STEP][PASSED] - verifyElementPresent: Object 'Object Repository/Login/div_Password is not null.' is present

2017-11-13 12:19:52 - [MESSAGE][PASSED] - Object 'Object Repository/Login/div_Password is not null.' is present

2017-11-13 12:19:52 - [TEST_STEP][PASSED] - setText: Text '55555' is set on object 'Object Repository/Page_Guru TMDA (1)/input_ng-untouched ng-pristine'

2017-11-13 12:19:52 - [MESSAGE][PASSED] - Text '55555' is set on object 'Object Repository/Page_Guru TMDA (1)/input_ng-untouched ng-pristine'

2017-11-13 12:19:52 - [TEST_STEP][PASSED] - submit: The form containing object: 'Object Repository/Page_Guru TMDA (1)/button_Login' is submitted

2017-11-13 12:19:52 - [MESSAGE][PASSED] - The form containing object: 'Object Repository/Page_Guru TMDA (1)/button_Login' is submitted

2017-11-13 12:19:52 - [TEST_STEP][PASSED] - verifyElementPresent: Object 'Object Repository/Login/div_Incorrect Password' is present

2017-11-13 12:19:52 - [MESSAGE][PASSED] - Object 'Object Repository/Login/div_Incorrect Password' is present

2017-11-13 12:19:52 - [TEST_STEP][PASSED] - setText: Text '1234' is set on object 'Object Repository/Page_Guru TMDA (1)/input_ng-untouched ng-pristine'

2017-11-13 12:19:52 - [MESSAGE][PASSED] - Text '1234' is set on object 'Object Repository/Page_Guru TMDA (1)/input_ng-untouched ng-pristine'

2017-11-13 12:19:52 - [TEST_STEP][PASSED] - submit: The form containing object: 'Object Repository/Page_Guru TMDA (1)/button_Login' is submitted

2017-11-13 12:19:52 - [MESSAGE][PASSED] - The form containing object: 'Object Repository/Page_Guru TMDA (1)/button_Login' is submitted

2017-11-13 12:19:52 - [TEST_STEP][PASSED] - verifyElementPresent: Object 'Object Repository/Page_Guru TMDA (7)/a_Help' is present

2017-11-13 12:19:52 - [MESSAGE][WARNING] - Timeout '0' is invalid. Using default page load timeout: '30'

2017-11-13 12:19:53 - [MESSAGE][PASSED] - Object 'Object Repository/Page_Guru TMDA (7)/a_Help' is present

2017-11-13 12:19:53 - [TEST_STEP][NOT_RUN] - closeBrowser: NOT_RUN: closeBrowser

2017-11-13 12:19:53 - [MESSAGE][NOT_RUN] - NOT_RUN: closeBrowser]]></system-out>
         <system-err><![CDATA[]]></system-err>
      </testcase>
      <testcase name="Test Cases/3. Menu Text Prediction/Single Verbatim with login" classname="Test Cases/3. Menu Text Prediction/Single Verbatim with login" status="PASSED">
         <system-out><![CDATA[2017-11-13 12:19:53 - [TEST_CASE][PASSED] - Test Cases/3. Menu Text Prediction/Single Verbatim with login: Test Cases/3. Menu Text Prediction/Single Verbatim with login

2017-11-13 12:19:53 - [TEST_STEP][NOT_RUN] - openBrowser: NOT_RUN: openBrowser

2017-11-13 12:19:53 - [MESSAGE][NOT_RUN] - NOT_RUN: openBrowser

2017-11-13 12:19:53 - [TEST_STEP][NOT_RUN] - maximizeWindow: NOT_RUN: maximizeWindow

2017-11-13 12:19:53 - [MESSAGE][NOT_RUN] - NOT_RUN: maximizeWindow

2017-11-13 12:19:53 - [TEST_STEP][NOT_RUN] - navigateToUrl: NOT_RUN: navigateToUrl

2017-11-13 12:19:53 - [MESSAGE][NOT_RUN] - NOT_RUN: navigateToUrl

2017-11-13 12:19:53 - [TEST_STEP][NOT_RUN] - click: NOT_RUN: click

2017-11-13 12:19:53 - [MESSAGE][NOT_RUN] - NOT_RUN: click

2017-11-13 12:19:53 - [TEST_STEP][NOT_RUN] - setText: NOT_RUN: setText

2017-11-13 12:19:53 - [MESSAGE][NOT_RUN] - NOT_RUN: setText

2017-11-13 12:19:53 - [TEST_STEP][NOT_RUN] - setText: NOT_RUN: setText

2017-11-13 12:19:53 - [MESSAGE][NOT_RUN] - NOT_RUN: setText

2017-11-13 12:19:53 - [TEST_STEP][NOT_RUN] - click: NOT_RUN: click

2017-11-13 12:19:53 - [MESSAGE][NOT_RUN] - NOT_RUN: click

2017-11-13 12:19:53 - [TEST_STEP][PASSED] - click: Object: 'Object Repository/Page single/Page_Guru TMDA/button_btn btn-link' is clicked on

2017-11-13 12:19:53 - [MESSAGE][PASSED] - Object: 'Object Repository/Page single/Page_Guru TMDA/button_btn btn-link' is clicked on

2017-11-13 12:19:53 - [TEST_STEP][PASSED] - verifyElementPresent: Object 'Object Repository/single verbatim with login/span_Verbatim is not null' is present

2017-11-13 12:19:53 - [MESSAGE][PASSED] - Object 'Object Repository/single verbatim with login/span_Verbatim is not null' is present

2017-11-13 12:19:53 - [TEST_STEP][PASSED] - setText: Text 'บริการดีแต่รอคิวนาน' is set on object 'Object Repository/Page_Guru TMDA (2)/input_input-text w3-large inpu'

2017-11-13 12:19:54 - [MESSAGE][PASSED] - Text 'บริการดีแต่รอคิวนาน' is set on object 'Object Repository/Page_Guru TMDA (2)/input_input-text w3-large inpu'

2017-11-13 12:19:54 - [TEST_STEP][PASSED] - click: Object: 'Object Repository/Page single/Page_Guru TMDA/button_btn btn-link' is clicked on

2017-11-13 12:19:54 - [MESSAGE][PASSED] - Object: 'Object Repository/Page single/Page_Guru TMDA/button_btn btn-link' is clicked on

2017-11-13 12:19:54 - [TEST_STEP][PASSED] - verifyElementPresent: Object 'Object Repository/Page_Guru TMDA (2)/div_row' is present

2017-11-13 12:20:13 - [MESSAGE][PASSED] - Object 'Object Repository/Page_Guru TMDA (2)/div_row' is present

2017-11-13 12:20:13 - [TEST_STEP][PASSED] - verifyElementPresent: Object 'Object Repository/Page_Guru TMDA (2)/div_predict-result' is present

2017-11-13 12:20:13 - [MESSAGE][PASSED] - Object 'Object Repository/Page_Guru TMDA (2)/div_predict-result' is present

2017-11-13 12:20:13 - [TEST_STEP][PASSED] - setText: Text 'โคยยยยย' is set on object 'Object Repository/Page_Guru TMDA (2)/input_input-text w3-large inpu'

2017-11-13 12:20:13 - [MESSAGE][PASSED] - Text 'โคยยยยย' is set on object 'Object Repository/Page_Guru TMDA (2)/input_input-text w3-large inpu'

2017-11-13 12:20:13 - [TEST_STEP][PASSED] - click: Object: 'Object Repository/single verbatim with login//button_btn btn-link' is clicked on

2017-11-13 12:20:13 - [MESSAGE][PASSED] - Object: 'Object Repository/single verbatim with login//button_btn btn-link' is clicked on

2017-11-13 12:20:13 - [TEST_STEP][PASSED] - verifyElementPresent: Object 'Object Repository/Page_Guru TMDA (2)/div_predict-result' is present

2017-11-13 12:20:33 - [MESSAGE][PASSED] - Object 'Object Repository/Page_Guru TMDA (2)/div_predict-result' is present

2017-11-13 12:20:33 - [TEST_STEP][PASSED] - verifyElementPresent: Object 'Object Repository/single verbatim with login/img' is present

2017-11-13 12:20:33 - [MESSAGE][PASSED] - Object 'Object Repository/single verbatim with login/img' is present

2017-11-13 12:20:33 - [TEST_STEP][NOT_RUN] - closeBrowser: NOT_RUN: closeBrowser

2017-11-13 12:20:33 - [MESSAGE][NOT_RUN] - NOT_RUN: closeBrowser]]></system-out>
         <system-err><![CDATA[]]></system-err>
      </testcase>
      <testcase name="Test Cases/3. Menu Text Prediction/Upload File without labelling" classname="Test Cases/3. Menu Text Prediction/Upload File without labelling" status="PASSED">
         <system-out><![CDATA[2017-11-13 12:20:33 - [TEST_CASE][PASSED] - Test Cases/3. Menu Text Prediction/Upload File without labelling: Test Cases/3. Menu Text Prediction/Upload File without labelling

2017-11-13 12:20:33 - [TEST_STEP][NOT_RUN] - openBrowser: NOT_RUN: openBrowser

2017-11-13 12:20:33 - [MESSAGE][NOT_RUN] - NOT_RUN: openBrowser

2017-11-13 12:20:33 - [TEST_STEP][NOT_RUN] - maximizeWindow: NOT_RUN: maximizeWindow

2017-11-13 12:20:33 - [MESSAGE][NOT_RUN] - NOT_RUN: maximizeWindow

2017-11-13 12:20:33 - [TEST_STEP][NOT_RUN] - navigateToUrl: NOT_RUN: navigateToUrl

2017-11-13 12:20:33 - [MESSAGE][NOT_RUN] - NOT_RUN: navigateToUrl

2017-11-13 12:20:33 - [TEST_STEP][NOT_RUN] - click: NOT_RUN: click

2017-11-13 12:20:33 - [MESSAGE][NOT_RUN] - NOT_RUN: click

2017-11-13 12:20:33 - [TEST_STEP][NOT_RUN] - setText: NOT_RUN: setText

2017-11-13 12:20:33 - [MESSAGE][NOT_RUN] - NOT_RUN: setText

2017-11-13 12:20:33 - [TEST_STEP][NOT_RUN] - setText: NOT_RUN: setText

2017-11-13 12:20:33 - [MESSAGE][NOT_RUN] - NOT_RUN: setText

2017-11-13 12:20:33 - [TEST_STEP][NOT_RUN] - click: NOT_RUN: click

2017-11-13 12:20:33 - [MESSAGE][NOT_RUN] - NOT_RUN: click

2017-11-13 12:20:33 - [TEST_STEP][PASSED] - click: Object: 'Object Repository/Page_Guru TMDA (3)/a_Text Prediction' is clicked on

2017-11-13 12:20:33 - [MESSAGE][PASSED] - Object: 'Object Repository/Page_Guru TMDA (3)/a_Text Prediction' is clicked on

2017-11-13 12:20:33 - [TEST_STEP][PASSED] - click: Object: 'Object Repository/Page_Guru TMDA (3)/a_Upload File' is clicked on

2017-11-13 12:20:34 - [MESSAGE][PASSED] - Object: 'Object Repository/Page_Guru TMDA (3)/a_Upload File' is clicked on

2017-11-13 12:20:34 - [TEST_STEP][PASSED] - verifyElementNotClickable: Object 'Object Repository/Page_Guru TMDA (5)/button_Upload' is NOT clickable

2017-11-13 12:20:34 - [MESSAGE][PASSED] - Object 'Object Repository/Page_Guru TMDA (5)/button_Upload' is NOT clickable

2017-11-13 12:20:34 - [TEST_STEP][PASSED] - uploadFile: File 'C:\Penguins.jpg' sent to object: 'Object Repository/Page_Guru TMDA (6)/Page_Guru TMDA (4)/input_upfile'

2017-11-13 12:20:34 - [MESSAGE][PASSED] - File 'C:\Penguins.jpg' sent to object: 'Object Repository/Page_Guru TMDA (6)/Page_Guru TMDA (4)/input_upfile'

2017-11-13 12:20:34 - [TEST_STEP][PASSED] - waitForElementClickable: Object 'Object Repository/Page_Guru TMDA (5)/button_Upload' is clickable

2017-11-13 12:20:34 - [MESSAGE][PASSED] - Object 'Object Repository/Page_Guru TMDA (5)/button_Upload' is clickable

2017-11-13 12:20:34 - [TEST_STEP][PASSED] - click: Object: 'Object Repository/Page_Guru TMDA (5)/button_Upload' is clicked on

2017-11-13 12:20:34 - [MESSAGE][PASSED] - Object: 'Object Repository/Page_Guru TMDA (5)/button_Upload' is clicked on

2017-11-13 12:20:34 - [TEST_STEP][PASSED] - waitForElementNotPresent: Web element with id: 'Object Repository/Page_Guru TMDA (6)/Page_Guru TMDA (5)/Page_Guru TMDA/div_progress-bar-zone' located by 'By.xpath: //div[count(. | /html[1]/body[1]/my-app[1]/app-multiple-verbatim[1]/div[@class="popup-zone"]/div[@class="progress-bar-zone"]) = count(/html[1]/body[1]/my-app[1]/app-multiple-verbatim[1]/div[@class="popup-zone"]/div[@class="progress-bar-zone"])]' is not present after '5' second(s)

2017-11-13 12:20:35 - [MESSAGE][PASSED] - Web element with id: 'Object Repository/Page_Guru TMDA (6)/Page_Guru TMDA (5)/Page_Guru TMDA/div_progress-bar-zone' located by 'By.xpath: //div[count(. | /html[1]/body[1]/my-app[1]/app-multiple-verbatim[1]/div[@class="popup-zone"]/div[@class="progress-bar-zone"]) = count(/html[1]/body[1]/my-app[1]/app-multiple-verbatim[1]/div[@class="popup-zone"]/div[@class="progress-bar-zone"])]' is not present after '5' second(s)

2017-11-13 12:20:35 - [TEST_STEP][PASSED] - verifyElementPresent: Object 'Object Repository/Upload file without Labeling/Uploading/div_File Not Type of Excel' is present

2017-11-13 12:20:36 - [MESSAGE][PASSED] - Object 'Object Repository/Upload file without Labeling/Uploading/div_File Not Type of Excel' is present

2017-11-13 12:20:36 - [TEST_STEP][PASSED] - click: Object: 'Object Repository/Upload file without Labeling/Uploading/button_ close Not type of excel' is clicked on

2017-11-13 12:20:36 - [MESSAGE][PASSED] - Object: 'Object Repository/Upload file without Labeling/Uploading/button_ close Not type of excel' is clicked on

2017-11-13 12:20:36 - [TEST_STEP][PASSED] - waitForElementNotPresent: Web element with id: 'Object Repository/Upload file without Labeling/Uploading//div_File Not Type of Excel' located by 'By.xpath: //div[count(. | //*[@class = 'w3-xlarge w3-text-gray w3-padding-16']) = count(//*[@class = 'w3-xlarge w3-text-gray w3-padding-16'])][count(. | //*[text() = 'File Not Type of Excel!']) = count(//*[text() = 'File Not Type of Excel!'])][count(. | id("swal2-content")/div[@class="w3-white"]/div[@class="w3-xlarge w3-text-gray w3-padding-16"]) = count(id("swal2-content")/div[@class="w3-white"]/div[@class="w3-xlarge w3-text-gray w3-padding-16"])]' is not present after '5' second(s)

2017-11-13 12:20:36 - [MESSAGE][PASSED] - Web element with id: 'Object Repository/Upload file without Labeling/Uploading//div_File Not Type of Excel' located by 'By.xpath: //div[count(. | //*[@class = 'w3-xlarge w3-text-gray w3-padding-16']) = count(//*[@class = 'w3-xlarge w3-text-gray w3-padding-16'])][count(. | //*[text() = 'File Not Type of Excel!']) = count(//*[text() = 'File Not Type of Excel!'])][count(. | id("swal2-content")/div[@class="w3-white"]/div[@class="w3-xlarge w3-text-gray w3-padding-16"]) = count(id("swal2-content")/div[@class="w3-white"]/div[@class="w3-xlarge w3-text-gray w3-padding-16"])]' is not present after '5' second(s)

2017-11-13 12:20:36 - [TEST_STEP][PASSED] - uploadFile: File 'C:\test-Copy1.xlsx' sent to object: 'Object Repository/Page_Guru TMDA (6)/Page_Guru TMDA (4)/input_upfile'

2017-11-13 12:20:36 - [MESSAGE][PASSED] - File 'C:\test-Copy1.xlsx' sent to object: 'Object Repository/Page_Guru TMDA (6)/Page_Guru TMDA (4)/input_upfile'

2017-11-13 12:20:36 - [TEST_STEP][PASSED] - click: Object: 'Object Repository/Page_Guru TMDA (5)/button_Upload' is clicked on

2017-11-13 12:20:36 - [MESSAGE][PASSED] - Object: 'Object Repository/Page_Guru TMDA (5)/button_Upload' is clicked on

2017-11-13 12:20:36 - [TEST_STEP][PASSED] - waitForElementNotPresent: Web element with id: 'Object Repository/Page_Guru TMDA (6)/Page_Guru TMDA (5)/Page_Guru TMDA/div_progress-bar-zone' located by 'By.xpath: //div[count(. | /html[1]/body[1]/my-app[1]/app-multiple-verbatim[1]/div[@class="popup-zone"]/div[@class="progress-bar-zone"]) = count(/html[1]/body[1]/my-app[1]/app-multiple-verbatim[1]/div[@class="popup-zone"]/div[@class="progress-bar-zone"])]' is not present after '5' second(s)

2017-11-13 12:20:38 - [MESSAGE][PASSED] - Web element with id: 'Object Repository/Page_Guru TMDA (6)/Page_Guru TMDA (5)/Page_Guru TMDA/div_progress-bar-zone' located by 'By.xpath: //div[count(. | /html[1]/body[1]/my-app[1]/app-multiple-verbatim[1]/div[@class="popup-zone"]/div[@class="progress-bar-zone"]) = count(/html[1]/body[1]/my-app[1]/app-multiple-verbatim[1]/div[@class="popup-zone"]/div[@class="progress-bar-zone"])]' is not present after '5' second(s)

2017-11-13 12:20:38 - [TEST_STEP][NOT_RUN] - click: NOT_RUN: click

2017-11-13 12:20:38 - [MESSAGE][NOT_RUN] - NOT_RUN: click

2017-11-13 12:20:38 - [TEST_STEP][PASSED] - selectOptionByIndex: All options with index in [1] are selected on object 'Object Repository/Page_Guru TMDA (5)/select_sheet'

2017-11-13 12:20:38 - [MESSAGE][PASSED] - All options with index in [1] are selected on object 'Object Repository/Page_Guru TMDA (5)/select_sheet'

2017-11-13 12:20:38 - [TEST_STEP][PASSED] - waitForElementPresent: Object 'Object Repository/Page_Guru TMDA (6)/Page_Guru TMDA (1)/div_w3-padding-32 w3-center' is present

2017-11-13 12:20:41 - [MESSAGE][PASSED] - Object 'Object Repository/Page_Guru TMDA (6)/Page_Guru TMDA (1)/div_w3-padding-32 w3-center' is present

2017-11-13 12:20:41 - [TEST_STEP][PASSED] - verifyElementPresent: Object 'Object Repository/Upload file without Labeling/Uploading/div_Your file is not verified.' is present

2017-11-13 12:20:41 - [MESSAGE][PASSED] - Object 'Object Repository/Upload file without Labeling/Uploading/div_Your file is not verified.' is present

2017-11-13 12:20:41 - [TEST_STEP][PASSED] - click: Object: 'Object Repository/Upload file without Labeling/Uploading/button_ closeing Your file is not verified' is clicked on

2017-11-13 12:20:41 - [MESSAGE][PASSED] - Object: 'Object Repository/Upload file without Labeling/Uploading/button_ closeing Your file is not verified' is clicked on

2017-11-13 12:20:41 - [TEST_STEP][PASSED] - waitForElementNotPresent: Web element with id: 'Object Repository/Upload file without Labeling/Uploading/div_Your file is not verified.' located by 'By.xpath: //div[count(. | //*[@class = 'w3-xlarge w3-text-gray w3-padding-16']) = count(//*[@class = 'w3-xlarge w3-text-gray w3-padding-16'])][count(. | //*[text() = 'Your file is not verified.']) = count(//*[text() = 'Your file is not verified.'])][count(. | id("swal2-content")/div[@class="w3-white"]/div[@class="w3-xlarge w3-text-gray w3-padding-16"]) = count(id("swal2-content")/div[@class="w3-white"]/div[@class="w3-xlarge w3-text-gray w3-padding-16"])]' is not present after '5' second(s)

2017-11-13 12:20:42 - [MESSAGE][PASSED] - Web element with id: 'Object Repository/Upload file without Labeling/Uploading/div_Your file is not verified.' located by 'By.xpath: //div[count(. | //*[@class = 'w3-xlarge w3-text-gray w3-padding-16']) = count(//*[@class = 'w3-xlarge w3-text-gray w3-padding-16'])][count(. | //*[text() = 'Your file is not verified.']) = count(//*[text() = 'Your file is not verified.'])][count(. | id("swal2-content")/div[@class="w3-white"]/div[@class="w3-xlarge w3-text-gray w3-padding-16"]) = count(id("swal2-content")/div[@class="w3-white"]/div[@class="w3-xlarge w3-text-gray w3-padding-16"])]' is not present after '5' second(s)

2017-11-13 12:20:42 - [TEST_STEP][PASSED] - uploadFile: File 'C:\test1.xlsx' sent to object: 'Object Repository/Page_Guru TMDA (6)/Page_Guru TMDA (4)/input_upfile'

2017-11-13 12:20:42 - [MESSAGE][PASSED] - File 'C:\test1.xlsx' sent to object: 'Object Repository/Page_Guru TMDA (6)/Page_Guru TMDA (4)/input_upfile'

2017-11-13 12:20:42 - [TEST_STEP][PASSED] - click: Object: 'Object Repository/Page_Guru TMDA (5)/button_Upload' is clicked on

2017-11-13 12:20:42 - [MESSAGE][PASSED] - Object: 'Object Repository/Page_Guru TMDA (5)/button_Upload' is clicked on

2017-11-13 12:20:42 - [TEST_STEP][PASSED] - waitForElementNotPresent: Web element with id: 'Object Repository/Page_Guru TMDA (6)/Page_Guru TMDA (5)/Page_Guru TMDA/div_progress-bar-zone' located by 'By.xpath: //div[count(. | /html[1]/body[1]/my-app[1]/app-multiple-verbatim[1]/div[@class="popup-zone"]/div[@class="progress-bar-zone"]) = count(/html[1]/body[1]/my-app[1]/app-multiple-verbatim[1]/div[@class="popup-zone"]/div[@class="progress-bar-zone"])]' is not present after '5' second(s)

2017-11-13 12:20:47 - [MESSAGE][PASSED] - Web element with id: 'Object Repository/Page_Guru TMDA (6)/Page_Guru TMDA (5)/Page_Guru TMDA/div_progress-bar-zone' located by 'By.xpath: //div[count(. | /html[1]/body[1]/my-app[1]/app-multiple-verbatim[1]/div[@class="popup-zone"]/div[@class="progress-bar-zone"]) = count(/html[1]/body[1]/my-app[1]/app-multiple-verbatim[1]/div[@class="popup-zone"]/div[@class="progress-bar-zone"])]' is not present after '5' second(s)

2017-11-13 12:20:47 - [TEST_STEP][NOT_RUN] - click: NOT_RUN: click

2017-11-13 12:20:47 - [MESSAGE][NOT_RUN] - NOT_RUN: click

2017-11-13 12:20:47 - [TEST_STEP][PASSED] - selectOptionByIndex: All options with index in [1] are selected on object 'Object Repository/Page_Guru TMDA (5)/select_sheet'

2017-11-13 12:20:47 - [MESSAGE][PASSED] - All options with index in [1] are selected on object 'Object Repository/Page_Guru TMDA (5)/select_sheet'

2017-11-13 12:20:47 - [TEST_STEP][PASSED] - waitForElementPresent: Object 'Object Repository/Page_Guru TMDA (6)/Page_Guru TMDA (1)/div_w3-padding-32 w3-center' is present

2017-11-13 12:20:50 - [MESSAGE][PASSED] - Object 'Object Repository/Page_Guru TMDA (6)/Page_Guru TMDA (1)/div_w3-padding-32 w3-center' is present

2017-11-13 12:20:50 - [TEST_STEP][PASSED] - verifyElementPresent: Object 'Object Repository/Upload file without Labeling/Uploading/div_Your file is not verified.' is present

2017-11-13 12:20:50 - [MESSAGE][PASSED] - Object 'Object Repository/Upload file without Labeling/Uploading/div_Your file is not verified.' is present

2017-11-13 12:20:50 - [TEST_STEP][PASSED] - click: Object: 'Object Repository/Upload file without Labeling/Uploading/button_ closeing Your file is not verified' is clicked on

2017-11-13 12:20:50 - [MESSAGE][PASSED] - Object: 'Object Repository/Upload file without Labeling/Uploading/button_ closeing Your file is not verified' is clicked on

2017-11-13 12:20:50 - [TEST_STEP][PASSED] - waitForElementNotPresent: Web element with id: 'Object Repository/Upload file without Labeling/Uploading/div_Your file is not verified.' located by 'By.xpath: //div[count(. | //*[@class = 'w3-xlarge w3-text-gray w3-padding-16']) = count(//*[@class = 'w3-xlarge w3-text-gray w3-padding-16'])][count(. | //*[text() = 'Your file is not verified.']) = count(//*[text() = 'Your file is not verified.'])][count(. | id("swal2-content")/div[@class="w3-white"]/div[@class="w3-xlarge w3-text-gray w3-padding-16"]) = count(id("swal2-content")/div[@class="w3-white"]/div[@class="w3-xlarge w3-text-gray w3-padding-16"])]' is not present after '5' second(s)

2017-11-13 12:20:51 - [MESSAGE][PASSED] - Web element with id: 'Object Repository/Upload file without Labeling/Uploading/div_Your file is not verified.' located by 'By.xpath: //div[count(. | //*[@class = 'w3-xlarge w3-text-gray w3-padding-16']) = count(//*[@class = 'w3-xlarge w3-text-gray w3-padding-16'])][count(. | //*[text() = 'Your file is not verified.']) = count(//*[text() = 'Your file is not verified.'])][count(. | id("swal2-content")/div[@class="w3-white"]/div[@class="w3-xlarge w3-text-gray w3-padding-16"]) = count(id("swal2-content")/div[@class="w3-white"]/div[@class="w3-xlarge w3-text-gray w3-padding-16"])]' is not present after '5' second(s)

2017-11-13 12:20:51 - [TEST_STEP][PASSED] - uploadFile: File 'C:\test-Copy.xlsx' sent to object: 'Object Repository/Page_Guru TMDA (6)/Page_Guru TMDA (4)/input_upfile'

2017-11-13 12:20:51 - [MESSAGE][PASSED] - File 'C:\test-Copy.xlsx' sent to object: 'Object Repository/Page_Guru TMDA (6)/Page_Guru TMDA (4)/input_upfile'

2017-11-13 12:20:51 - [TEST_STEP][PASSED] - click: Object: 'Object Repository/Page_Guru TMDA (5)/button_Upload' is clicked on

2017-11-13 12:20:51 - [MESSAGE][PASSED] - Object: 'Object Repository/Page_Guru TMDA (5)/button_Upload' is clicked on

2017-11-13 12:20:51 - [TEST_STEP][PASSED] - waitForElementNotPresent: Web element with id: 'Object Repository/Page_Guru TMDA (6)/Page_Guru TMDA (5)/Page_Guru TMDA/div_progress-bar-zone' located by 'By.xpath: //div[count(. | /html[1]/body[1]/my-app[1]/app-multiple-verbatim[1]/div[@class="popup-zone"]/div[@class="progress-bar-zone"]) = count(/html[1]/body[1]/my-app[1]/app-multiple-verbatim[1]/div[@class="popup-zone"]/div[@class="progress-bar-zone"])]' is not present after '5' second(s)

2017-11-13 12:20:53 - [MESSAGE][PASSED] - Web element with id: 'Object Repository/Page_Guru TMDA (6)/Page_Guru TMDA (5)/Page_Guru TMDA/div_progress-bar-zone' located by 'By.xpath: //div[count(. | /html[1]/body[1]/my-app[1]/app-multiple-verbatim[1]/div[@class="popup-zone"]/div[@class="progress-bar-zone"]) = count(/html[1]/body[1]/my-app[1]/app-multiple-verbatim[1]/div[@class="popup-zone"]/div[@class="progress-bar-zone"])]' is not present after '5' second(s)

2017-11-13 12:20:53 - [TEST_STEP][NOT_RUN] - click: NOT_RUN: click

2017-11-13 12:20:53 - [MESSAGE][NOT_RUN] - NOT_RUN: click

2017-11-13 12:20:53 - [TEST_STEP][PASSED] - selectOptionByIndex: All options with index in [1] are selected on object 'Object Repository/Page_Guru TMDA (5)/select_sheet'

2017-11-13 12:20:53 - [MESSAGE][PASSED] - All options with index in [1] are selected on object 'Object Repository/Page_Guru TMDA (5)/select_sheet'

2017-11-13 12:20:53 - [TEST_STEP][PASSED] - waitForElementPresent: Object 'Object Repository/Page_Guru TMDA (6)/Page_Guru TMDA (1)/div_w3-padding-32 w3-center' is present

2017-11-13 12:20:57 - [MESSAGE][PASSED] - Object 'Object Repository/Page_Guru TMDA (6)/Page_Guru TMDA (1)/div_w3-padding-32 w3-center' is present

2017-11-13 12:20:57 - [TEST_STEP][PASSED] - verifyElementPresent: Object 'Object Repository/Upload file without Labeling/Uploading/div_Your file is verified.' is present

2017-11-13 12:20:57 - [MESSAGE][PASSED] - Object 'Object Repository/Upload file without Labeling/Uploading/div_Your file is verified.' is present

2017-11-13 12:20:57 - [TEST_STEP][PASSED] - click: Object: 'Object Repository/Page_Guru TMDA (6)/Page_Guru TMDA (3)/button_' is clicked on

2017-11-13 12:20:57 - [MESSAGE][PASSED] - Object: 'Object Repository/Page_Guru TMDA (6)/Page_Guru TMDA (3)/button_' is clicked on

2017-11-13 12:20:57 - [TEST_STEP][PASSED] - waitForElementNotPresent: Web element with id: 'Object Repository/Page_Guru TMDA (6)/Page_Guru TMDA (1)/div_w3-padding-32 w3-center' located by 'By.xpath: //div[count(. | id("swal2-content")/div[@class="w3-padding-32 w3-center"]) = count(id("swal2-content")/div[@class="w3-padding-32 w3-center"])]' is not present after '5' second(s)

2017-11-13 12:20:58 - [MESSAGE][PASSED] - Web element with id: 'Object Repository/Page_Guru TMDA (6)/Page_Guru TMDA (1)/div_w3-padding-32 w3-center' located by 'By.xpath: //div[count(. | id("swal2-content")/div[@class="w3-padding-32 w3-center"]) = count(id("swal2-content")/div[@class="w3-padding-32 w3-center"])]' is not present after '5' second(s)

2017-11-13 12:20:58 - [TEST_STEP][PASSED] - waitForElementPresent: Object 'Object Repository/Page_Guru TMDA (6)/Page_Guru TMDA (2)/i_fa fa-check w3-text-green' is present

2017-11-13 12:20:58 - [MESSAGE][PASSED] - Object 'Object Repository/Page_Guru TMDA (6)/Page_Guru TMDA (2)/i_fa fa-check w3-text-green' is present

2017-11-13 12:20:58 - [TEST_STEP][PASSED] - click: Object: 'Object Repository/Upload file without Labeling/Uploading//button_Preview' is clicked on

2017-11-13 12:20:58 - [MESSAGE][PASSED] - Object: 'Object Repository/Upload file without Labeling/Uploading//button_Preview' is clicked on

2017-11-13 12:20:58 - [TEST_STEP][PASSED] - verifyElementPresent: Object 'Object Repository/Upload file without Labeling/Uploading//div_excel-reader' is present

2017-11-13 12:20:58 - [MESSAGE][PASSED] - Object 'Object Repository/Upload file without Labeling/Uploading//div_excel-reader' is present

2017-11-13 12:20:58 - [TEST_STEP][PASSED] - click: Object: 'Object Repository/Upload file without Labeling/Uploading/div_close' is clicked on

2017-11-13 12:20:58 - [MESSAGE][PASSED] - Object: 'Object Repository/Upload file without Labeling/Uploading/div_close' is clicked on

2017-11-13 12:20:58 - [TEST_STEP][PASSED] - scrollToElement: Scroll to object 'Object Repository/Page_Guru TMDA (16)/button_Start' successfully

2017-11-13 12:20:58 - [MESSAGE][PASSED] - Scroll to object 'Object Repository/Page_Guru TMDA (16)/button_Start' successfully

2017-11-13 12:20:58 - [TEST_STEP][PASSED] - click: Object: 'Object Repository/Page_Guru TMDA (5)/button_Start' is clicked on

2017-11-13 12:20:58 - [MESSAGE][PASSED] - Object: 'Object Repository/Page_Guru TMDA (5)/button_Start' is clicked on

2017-11-13 12:20:58 - [TEST_STEP][PASSED] - waitForElementNotPresent: Web element with id: 'Object Repository/Page_Guru TMDA (6)/Page_Guru TMDA (5)/Page_Guru TMDA/div_progress-bar-zone' located by 'By.xpath: //div[count(. | /html[1]/body[1]/my-app[1]/app-multiple-verbatim[1]/div[@class="popup-zone"]/div[@class="progress-bar-zone"]) = count(/html[1]/body[1]/my-app[1]/app-multiple-verbatim[1]/div[@class="popup-zone"]/div[@class="progress-bar-zone"])]' is not present after '5' second(s)

2017-11-13 12:21:00 - [MESSAGE][PASSED] - Web element with id: 'Object Repository/Page_Guru TMDA (6)/Page_Guru TMDA (5)/Page_Guru TMDA/div_progress-bar-zone' located by 'By.xpath: //div[count(. | /html[1]/body[1]/my-app[1]/app-multiple-verbatim[1]/div[@class="popup-zone"]/div[@class="progress-bar-zone"]) = count(/html[1]/body[1]/my-app[1]/app-multiple-verbatim[1]/div[@class="popup-zone"]/div[@class="progress-bar-zone"])]' is not present after '5' second(s)

2017-11-13 12:21:00 - [TEST_STEP][PASSED] - waitForElementNotPresent: Web element with id: 'Object Repository/Upload file without Labeling/div_loader' located by 'By.xpath: //div[count(. | //*[@class = 'loader']) = count(//*[@class = 'loader'])][count(. | /html[1]/body[1]/my-app[1]/app-predicted-results[1]/div[@class="container-fluid"]/div[@class="row"]/div[@class="col-sm-6 col-sm-offset-3"]/div[@class="loader"]) = count(/html[1]/body[1]/my-app[1]/app-predicted-results[1]/div[@class="container-fluid"]/div[@class="row"]/div[@class="col-sm-6 col-sm-offset-3"]/div[@class="loader"])]' is not present after '100' second(s)

2017-11-13 12:21:32 - [MESSAGE][PASSED] - Web element with id: 'Object Repository/Upload file without Labeling/div_loader' located by 'By.xpath: //div[count(. | //*[@class = 'loader']) = count(//*[@class = 'loader'])][count(. | /html[1]/body[1]/my-app[1]/app-predicted-results[1]/div[@class="container-fluid"]/div[@class="row"]/div[@class="col-sm-6 col-sm-offset-3"]/div[@class="loader"]) = count(/html[1]/body[1]/my-app[1]/app-predicted-results[1]/div[@class="container-fluid"]/div[@class="row"]/div[@class="col-sm-6 col-sm-offset-3"]/div[@class="loader"])]' is not present after '100' second(s)

2017-11-13 12:21:32 - [TEST_STEP][NOT_RUN] - closeBrowser: NOT_RUN: closeBrowser

2017-11-13 12:21:32 - [MESSAGE][NOT_RUN] - NOT_RUN: closeBrowser]]></system-out>
         <system-err><![CDATA[]]></system-err>
      </testcase>
      <testcase name="Test Cases/3. Menu Text Prediction/Upload File with labelling" classname="Test Cases/3. Menu Text Prediction/Upload File with labelling" status="PASSED">
         <system-out><![CDATA[2017-11-13 12:21:32 - [TEST_CASE][PASSED] - Test Cases/3. Menu Text Prediction/Upload File with labelling: Test Cases/3. Menu Text Prediction/Upload File with labelling

2017-11-13 12:21:32 - [TEST_STEP][NOT_RUN] - openBrowser: NOT_RUN: openBrowser

2017-11-13 12:21:32 - [MESSAGE][NOT_RUN] - NOT_RUN: openBrowser

2017-11-13 12:21:32 - [TEST_STEP][NOT_RUN] - maximizeWindow: NOT_RUN: maximizeWindow

2017-11-13 12:21:32 - [MESSAGE][NOT_RUN] - NOT_RUN: maximizeWindow

2017-11-13 12:21:32 - [TEST_STEP][NOT_RUN] - navigateToUrl: NOT_RUN: navigateToUrl

2017-11-13 12:21:32 - [MESSAGE][NOT_RUN] - NOT_RUN: navigateToUrl

2017-11-13 12:21:32 - [TEST_STEP][NOT_RUN] - click: NOT_RUN: click

2017-11-13 12:21:32 - [MESSAGE][NOT_RUN] - NOT_RUN: click

2017-11-13 12:21:32 - [TEST_STEP][NOT_RUN] - setText: NOT_RUN: setText

2017-11-13 12:21:32 - [MESSAGE][NOT_RUN] - NOT_RUN: setText

2017-11-13 12:21:32 - [TEST_STEP][NOT_RUN] - setText: NOT_RUN: setText

2017-11-13 12:21:32 - [MESSAGE][NOT_RUN] - NOT_RUN: setText

2017-11-13 12:21:32 - [TEST_STEP][NOT_RUN] - click: NOT_RUN: click

2017-11-13 12:21:32 - [MESSAGE][NOT_RUN] - NOT_RUN: click

2017-11-13 12:21:32 - [TEST_STEP][PASSED] - click: Object: 'Object Repository/Page_Guru TMDA (3)/a_Text Prediction' is clicked on

2017-11-13 12:21:32 - [MESSAGE][PASSED] - Object: 'Object Repository/Page_Guru TMDA (3)/a_Text Prediction' is clicked on

2017-11-13 12:21:32 - [TEST_STEP][PASSED] - click: Object: 'Object Repository/Page_Guru TMDA (3)/a_Upload File' is clicked on

2017-11-13 12:21:33 - [MESSAGE][PASSED] - Object: 'Object Repository/Page_Guru TMDA (3)/a_Upload File' is clicked on

2017-11-13 12:21:33 - [TEST_STEP][PASSED] - verifyElementNotClickable: Object 'Object Repository/Page_Guru TMDA (5)/button_Upload' is NOT clickable

2017-11-13 12:21:33 - [MESSAGE][PASSED] - Object 'Object Repository/Page_Guru TMDA (5)/button_Upload' is NOT clickable

2017-11-13 12:21:33 - [TEST_STEP][PASSED] - uploadFile: File 'C:\Penguins.jpg' sent to object: 'Object Repository/Page_Guru TMDA (6)/Page_Guru TMDA (4)/input_upfile'

2017-11-13 12:21:33 - [MESSAGE][PASSED] - File 'C:\Penguins.jpg' sent to object: 'Object Repository/Page_Guru TMDA (6)/Page_Guru TMDA (4)/input_upfile'

2017-11-13 12:21:33 - [TEST_STEP][PASSED] - waitForElementClickable: Object 'Object Repository/Page_Guru TMDA (5)/button_Upload' is clickable

2017-11-13 12:21:33 - [MESSAGE][PASSED] - Object 'Object Repository/Page_Guru TMDA (5)/button_Upload' is clickable

2017-11-13 12:21:33 - [TEST_STEP][PASSED] - click: Object: 'Object Repository/Page_Guru TMDA (5)/button_Upload' is clicked on

2017-11-13 12:21:33 - [MESSAGE][PASSED] - Object: 'Object Repository/Page_Guru TMDA (5)/button_Upload' is clicked on

2017-11-13 12:21:33 - [TEST_STEP][PASSED] - waitForElementNotPresent: Web element with id: 'Object Repository/Page_Guru TMDA (6)/Page_Guru TMDA (5)/Page_Guru TMDA/div_progress-bar-zone' located by 'By.xpath: //div[count(. | /html[1]/body[1]/my-app[1]/app-multiple-verbatim[1]/div[@class="popup-zone"]/div[@class="progress-bar-zone"]) = count(/html[1]/body[1]/my-app[1]/app-multiple-verbatim[1]/div[@class="popup-zone"]/div[@class="progress-bar-zone"])]' is not present after '5' second(s)

2017-11-13 12:21:35 - [MESSAGE][PASSED] - Web element with id: 'Object Repository/Page_Guru TMDA (6)/Page_Guru TMDA (5)/Page_Guru TMDA/div_progress-bar-zone' located by 'By.xpath: //div[count(. | /html[1]/body[1]/my-app[1]/app-multiple-verbatim[1]/div[@class="popup-zone"]/div[@class="progress-bar-zone"]) = count(/html[1]/body[1]/my-app[1]/app-multiple-verbatim[1]/div[@class="popup-zone"]/div[@class="progress-bar-zone"])]' is not present after '5' second(s)

2017-11-13 12:21:35 - [TEST_STEP][PASSED] - verifyElementPresent: Object 'Object Repository/Upload file without Labeling/Uploading/div_File Not Type of Excel' is present

2017-11-13 12:21:35 - [MESSAGE][PASSED] - Object 'Object Repository/Upload file without Labeling/Uploading/div_File Not Type of Excel' is present

2017-11-13 12:21:35 - [TEST_STEP][PASSED] - click: Object: 'Object Repository/Upload file without Labeling/Uploading/button_ close Not type of excel' is clicked on

2017-11-13 12:21:35 - [MESSAGE][PASSED] - Object: 'Object Repository/Upload file without Labeling/Uploading/button_ close Not type of excel' is clicked on

2017-11-13 12:21:35 - [TEST_STEP][PASSED] - waitForElementNotPresent: Web element with id: 'Object Repository/Upload file without Labeling/Uploading//div_File Not Type of Excel' located by 'By.xpath: //div[count(. | //*[@class = 'w3-xlarge w3-text-gray w3-padding-16']) = count(//*[@class = 'w3-xlarge w3-text-gray w3-padding-16'])][count(. | //*[text() = 'File Not Type of Excel!']) = count(//*[text() = 'File Not Type of Excel!'])][count(. | id("swal2-content")/div[@class="w3-white"]/div[@class="w3-xlarge w3-text-gray w3-padding-16"]) = count(id("swal2-content")/div[@class="w3-white"]/div[@class="w3-xlarge w3-text-gray w3-padding-16"])]' is not present after '5' second(s)

2017-11-13 12:21:36 - [MESSAGE][PASSED] - Web element with id: 'Object Repository/Upload file without Labeling/Uploading//div_File Not Type of Excel' located by 'By.xpath: //div[count(. | //*[@class = 'w3-xlarge w3-text-gray w3-padding-16']) = count(//*[@class = 'w3-xlarge w3-text-gray w3-padding-16'])][count(. | //*[text() = 'File Not Type of Excel!']) = count(//*[text() = 'File Not Type of Excel!'])][count(. | id("swal2-content")/div[@class="w3-white"]/div[@class="w3-xlarge w3-text-gray w3-padding-16"]) = count(id("swal2-content")/div[@class="w3-white"]/div[@class="w3-xlarge w3-text-gray w3-padding-16"])]' is not present after '5' second(s)

2017-11-13 12:21:36 - [TEST_STEP][PASSED] - uploadFile: File 'C:\test-Copy1.xlsx' sent to object: 'Object Repository/Page_Guru TMDA (6)/Page_Guru TMDA (4)/input_upfile'

2017-11-13 12:21:36 - [MESSAGE][PASSED] - File 'C:\test-Copy1.xlsx' sent to object: 'Object Repository/Page_Guru TMDA (6)/Page_Guru TMDA (4)/input_upfile'

2017-11-13 12:21:36 - [TEST_STEP][PASSED] - click: Object: 'Object Repository/Page_Guru TMDA (5)/button_Upload' is clicked on

2017-11-13 12:21:36 - [MESSAGE][PASSED] - Object: 'Object Repository/Page_Guru TMDA (5)/button_Upload' is clicked on

2017-11-13 12:21:36 - [TEST_STEP][PASSED] - waitForElementNotPresent: Web element with id: 'Object Repository/Page_Guru TMDA (6)/Page_Guru TMDA (5)/Page_Guru TMDA/div_progress-bar-zone' located by 'By.xpath: //div[count(. | /html[1]/body[1]/my-app[1]/app-multiple-verbatim[1]/div[@class="popup-zone"]/div[@class="progress-bar-zone"]) = count(/html[1]/body[1]/my-app[1]/app-multiple-verbatim[1]/div[@class="popup-zone"]/div[@class="progress-bar-zone"])]' is not present after '5' second(s)

2017-11-13 12:21:38 - [MESSAGE][PASSED] - Web element with id: 'Object Repository/Page_Guru TMDA (6)/Page_Guru TMDA (5)/Page_Guru TMDA/div_progress-bar-zone' located by 'By.xpath: //div[count(. | /html[1]/body[1]/my-app[1]/app-multiple-verbatim[1]/div[@class="popup-zone"]/div[@class="progress-bar-zone"]) = count(/html[1]/body[1]/my-app[1]/app-multiple-verbatim[1]/div[@class="popup-zone"]/div[@class="progress-bar-zone"])]' is not present after '5' second(s)

2017-11-13 12:21:38 - [TEST_STEP][NOT_RUN] - click: NOT_RUN: click

2017-11-13 12:21:38 - [MESSAGE][NOT_RUN] - NOT_RUN: click

2017-11-13 12:21:38 - [TEST_STEP][PASSED] - selectOptionByIndex: All options with index in [1] are selected on object 'Object Repository/Page_Guru TMDA (5)/select_sheet'

2017-11-13 12:21:38 - [MESSAGE][PASSED] - All options with index in [1] are selected on object 'Object Repository/Page_Guru TMDA (5)/select_sheet'

2017-11-13 12:21:38 - [TEST_STEP][PASSED] - waitForElementPresent: Object 'Object Repository/Page_Guru TMDA (6)/Page_Guru TMDA (1)/div_w3-padding-32 w3-center' is present

2017-11-13 12:21:41 - [MESSAGE][PASSED] - Object 'Object Repository/Page_Guru TMDA (6)/Page_Guru TMDA (1)/div_w3-padding-32 w3-center' is present

2017-11-13 12:21:41 - [TEST_STEP][PASSED] - verifyElementPresent: Object 'Object Repository/Upload file without Labeling/Uploading/div_Your file is not verified.' is present

2017-11-13 12:21:41 - [MESSAGE][PASSED] - Object 'Object Repository/Upload file without Labeling/Uploading/div_Your file is not verified.' is present

2017-11-13 12:21:41 - [TEST_STEP][PASSED] - click: Object: 'Object Repository/Upload file without Labeling/Uploading/button_ closeing Your file is not verified' is clicked on

2017-11-13 12:21:41 - [MESSAGE][PASSED] - Object: 'Object Repository/Upload file without Labeling/Uploading/button_ closeing Your file is not verified' is clicked on

2017-11-13 12:21:41 - [TEST_STEP][PASSED] - waitForElementNotPresent: Web element with id: 'Object Repository/Upload file without Labeling/Uploading/div_Your file is not verified.' located by 'By.xpath: //div[count(. | //*[@class = 'w3-xlarge w3-text-gray w3-padding-16']) = count(//*[@class = 'w3-xlarge w3-text-gray w3-padding-16'])][count(. | //*[text() = 'Your file is not verified.']) = count(//*[text() = 'Your file is not verified.'])][count(. | id("swal2-content")/div[@class="w3-white"]/div[@class="w3-xlarge w3-text-gray w3-padding-16"]) = count(id("swal2-content")/div[@class="w3-white"]/div[@class="w3-xlarge w3-text-gray w3-padding-16"])]' is not present after '5' second(s)

2017-11-13 12:21:42 - [MESSAGE][PASSED] - Web element with id: 'Object Repository/Upload file without Labeling/Uploading/div_Your file is not verified.' located by 'By.xpath: //div[count(. | //*[@class = 'w3-xlarge w3-text-gray w3-padding-16']) = count(//*[@class = 'w3-xlarge w3-text-gray w3-padding-16'])][count(. | //*[text() = 'Your file is not verified.']) = count(//*[text() = 'Your file is not verified.'])][count(. | id("swal2-content")/div[@class="w3-white"]/div[@class="w3-xlarge w3-text-gray w3-padding-16"]) = count(id("swal2-content")/div[@class="w3-white"]/div[@class="w3-xlarge w3-text-gray w3-padding-16"])]' is not present after '5' second(s)

2017-11-13 12:21:42 - [TEST_STEP][PASSED] - uploadFile: File 'C:\test1.xlsx' sent to object: 'Object Repository/Page_Guru TMDA (6)/Page_Guru TMDA (4)/input_upfile'

2017-11-13 12:21:42 - [MESSAGE][PASSED] - File 'C:\test1.xlsx' sent to object: 'Object Repository/Page_Guru TMDA (6)/Page_Guru TMDA (4)/input_upfile'

2017-11-13 12:21:42 - [TEST_STEP][PASSED] - click: Object: 'Object Repository/Page_Guru TMDA (5)/button_Upload' is clicked on

2017-11-13 12:21:42 - [MESSAGE][PASSED] - Object: 'Object Repository/Page_Guru TMDA (5)/button_Upload' is clicked on

2017-11-13 12:21:42 - [TEST_STEP][PASSED] - waitForElementNotPresent: Web element with id: 'Object Repository/Page_Guru TMDA (6)/Page_Guru TMDA (5)/Page_Guru TMDA/div_progress-bar-zone' located by 'By.xpath: //div[count(. | /html[1]/body[1]/my-app[1]/app-multiple-verbatim[1]/div[@class="popup-zone"]/div[@class="progress-bar-zone"]) = count(/html[1]/body[1]/my-app[1]/app-multiple-verbatim[1]/div[@class="popup-zone"]/div[@class="progress-bar-zone"])]' is not present after '5' second(s)

2017-11-13 12:21:43 - [MESSAGE][PASSED] - Web element with id: 'Object Repository/Page_Guru TMDA (6)/Page_Guru TMDA (5)/Page_Guru TMDA/div_progress-bar-zone' located by 'By.xpath: //div[count(. | /html[1]/body[1]/my-app[1]/app-multiple-verbatim[1]/div[@class="popup-zone"]/div[@class="progress-bar-zone"]) = count(/html[1]/body[1]/my-app[1]/app-multiple-verbatim[1]/div[@class="popup-zone"]/div[@class="progress-bar-zone"])]' is not present after '5' second(s)

2017-11-13 12:21:43 - [TEST_STEP][NOT_RUN] - click: NOT_RUN: click

2017-11-13 12:21:43 - [MESSAGE][NOT_RUN] - NOT_RUN: click

2017-11-13 12:21:43 - [TEST_STEP][PASSED] - selectOptionByIndex: All options with index in [1] are selected on object 'Object Repository/Page_Guru TMDA (5)/select_sheet'

2017-11-13 12:21:43 - [MESSAGE][PASSED] - All options with index in [1] are selected on object 'Object Repository/Page_Guru TMDA (5)/select_sheet'

2017-11-13 12:21:43 - [TEST_STEP][PASSED] - waitForElementPresent: Object 'Object Repository/Page_Guru TMDA (6)/Page_Guru TMDA (1)/div_w3-padding-32 w3-center' is present

2017-11-13 12:21:46 - [MESSAGE][PASSED] - Object 'Object Repository/Page_Guru TMDA (6)/Page_Guru TMDA (1)/div_w3-padding-32 w3-center' is present

2017-11-13 12:21:46 - [TEST_STEP][PASSED] - verifyElementPresent: Object 'Object Repository/Upload file without Labeling/Uploading/div_Your file is not verified.' is present

2017-11-13 12:21:46 - [MESSAGE][PASSED] - Object 'Object Repository/Upload file without Labeling/Uploading/div_Your file is not verified.' is present

2017-11-13 12:21:46 - [TEST_STEP][PASSED] - click: Object: 'Object Repository/Upload file without Labeling/Uploading/button_ closeing Your file is not verified' is clicked on

2017-11-13 12:21:46 - [MESSAGE][PASSED] - Object: 'Object Repository/Upload file without Labeling/Uploading/button_ closeing Your file is not verified' is clicked on

2017-11-13 12:21:46 - [TEST_STEP][PASSED] - waitForElementNotPresent: Web element with id: 'Object Repository/Upload file without Labeling/Uploading/div_Your file is not verified.' located by 'By.xpath: //div[count(. | //*[@class = 'w3-xlarge w3-text-gray w3-padding-16']) = count(//*[@class = 'w3-xlarge w3-text-gray w3-padding-16'])][count(. | //*[text() = 'Your file is not verified.']) = count(//*[text() = 'Your file is not verified.'])][count(. | id("swal2-content")/div[@class="w3-white"]/div[@class="w3-xlarge w3-text-gray w3-padding-16"]) = count(id("swal2-content")/div[@class="w3-white"]/div[@class="w3-xlarge w3-text-gray w3-padding-16"])]' is not present after '5' second(s)

2017-11-13 12:21:47 - [MESSAGE][PASSED] - Web element with id: 'Object Repository/Upload file without Labeling/Uploading/div_Your file is not verified.' located by 'By.xpath: //div[count(. | //*[@class = 'w3-xlarge w3-text-gray w3-padding-16']) = count(//*[@class = 'w3-xlarge w3-text-gray w3-padding-16'])][count(. | //*[text() = 'Your file is not verified.']) = count(//*[text() = 'Your file is not verified.'])][count(. | id("swal2-content")/div[@class="w3-white"]/div[@class="w3-xlarge w3-text-gray w3-padding-16"]) = count(id("swal2-content")/div[@class="w3-white"]/div[@class="w3-xlarge w3-text-gray w3-padding-16"])]' is not present after '5' second(s)

2017-11-13 12:21:47 - [TEST_STEP][PASSED] - uploadFile: File 'C:\test.xlsx' sent to object: 'Object Repository/Page_Guru TMDA (6)/Page_Guru TMDA (4)/input_upfile'

2017-11-13 12:21:47 - [MESSAGE][PASSED] - File 'C:\test.xlsx' sent to object: 'Object Repository/Page_Guru TMDA (6)/Page_Guru TMDA (4)/input_upfile'

2017-11-13 12:21:47 - [TEST_STEP][PASSED] - click: Object: 'Object Repository/Page_Guru TMDA (5)/button_Upload' is clicked on

2017-11-13 12:21:47 - [MESSAGE][PASSED] - Object: 'Object Repository/Page_Guru TMDA (5)/button_Upload' is clicked on

2017-11-13 12:21:47 - [TEST_STEP][PASSED] - waitForElementNotPresent: Web element with id: 'Object Repository/Page_Guru TMDA (6)/Page_Guru TMDA (5)/Page_Guru TMDA/div_progress-bar-zone' located by 'By.xpath: //div[count(. | /html[1]/body[1]/my-app[1]/app-multiple-verbatim[1]/div[@class="popup-zone"]/div[@class="progress-bar-zone"]) = count(/html[1]/body[1]/my-app[1]/app-multiple-verbatim[1]/div[@class="popup-zone"]/div[@class="progress-bar-zone"])]' is not present after '5' second(s)

2017-11-13 12:21:49 - [MESSAGE][PASSED] - Web element with id: 'Object Repository/Page_Guru TMDA (6)/Page_Guru TMDA (5)/Page_Guru TMDA/div_progress-bar-zone' located by 'By.xpath: //div[count(. | /html[1]/body[1]/my-app[1]/app-multiple-verbatim[1]/div[@class="popup-zone"]/div[@class="progress-bar-zone"]) = count(/html[1]/body[1]/my-app[1]/app-multiple-verbatim[1]/div[@class="popup-zone"]/div[@class="progress-bar-zone"])]' is not present after '5' second(s)

2017-11-13 12:21:49 - [TEST_STEP][NOT_RUN] - click: NOT_RUN: click

2017-11-13 12:21:49 - [MESSAGE][NOT_RUN] - NOT_RUN: click

2017-11-13 12:21:49 - [TEST_STEP][PASSED] - selectOptionByIndex: All options with index in [1] are selected on object 'Object Repository/Page_Guru TMDA (5)/select_sheet'

2017-11-13 12:21:49 - [MESSAGE][PASSED] - All options with index in [1] are selected on object 'Object Repository/Page_Guru TMDA (5)/select_sheet'

2017-11-13 12:21:49 - [TEST_STEP][PASSED] - waitForElementPresent: Object 'Object Repository/Page_Guru TMDA (6)/Page_Guru TMDA (1)/div_w3-padding-32 w3-center' is present

2017-11-13 12:21:53 - [MESSAGE][PASSED] - Object 'Object Repository/Page_Guru TMDA (6)/Page_Guru TMDA (1)/div_w3-padding-32 w3-center' is present

2017-11-13 12:21:53 - [TEST_STEP][PASSED] - verifyElementPresent: Object 'Object Repository/Upload file without Labeling/Uploading/div_Your file is verified.' is present

2017-11-13 12:21:53 - [MESSAGE][PASSED] - Object 'Object Repository/Upload file without Labeling/Uploading/div_Your file is verified.' is present

2017-11-13 12:21:53 - [TEST_STEP][PASSED] - click: Object: 'Object Repository/Page_Guru TMDA (6)/Page_Guru TMDA (3)/button_' is clicked on

2017-11-13 12:21:53 - [MESSAGE][PASSED] - Object: 'Object Repository/Page_Guru TMDA (6)/Page_Guru TMDA (3)/button_' is clicked on

2017-11-13 12:21:53 - [TEST_STEP][PASSED] - waitForElementNotPresent: Web element with id: 'Object Repository/Page_Guru TMDA (6)/Page_Guru TMDA (1)/div_w3-padding-32 w3-center' located by 'By.xpath: //div[count(. | id("swal2-content")/div[@class="w3-padding-32 w3-center"]) = count(id("swal2-content")/div[@class="w3-padding-32 w3-center"])]' is not present after '5' second(s)

2017-11-13 12:21:54 - [MESSAGE][PASSED] - Web element with id: 'Object Repository/Page_Guru TMDA (6)/Page_Guru TMDA (1)/div_w3-padding-32 w3-center' located by 'By.xpath: //div[count(. | id("swal2-content")/div[@class="w3-padding-32 w3-center"]) = count(id("swal2-content")/div[@class="w3-padding-32 w3-center"])]' is not present after '5' second(s)

2017-11-13 12:21:54 - [TEST_STEP][PASSED] - waitForElementPresent: Object 'Object Repository/Page_Guru TMDA (6)/Page_Guru TMDA (2)/i_fa fa-check w3-text-green' is present

2017-11-13 12:21:54 - [MESSAGE][PASSED] - Object 'Object Repository/Page_Guru TMDA (6)/Page_Guru TMDA (2)/i_fa fa-check w3-text-green' is present

2017-11-13 12:21:54 - [TEST_STEP][PASSED] - click: Object: 'Object Repository/Upload file without Labeling/Uploading//button_Preview' is clicked on

2017-11-13 12:21:54 - [MESSAGE][PASSED] - Object: 'Object Repository/Upload file without Labeling/Uploading//button_Preview' is clicked on

2017-11-13 12:21:54 - [TEST_STEP][PASSED] - verifyElementPresent: Object 'Object Repository/Upload file without Labeling/Uploading//div_excel-reader' is present

2017-11-13 12:21:54 - [MESSAGE][PASSED] - Object 'Object Repository/Upload file without Labeling/Uploading//div_excel-reader' is present

2017-11-13 12:21:54 - [TEST_STEP][PASSED] - click: Object: 'Object Repository/Upload file without Labeling/Uploading/div_close' is clicked on

2017-11-13 12:21:54 - [MESSAGE][PASSED] - Object: 'Object Repository/Upload file without Labeling/Uploading/div_close' is clicked on

2017-11-13 12:21:54 - [TEST_STEP][PASSED] - scrollToElement: Scroll to object 'Object Repository/Page_Guru TMDA (16)/button_Start' successfully

2017-11-13 12:21:55 - [MESSAGE][PASSED] - Scroll to object 'Object Repository/Page_Guru TMDA (16)/button_Start' successfully

2017-11-13 12:21:55 - [TEST_STEP][PASSED] - click: Object: 'Object Repository/Page_Guru TMDA (5)/button_Start' is clicked on

2017-11-13 12:21:55 - [MESSAGE][PASSED] - Object: 'Object Repository/Page_Guru TMDA (5)/button_Start' is clicked on

2017-11-13 12:21:55 - [TEST_STEP][PASSED] - waitForElementNotPresent: Web element with id: 'Object Repository/Page_Guru TMDA (6)/Page_Guru TMDA (5)/Page_Guru TMDA/div_progress-bar-zone' located by 'By.xpath: //div[count(. | /html[1]/body[1]/my-app[1]/app-multiple-verbatim[1]/div[@class="popup-zone"]/div[@class="progress-bar-zone"]) = count(/html[1]/body[1]/my-app[1]/app-multiple-verbatim[1]/div[@class="popup-zone"]/div[@class="progress-bar-zone"])]' is not present after '5' second(s)

2017-11-13 12:21:56 - [MESSAGE][PASSED] - Web element with id: 'Object Repository/Page_Guru TMDA (6)/Page_Guru TMDA (5)/Page_Guru TMDA/div_progress-bar-zone' located by 'By.xpath: //div[count(. | /html[1]/body[1]/my-app[1]/app-multiple-verbatim[1]/div[@class="popup-zone"]/div[@class="progress-bar-zone"]) = count(/html[1]/body[1]/my-app[1]/app-multiple-verbatim[1]/div[@class="popup-zone"]/div[@class="progress-bar-zone"])]' is not present after '5' second(s)

2017-11-13 12:21:56 - [TEST_STEP][PASSED] - waitForElementNotPresent: Web element with id: 'Object Repository/Upload file without Labeling/div_loader' located by 'By.xpath: //div[count(. | //*[@class = 'loader']) = count(//*[@class = 'loader'])][count(. | /html[1]/body[1]/my-app[1]/app-predicted-results[1]/div[@class="container-fluid"]/div[@class="row"]/div[@class="col-sm-6 col-sm-offset-3"]/div[@class="loader"]) = count(/html[1]/body[1]/my-app[1]/app-predicted-results[1]/div[@class="container-fluid"]/div[@class="row"]/div[@class="col-sm-6 col-sm-offset-3"]/div[@class="loader"])]' is not present after '100' second(s)

2017-11-13 12:22:26 - [MESSAGE][PASSED] - Web element with id: 'Object Repository/Upload file without Labeling/div_loader' located by 'By.xpath: //div[count(. | //*[@class = 'loader']) = count(//*[@class = 'loader'])][count(. | /html[1]/body[1]/my-app[1]/app-predicted-results[1]/div[@class="container-fluid"]/div[@class="row"]/div[@class="col-sm-6 col-sm-offset-3"]/div[@class="loader"]) = count(/html[1]/body[1]/my-app[1]/app-predicted-results[1]/div[@class="container-fluid"]/div[@class="row"]/div[@class="col-sm-6 col-sm-offset-3"]/div[@class="loader"])]' is not present after '100' second(s)

2017-11-13 12:22:26 - [TEST_STEP][NOT_RUN] - closeBrowser: NOT_RUN: closeBrowser

2017-11-13 12:22:26 - [MESSAGE][NOT_RUN] - NOT_RUN: closeBrowser]]></system-out>
         <system-err><![CDATA[]]></system-err>
      </testcase>
      <testcase name="Test Cases/3. Menu Text Prediction/Multiple Verbatim Predicted Result (Predicted in detail)" classname="Test Cases/3. Menu Text Prediction/Multiple Verbatim Predicted Result (Predicted in detail)" status="PASSED">
         <system-out><![CDATA[2017-11-13 12:22:26 - [TEST_CASE][PASSED] - Test Cases/3. Menu Text Prediction/Multiple Verbatim Predicted Result (Predicted in detail): Test Cases/3. Menu Text Prediction/Multiple Verbatim Predicted Result (Predicted in detail)

2017-11-13 12:22:27 - [TEST_STEP][NOT_RUN] - openBrowser: NOT_RUN: openBrowser

2017-11-13 12:22:27 - [MESSAGE][NOT_RUN] - NOT_RUN: openBrowser

2017-11-13 12:22:27 - [TEST_STEP][NOT_RUN] - maximizeWindow: NOT_RUN: maximizeWindow

2017-11-13 12:22:27 - [MESSAGE][NOT_RUN] - NOT_RUN: maximizeWindow

2017-11-13 12:22:27 - [TEST_STEP][NOT_RUN] - navigateToUrl: NOT_RUN: navigateToUrl

2017-11-13 12:22:27 - [MESSAGE][NOT_RUN] - NOT_RUN: navigateToUrl

2017-11-13 12:22:27 - [TEST_STEP][NOT_RUN] - click: NOT_RUN: click

2017-11-13 12:22:27 - [MESSAGE][NOT_RUN] - NOT_RUN: click

2017-11-13 12:22:27 - [TEST_STEP][NOT_RUN] - setText: NOT_RUN: setText

2017-11-13 12:22:27 - [MESSAGE][NOT_RUN] - NOT_RUN: setText

2017-11-13 12:22:27 - [TEST_STEP][NOT_RUN] - setText: NOT_RUN: setText

2017-11-13 12:22:27 - [MESSAGE][NOT_RUN] - NOT_RUN: setText

2017-11-13 12:22:27 - [TEST_STEP][NOT_RUN] - click: NOT_RUN: click

2017-11-13 12:22:27 - [MESSAGE][NOT_RUN] - NOT_RUN: click

2017-11-13 12:22:27 - [TEST_STEP][NOT_RUN] - click: NOT_RUN: click

2017-11-13 12:22:27 - [MESSAGE][NOT_RUN] - NOT_RUN: click

2017-11-13 12:22:27 - [TEST_STEP][NOT_RUN] - click: NOT_RUN: click

2017-11-13 12:22:27 - [MESSAGE][NOT_RUN] - NOT_RUN: click

2017-11-13 12:22:27 - [TEST_STEP][NOT_RUN] - uploadFile: NOT_RUN: uploadFile

2017-11-13 12:22:27 - [MESSAGE][NOT_RUN] - NOT_RUN: uploadFile

2017-11-13 12:22:27 - [TEST_STEP][NOT_RUN] - click: NOT_RUN: click

2017-11-13 12:22:27 - [MESSAGE][NOT_RUN] - NOT_RUN: click

2017-11-13 12:22:27 - [TEST_STEP][NOT_RUN] - waitForElementNotPresent: NOT_RUN: waitForElementNotPresent

2017-11-13 12:22:27 - [MESSAGE][NOT_RUN] - NOT_RUN: waitForElementNotPresent

2017-11-13 12:22:27 - [TEST_STEP][NOT_RUN] - click: NOT_RUN: click

2017-11-13 12:22:27 - [MESSAGE][NOT_RUN] - NOT_RUN: click

2017-11-13 12:22:27 - [TEST_STEP][NOT_RUN] - selectOptionByIndex: NOT_RUN: selectOptionByIndex

2017-11-13 12:22:27 - [MESSAGE][NOT_RUN] - NOT_RUN: selectOptionByIndex

2017-11-13 12:22:27 - [TEST_STEP][NOT_RUN] - waitForElementPresent: NOT_RUN: waitForElementPresent

2017-11-13 12:22:27 - [MESSAGE][NOT_RUN] - NOT_RUN: waitForElementPresent

2017-11-13 12:22:27 - [TEST_STEP][NOT_RUN] - verifyElementPresent: NOT_RUN: verifyElementPresent

2017-11-13 12:22:27 - [MESSAGE][NOT_RUN] - NOT_RUN: verifyElementPresent

2017-11-13 12:22:27 - [TEST_STEP][NOT_RUN] - click: NOT_RUN: click

2017-11-13 12:22:27 - [MESSAGE][NOT_RUN] - NOT_RUN: click

2017-11-13 12:22:27 - [TEST_STEP][NOT_RUN] - waitForElementNotPresent: NOT_RUN: waitForElementNotPresent

2017-11-13 12:22:27 - [MESSAGE][NOT_RUN] - NOT_RUN: waitForElementNotPresent

2017-11-13 12:22:27 - [TEST_STEP][NOT_RUN] - waitForElementPresent: NOT_RUN: waitForElementPresent

2017-11-13 12:22:27 - [MESSAGE][NOT_RUN] - NOT_RUN: waitForElementPresent

2017-11-13 12:22:27 - [TEST_STEP][NOT_RUN] - scrollToElement: NOT_RUN: scrollToElement

2017-11-13 12:22:27 - [MESSAGE][NOT_RUN] - NOT_RUN: scrollToElement

2017-11-13 12:22:27 - [TEST_STEP][NOT_RUN] - click: NOT_RUN: click

2017-11-13 12:22:27 - [MESSAGE][NOT_RUN] - NOT_RUN: click

2017-11-13 12:22:27 - [TEST_STEP][NOT_RUN] - waitForElementNotPresent: NOT_RUN: waitForElementNotPresent

2017-11-13 12:22:27 - [MESSAGE][NOT_RUN] - NOT_RUN: waitForElementNotPresent

2017-11-13 12:22:27 - [TEST_STEP][PASSED] - waitForElementPresent: Object 'Object Repository/Predicted in details/Show All Multiple Verbatim Predicted Result/label_Select All' is present

2017-11-13 12:22:27 - [MESSAGE][PASSED] - Object 'Object Repository/Predicted in details/Show All Multiple Verbatim Predicted Result/label_Select All' is present

2017-11-13 12:22:27 - [TEST_STEP][PASSED] - click: Object: 'Object Repository/Predicted in details/Show All Multiple Verbatim Predicted Result/label_Select All' is clicked on

2017-11-13 12:22:27 - [MESSAGE][PASSED] - Object: 'Object Repository/Predicted in details/Show All Multiple Verbatim Predicted Result/label_Select All' is clicked on

2017-11-13 12:22:27 - [TEST_STEP][PASSED] - verifyElementNotPresent: Web element with id: 'Object Repository/Upload file without Labeling/list/div_row' located by 'By.xpath: //div[count(. | /html[1]/body[1]/my-app[1]/app-predicted-results[1]/div[@class="container-fluid"]/div[@class="row centurygothic-font"]/div[@class="col-xs-12 col-sm-8 col-md-8 col-lg-9"]/div[2]/div[@class="row"]) = count(/html[1]/body[1]/my-app[1]/app-predicted-results[1]/div[@class="container-fluid"]/div[@class="row centurygothic-font"]/div[@class="col-xs-12 col-sm-8 col-md-8 col-lg-9"]/div[2]/div[@class="row"])]' is not present after '5' second(s)

2017-11-13 12:22:27 - [MESSAGE][PASSED] - Web element with id: 'Object Repository/Upload file without Labeling/list/div_row' located by 'By.xpath: //div[count(. | /html[1]/body[1]/my-app[1]/app-predicted-results[1]/div[@class="container-fluid"]/div[@class="row centurygothic-font"]/div[@class="col-xs-12 col-sm-8 col-md-8 col-lg-9"]/div[2]/div[@class="row"]) = count(/html[1]/body[1]/my-app[1]/app-predicted-results[1]/div[@class="container-fluid"]/div[@class="row centurygothic-font"]/div[@class="col-xs-12 col-sm-8 col-md-8 col-lg-9"]/div[2]/div[@class="row"])]' is not present after '5' second(s)

2017-11-13 12:22:27 - [TEST_STEP][PASSED] - click: Object: 'Object Repository/Predicted in details/Button_Export' is clicked on

2017-11-13 12:22:27 - [MESSAGE][PASSED] - Object: 'Object Repository/Predicted in details/Button_Export' is clicked on

2017-11-13 12:22:27 - [TEST_STEP][PASSED] - click: Object: 'Object Repository/Predicted in details/Show All Multiple Verbatim Predicted Result/label_Select All' is clicked on

2017-11-13 12:22:27 - [MESSAGE][PASSED] - Object: 'Object Repository/Predicted in details/Show All Multiple Verbatim Predicted Result/label_Select All' is clicked on

2017-11-13 12:22:27 - [TEST_STEP][PASSED] - verifyElementPresent: Object 'Object Repository/Predicted in details/Show All Multiple Verbatim Predicted Result//span_Accessibility' is present

2017-11-13 12:22:27 - [MESSAGE][PASSED] - Object 'Object Repository/Predicted in details/Show All Multiple Verbatim Predicted Result//span_Accessibility' is present

2017-11-13 12:22:27 - [TEST_STEP][PASSED] - click: Object: 'Object Repository/Predicted in details/Show All Multiple Verbatim Predicted Result//a_page-link' is clicked on

2017-11-13 12:22:28 - [MESSAGE][PASSED] - Object: 'Object Repository/Predicted in details/Show All Multiple Verbatim Predicted Result//a_page-link' is clicked on

2017-11-13 12:22:28 - [TEST_STEP][PASSED] - verifyElementPresent: Object 'Object Repository/Predicted in details/Show All Multiple Verbatim Predicted Result//span_Company Brand' is present

2017-11-13 12:22:28 - [MESSAGE][PASSED] - Object 'Object Repository/Predicted in details/Show All Multiple Verbatim Predicted Result//span_Company Brand' is present

2017-11-13 12:22:28 - [TEST_STEP][PASSED] - verifyElementPresent: Object 'Object Repository/Predicted in details/Show All Multiple Verbatim Predicted Result//span_Process' is present

2017-11-13 12:22:28 - [MESSAGE][PASSED] - Object 'Object Repository/Predicted in details/Show All Multiple Verbatim Predicted Result//span_Process' is present

2017-11-13 12:22:28 - [TEST_STEP][PASSED] - click: Object: 'Object Repository/Predicted in details/Show All Multiple Verbatim Predicted Result//a_page-link' is clicked on

2017-11-13 12:22:28 - [MESSAGE][PASSED] - Object: 'Object Repository/Predicted in details/Show All Multiple Verbatim Predicted Result//a_page-link' is clicked on

2017-11-13 12:22:28 - [TEST_STEP][PASSED] - verifyElementPresent: Object 'Object Repository/Predicted in details/Show All Multiple Verbatim Predicted Result//span_Product Feature' is present

2017-11-13 12:22:28 - [MESSAGE][PASSED] - Object 'Object Repository/Predicted in details/Show All Multiple Verbatim Predicted Result//span_Product Feature' is present

2017-11-13 12:22:28 - [TEST_STEP][PASSED] - click: Object: 'Object Repository/Predicted in details/Show All Multiple Verbatim Predicted Result//a_page-link' is clicked on

2017-11-13 12:22:28 - [MESSAGE][PASSED] - Object: 'Object Repository/Predicted in details/Show All Multiple Verbatim Predicted Result//a_page-link' is clicked on

2017-11-13 12:22:28 - [TEST_STEP][PASSED] - click: Object: 'Object Repository/Predicted in details/Show All Multiple Verbatim Predicted Result//a_page-link' is clicked on

2017-11-13 12:22:28 - [MESSAGE][PASSED] - Object: 'Object Repository/Predicted in details/Show All Multiple Verbatim Predicted Result//a_page-link' is clicked on

2017-11-13 12:22:28 - [TEST_STEP][PASSED] - verifyElementPresent: Object 'Object Repository/Predicted in details/Show All Multiple Verbatim Predicted Result//span_Staff Quality' is present

2017-11-13 12:22:29 - [MESSAGE][PASSED] - Object 'Object Repository/Predicted in details/Show All Multiple Verbatim Predicted Result//span_Staff Quality' is present

2017-11-13 12:22:29 - [TEST_STEP][PASSED] - click: Object: 'Object Repository/Predicted in details/Show All Multiple Verbatim Predicted Result//a_page-link' is clicked on

2017-11-13 12:22:29 - [MESSAGE][PASSED] - Object: 'Object Repository/Predicted in details/Show All Multiple Verbatim Predicted Result//a_page-link' is clicked on

2017-11-13 12:22:29 - [TEST_STEP][PASSED] - verifyElementPresent: Object 'Object Repository/Predicted in details/Show All Multiple Verbatim Predicted Result/span_Competitors (1)' is present

2017-11-13 12:22:29 - [MESSAGE][PASSED] - Object 'Object Repository/Predicted in details/Show All Multiple Verbatim Predicted Result/span_Competitors (1)' is present

2017-11-13 12:22:29 - [TEST_STEP][PASSED] - verifyElementPresent: Object 'Object Repository/Predicted in details/span_Timing' is present

2017-11-13 12:22:29 - [MESSAGE][PASSED] - Object 'Object Repository/Predicted in details/span_Timing' is present

2017-11-13 12:22:29 - [TEST_STEP][PASSED] - click: Object: 'Object Repository/Predicted in details/Show All Multiple Verbatim Predicted Result//a_page-link' is clicked on

2017-11-13 12:22:29 - [MESSAGE][PASSED] - Object: 'Object Repository/Predicted in details/Show All Multiple Verbatim Predicted Result//a_page-link' is clicked on

2017-11-13 12:22:29 - [TEST_STEP][PASSED] - verifyElementPresent: Object 'Object Repository/Predicted in details/Show All Multiple Verbatim Predicted Result/span_Private Reason (1)' is present

2017-11-13 12:22:29 - [MESSAGE][PASSED] - Object 'Object Repository/Predicted in details/Show All Multiple Verbatim Predicted Result/span_Private Reason (1)' is present

2017-11-13 12:22:29 - [TEST_STEP][PASSED] - click: Object: 'Object Repository/Predicted in details/Button_Export' is clicked on

2017-11-13 12:22:29 - [MESSAGE][PASSED] - Object: 'Object Repository/Predicted in details/Button_Export' is clicked on

2017-11-13 12:22:29 - [TEST_STEP][PASSED] - click: Object: 'Object Repository/Predicted in details/Show All Multiple Verbatim Predicted Result/label_Select All' is clicked on

2017-11-13 12:22:30 - [MESSAGE][PASSED] - Object: 'Object Repository/Predicted in details/Show All Multiple Verbatim Predicted Result/label_Select All' is clicked on

2017-11-13 12:22:30 - [TEST_STEP][PASSED] - click: Object: 'Object Repository/Predicted in details/Show All Multiple Verbatim Predicted Result/label_Accessibility' is clicked on

2017-11-13 12:22:30 - [MESSAGE][PASSED] - Object: 'Object Repository/Predicted in details/Show All Multiple Verbatim Predicted Result/label_Accessibility' is clicked on

2017-11-13 12:22:30 - [TEST_STEP][PASSED] - verifyElementPresent: Object 'Object Repository/Predicted in details/Show All Multiple Verbatim Predicted Result/Accessibility/span_Capacity' is present

2017-11-13 12:22:30 - [MESSAGE][PASSED] - Object 'Object Repository/Predicted in details/Show All Multiple Verbatim Predicted Result/Accessibility/span_Capacity' is present

2017-11-13 12:22:30 - [TEST_STEP][PASSED] - verifyElementPresent: Object 'Object Repository/Predicted in details/Show All Multiple Verbatim Predicted Result/Accessibility/span_Convenience' is present

2017-11-13 12:22:30 - [MESSAGE][PASSED] - Object 'Object Repository/Predicted in details/Show All Multiple Verbatim Predicted Result/Accessibility/span_Convenience' is present

2017-11-13 12:22:30 - [TEST_STEP][PASSED] - verifyElementPresent: Object 'Object Repository/Predicted in details/Show All Multiple Verbatim Predicted Result/Accessibility/span_Facility' is present

2017-11-13 12:22:30 - [MESSAGE][PASSED] - Object 'Object Repository/Predicted in details/Show All Multiple Verbatim Predicted Result/Accessibility/span_Facility' is present

2017-11-13 12:22:30 - [TEST_STEP][PASSED] - verifyElementPresent: Object 'Object Repository/Predicted in details/Show All Multiple Verbatim Predicted Result/Accessibility/span_Staffing' is present

2017-11-13 12:22:30 - [MESSAGE][PASSED] - Object 'Object Repository/Predicted in details/Show All Multiple Verbatim Predicted Result/Accessibility/span_Staffing' is present

2017-11-13 12:22:30 - [TEST_STEP][PASSED] - verifyElementPresent: Object 'Object Repository/Predicted in details/Show All Multiple Verbatim Predicted Result/Accessibility/span_System' is present

2017-11-13 12:22:30 - [MESSAGE][PASSED] - Object 'Object Repository/Predicted in details/Show All Multiple Verbatim Predicted Result/Accessibility/span_System' is present

2017-11-13 12:22:30 - [TEST_STEP][PASSED] - click: Object: 'Object Repository/Predicted in details/Button_Export' is clicked on

2017-11-13 12:22:30 - [MESSAGE][PASSED] - Object: 'Object Repository/Predicted in details/Button_Export' is clicked on

2017-11-13 12:22:30 - [TEST_STEP][PASSED] - click: Object: 'Object Repository/Predicted in details/Show All Multiple Verbatim Predicted Result/label_Accessibility' is clicked on

2017-11-13 12:22:30 - [MESSAGE][PASSED] - Object: 'Object Repository/Predicted in details/Show All Multiple Verbatim Predicted Result/label_Accessibility' is clicked on

2017-11-13 12:22:30 - [TEST_STEP][PASSED] - click: Object: 'Object Repository/Predicted in details/Show All Multiple Verbatim Predicted Result/Accessibility/i_fa fa-caret-right' is clicked on

2017-11-13 12:22:31 - [MESSAGE][PASSED] - Object: 'Object Repository/Predicted in details/Show All Multiple Verbatim Predicted Result/Accessibility/i_fa fa-caret-right' is clicked on

2017-11-13 12:22:31 - [TEST_STEP][PASSED] - click: Object: 'Object Repository/Predicted in details/Show All Multiple Verbatim Predicted Result/Accessibility/label_Capacity' is clicked on

2017-11-13 12:22:31 - [MESSAGE][PASSED] - Object: 'Object Repository/Predicted in details/Show All Multiple Verbatim Predicted Result/Accessibility/label_Capacity' is clicked on

2017-11-13 12:22:31 - [TEST_STEP][PASSED] - verifyElementPresent: Object 'Object Repository/Predicted in details/Show All Multiple Verbatim Predicted Result/Accessibility/span_Capacity' is present

2017-11-13 12:22:31 - [MESSAGE][PASSED] - Object 'Object Repository/Predicted in details/Show All Multiple Verbatim Predicted Result/Accessibility/span_Capacity' is present

2017-11-13 12:22:31 - [TEST_STEP][PASSED] - click: Object: 'Object Repository/Predicted in details/Button_Export' is clicked on

2017-11-13 12:22:31 - [MESSAGE][PASSED] - Object: 'Object Repository/Predicted in details/Button_Export' is clicked on

2017-11-13 12:22:31 - [TEST_STEP][PASSED] - click: Object: 'Object Repository/Predicted in details/Show All Multiple Verbatim Predicted Result/Accessibility/label_Capacity' is clicked on

2017-11-13 12:22:31 - [MESSAGE][PASSED] - Object: 'Object Repository/Predicted in details/Show All Multiple Verbatim Predicted Result/Accessibility/label_Capacity' is clicked on

2017-11-13 12:22:31 - [TEST_STEP][PASSED] - click: Object: 'Object Repository/Predicted in details/Show All Multiple Verbatim Predicted Result/Accessibility/label_Convenience' is clicked on

2017-11-13 12:22:31 - [MESSAGE][PASSED] - Object: 'Object Repository/Predicted in details/Show All Multiple Verbatim Predicted Result/Accessibility/label_Convenience' is clicked on

2017-11-13 12:22:31 - [TEST_STEP][PASSED] - verifyElementPresent: Object 'Object Repository/Predicted in details/Show All Multiple Verbatim Predicted Result/Accessibility/span_Convenience (1)' is present

2017-11-13 12:22:31 - [MESSAGE][PASSED] - Object 'Object Repository/Predicted in details/Show All Multiple Verbatim Predicted Result/Accessibility/span_Convenience (1)' is present

2017-11-13 12:22:31 - [TEST_STEP][PASSED] - click: Object: 'Object Repository/Predicted in details/Button_Export' is clicked on

2017-11-13 12:22:32 - [MESSAGE][PASSED] - Object: 'Object Repository/Predicted in details/Button_Export' is clicked on

2017-11-13 12:22:32 - [TEST_STEP][PASSED] - click: Object: 'Object Repository/Predicted in details/Show All Multiple Verbatim Predicted Result/Accessibility/label_Convenience' is clicked on

2017-11-13 12:22:32 - [MESSAGE][PASSED] - Object: 'Object Repository/Predicted in details/Show All Multiple Verbatim Predicted Result/Accessibility/label_Convenience' is clicked on

2017-11-13 12:22:32 - [TEST_STEP][PASSED] - click: Object: 'Object Repository/Predicted in details/Show All Multiple Verbatim Predicted Result/Accessibility/label_Staffing' is clicked on

2017-11-13 12:22:32 - [MESSAGE][PASSED] - Object: 'Object Repository/Predicted in details/Show All Multiple Verbatim Predicted Result/Accessibility/label_Staffing' is clicked on

2017-11-13 12:22:32 - [TEST_STEP][PASSED] - verifyElementPresent: Object 'Object Repository/Predicted in details/Show All Multiple Verbatim Predicted Result/Accessibility//span_Staffing 1' is present

2017-11-13 12:22:32 - [MESSAGE][PASSED] - Object 'Object Repository/Predicted in details/Show All Multiple Verbatim Predicted Result/Accessibility//span_Staffing 1' is present

2017-11-13 12:22:32 - [TEST_STEP][PASSED] - click: Object: 'Object Repository/Predicted in details/Button_Export' is clicked on

2017-11-13 12:22:32 - [MESSAGE][PASSED] - Object: 'Object Repository/Predicted in details/Button_Export' is clicked on

2017-11-13 12:22:32 - [TEST_STEP][PASSED] - click: Object: 'Object Repository/Predicted in details/Show All Multiple Verbatim Predicted Result/Accessibility/label_Staffing' is clicked on

2017-11-13 12:22:32 - [MESSAGE][PASSED] - Object: 'Object Repository/Predicted in details/Show All Multiple Verbatim Predicted Result/Accessibility/label_Staffing' is clicked on

2017-11-13 12:22:32 - [TEST_STEP][PASSED] - click: Object: 'Object Repository/Predicted in details/Show All Multiple Verbatim Predicted Result/Accessibility//label_System' is clicked on

2017-11-13 12:22:33 - [MESSAGE][PASSED] - Object: 'Object Repository/Predicted in details/Show All Multiple Verbatim Predicted Result/Accessibility//label_System' is clicked on

2017-11-13 12:22:33 - [TEST_STEP][PASSED] - verifyElementPresent: Object 'Object Repository/Predicted in details/Show All Multiple Verbatim Predicted Result/Accessibility/span_System 1' is present

2017-11-13 12:22:33 - [MESSAGE][PASSED] - Object 'Object Repository/Predicted in details/Show All Multiple Verbatim Predicted Result/Accessibility/span_System 1' is present

2017-11-13 12:22:33 - [TEST_STEP][PASSED] - click: Object: 'Object Repository/Predicted in details/Button_Export' is clicked on

2017-11-13 12:22:33 - [MESSAGE][PASSED] - Object: 'Object Repository/Predicted in details/Button_Export' is clicked on

2017-11-13 12:22:33 - [TEST_STEP][PASSED] - click: Object: 'Object Repository/Predicted in details/Show All Multiple Verbatim Predicted Result/Accessibility//label_System' is clicked on

2017-11-13 12:22:33 - [MESSAGE][PASSED] - Object: 'Object Repository/Predicted in details/Show All Multiple Verbatim Predicted Result/Accessibility//label_System' is clicked on

2017-11-13 12:22:33 - [TEST_STEP][PASSED] - click: Object: 'Object Repository/Predicted in details/Show All Multiple Verbatim Predicted Result/Accessibility//label_Facility' is clicked on

2017-11-13 12:22:33 - [MESSAGE][PASSED] - Object: 'Object Repository/Predicted in details/Show All Multiple Verbatim Predicted Result/Accessibility//label_Facility' is clicked on

2017-11-13 12:22:33 - [TEST_STEP][PASSED] - verifyElementPresent: Object 'Object Repository/Predicted in details/Show All Multiple Verbatim Predicted Result/Accessibility/span_Facility (1)' is present

2017-11-13 12:22:33 - [MESSAGE][PASSED] - Object 'Object Repository/Predicted in details/Show All Multiple Verbatim Predicted Result/Accessibility/span_Facility (1)' is present

2017-11-13 12:22:33 - [TEST_STEP][PASSED] - click: Object: 'Object Repository/Predicted in details/Button_Export' is clicked on

2017-11-13 12:22:33 - [MESSAGE][PASSED] - Object: 'Object Repository/Predicted in details/Button_Export' is clicked on

2017-11-13 12:22:33 - [TEST_STEP][PASSED] - click: Object: 'Object Repository/Predicted in details/Show All Multiple Verbatim Predicted Result/Accessibility//label_Facility' is clicked on

2017-11-13 12:22:33 - [MESSAGE][PASSED] - Object: 'Object Repository/Predicted in details/Show All Multiple Verbatim Predicted Result/Accessibility//label_Facility' is clicked on

2017-11-13 12:22:33 - [TEST_STEP][PASSED] - click: Object: 'Object Repository/Predicted in details/Show All Multiple Verbatim Predicted Result/Company Brand/label_Company Brand' is clicked on

2017-11-13 12:22:34 - [MESSAGE][PASSED] - Object: 'Object Repository/Predicted in details/Show All Multiple Verbatim Predicted Result/Company Brand/label_Company Brand' is clicked on

2017-11-13 12:22:34 - [TEST_STEP][PASSED] - verifyElementPresent: Object 'Object Repository/Predicted in details/Show All Multiple Verbatim Predicted Result/Company Brand//span_Advertising (1)' is present

2017-11-13 12:22:34 - [MESSAGE][PASSED] - Object 'Object Repository/Predicted in details/Show All Multiple Verbatim Predicted Result/Company Brand//span_Advertising (1)' is present

2017-11-13 12:22:34 - [TEST_STEP][PASSED] - verifyElementPresent: Object 'Object Repository/Predicted in details/Show All Multiple Verbatim Predicted Result/Company Brand//span_Loyalty (1)' is present

2017-11-13 12:22:34 - [MESSAGE][PASSED] - Object 'Object Repository/Predicted in details/Show All Multiple Verbatim Predicted Result/Company Brand//span_Loyalty (1)' is present

2017-11-13 12:22:34 - [TEST_STEP][PASSED] - verifyElementPresent: Object 'Object Repository/Predicted in details/Show All Multiple Verbatim Predicted Result/Company Brand/span_Credibility' is present

2017-11-13 12:22:34 - [MESSAGE][PASSED] - Object 'Object Repository/Predicted in details/Show All Multiple Verbatim Predicted Result/Company Brand/span_Credibility' is present

2017-11-13 12:22:34 - [TEST_STEP][PASSED] - click: Object: 'Object Repository/Predicted in details/Button_Export' is clicked on

2017-11-13 12:22:34 - [MESSAGE][PASSED] - Object: 'Object Repository/Predicted in details/Button_Export' is clicked on

2017-11-13 12:22:34 - [TEST_STEP][PASSED] - click: Object: 'Object Repository/Predicted in details/Show All Multiple Verbatim Predicted Result/Company Brand/label_Company Brand' is clicked on

2017-11-13 12:22:34 - [MESSAGE][PASSED] - Object: 'Object Repository/Predicted in details/Show All Multiple Verbatim Predicted Result/Company Brand/label_Company Brand' is clicked on

2017-11-13 12:22:34 - [TEST_STEP][PASSED] - click: Object: 'Object Repository/Predicted in details/Show All Multiple Verbatim Predicted Result/Company Brand/i_fa fa-caret-right' is clicked on

2017-11-13 12:22:35 - [MESSAGE][PASSED] - Object: 'Object Repository/Predicted in details/Show All Multiple Verbatim Predicted Result/Company Brand/i_fa fa-caret-right' is clicked on

2017-11-13 12:22:35 - [TEST_STEP][PASSED] - click: Object: 'Object Repository/Predicted in details/Show All Multiple Verbatim Predicted Result/Company Brand//label_Advertising' is clicked on

2017-11-13 12:22:35 - [MESSAGE][PASSED] - Object: 'Object Repository/Predicted in details/Show All Multiple Verbatim Predicted Result/Company Brand//label_Advertising' is clicked on

2017-11-13 12:22:35 - [TEST_STEP][PASSED] - verifyElementPresent: Object 'Object Repository/Predicted in details/Show All Multiple Verbatim Predicted Result/Company Brand//span_Advertising 1' is present

2017-11-13 12:22:35 - [MESSAGE][PASSED] - Object 'Object Repository/Predicted in details/Show All Multiple Verbatim Predicted Result/Company Brand//span_Advertising 1' is present

2017-11-13 12:22:35 - [TEST_STEP][PASSED] - click: Object: 'Object Repository/Predicted in details/Button_Export' is clicked on

2017-11-13 12:22:35 - [MESSAGE][PASSED] - Object: 'Object Repository/Predicted in details/Button_Export' is clicked on

2017-11-13 12:22:35 - [TEST_STEP][PASSED] - click: Object: 'Object Repository/Predicted in details/Show All Multiple Verbatim Predicted Result/Company Brand//label_Advertising' is clicked on

2017-11-13 12:22:35 - [MESSAGE][PASSED] - Object: 'Object Repository/Predicted in details/Show All Multiple Verbatim Predicted Result/Company Brand//label_Advertising' is clicked on

2017-11-13 12:22:35 - [TEST_STEP][PASSED] - click: Object: 'Object Repository/Predicted in details/Show All Multiple Verbatim Predicted Result/Company Brand//label_Loyalty' is clicked on

2017-11-13 12:22:35 - [MESSAGE][PASSED] - Object: 'Object Repository/Predicted in details/Show All Multiple Verbatim Predicted Result/Company Brand//label_Loyalty' is clicked on

2017-11-13 12:22:35 - [TEST_STEP][PASSED] - verifyElementPresent: Object 'Object Repository/Predicted in details/Show All Multiple Verbatim Predicted Result/Company Brand//span_Loyalty 1' is present

2017-11-13 12:22:35 - [MESSAGE][PASSED] - Object 'Object Repository/Predicted in details/Show All Multiple Verbatim Predicted Result/Company Brand//span_Loyalty 1' is present

2017-11-13 12:22:35 - [TEST_STEP][PASSED] - click: Object: 'Object Repository/Predicted in details/Button_Export' is clicked on

2017-11-13 12:22:35 - [MESSAGE][PASSED] - Object: 'Object Repository/Predicted in details/Button_Export' is clicked on

2017-11-13 12:22:35 - [TEST_STEP][PASSED] - click: Object: 'Object Repository/Predicted in details/Show All Multiple Verbatim Predicted Result/Company Brand//label_Loyalty' is clicked on

2017-11-13 12:22:36 - [MESSAGE][PASSED] - Object: 'Object Repository/Predicted in details/Show All Multiple Verbatim Predicted Result/Company Brand//label_Loyalty' is clicked on

2017-11-13 12:22:36 - [TEST_STEP][PASSED] - click: Object: 'Object Repository/Predicted in details/Show All Multiple Verbatim Predicted Result/Process//label_Process' is clicked on

2017-11-13 12:22:36 - [MESSAGE][PASSED] - Object: 'Object Repository/Predicted in details/Show All Multiple Verbatim Predicted Result/Process//label_Process' is clicked on

2017-11-13 12:22:36 - [TEST_STEP][PASSED] - verifyElementPresent: Object 'Object Repository/Predicted in details/Show All Multiple Verbatim Predicted Result/Process//span_Quality' is present

2017-11-13 12:22:36 - [MESSAGE][PASSED] - Object 'Object Repository/Predicted in details/Show All Multiple Verbatim Predicted Result/Process//span_Quality' is present

2017-11-13 12:22:36 - [TEST_STEP][PASSED] - verifyElementPresent: Object 'Object Repository/Predicted in details/Show All Multiple Verbatim Predicted Result/Process/span_Simplicity' is present

2017-11-13 12:22:36 - [MESSAGE][PASSED] - Object 'Object Repository/Predicted in details/Show All Multiple Verbatim Predicted Result/Process/span_Simplicity' is present

2017-11-13 12:22:36 - [TEST_STEP][PASSED] - verifyElementPresent: Object 'Object Repository/Predicted in details/Show All Multiple Verbatim Predicted Result/Process//span_SLA' is present

2017-11-13 12:22:36 - [MESSAGE][PASSED] - Object 'Object Repository/Predicted in details/Show All Multiple Verbatim Predicted Result/Process//span_SLA' is present

2017-11-13 12:22:36 - [TEST_STEP][PASSED] - click: Object: 'Object Repository/Predicted in details/Button_Export' is clicked on

2017-11-13 12:22:36 - [MESSAGE][PASSED] - Object: 'Object Repository/Predicted in details/Button_Export' is clicked on

2017-11-13 12:22:36 - [TEST_STEP][PASSED] - click: Object: 'Object Repository/Predicted in details/Show All Multiple Verbatim Predicted Result/Process//label_Process' is clicked on

2017-11-13 12:22:37 - [MESSAGE][PASSED] - Object: 'Object Repository/Predicted in details/Show All Multiple Verbatim Predicted Result/Process//label_Process' is clicked on

2017-11-13 12:22:37 - [TEST_STEP][PASSED] - click: Object: 'Object Repository/Predicted in details/Show All Multiple Verbatim Predicted Result/Process//i_fa fa-caret-right' is clicked on

2017-11-13 12:22:37 - [MESSAGE][PASSED] - Object: 'Object Repository/Predicted in details/Show All Multiple Verbatim Predicted Result/Process//i_fa fa-caret-right' is clicked on

2017-11-13 12:22:37 - [TEST_STEP][PASSED] - click: Object: 'Object Repository/Predicted in details/Show All Multiple Verbatim Predicted Result/Process//label_Quantity' is clicked on

2017-11-13 12:22:37 - [MESSAGE][PASSED] - Object: 'Object Repository/Predicted in details/Show All Multiple Verbatim Predicted Result/Process//label_Quantity' is clicked on

2017-11-13 12:22:37 - [TEST_STEP][PASSED] - verifyElementPresent: Object 'Object Repository/Predicted in details/Show All Multiple Verbatim Predicted Result/Process//span_Quality (1)' is present

2017-11-13 12:22:37 - [MESSAGE][PASSED] - Object 'Object Repository/Predicted in details/Show All Multiple Verbatim Predicted Result/Process//span_Quality (1)' is present

2017-11-13 12:22:37 - [TEST_STEP][PASSED] - click: Object: 'Object Repository/Predicted in details/Button_Export' is clicked on

2017-11-13 12:22:37 - [MESSAGE][PASSED] - Object: 'Object Repository/Predicted in details/Button_Export' is clicked on

2017-11-13 12:22:37 - [TEST_STEP][PASSED] - click: Object: 'Object Repository/Predicted in details/Show All Multiple Verbatim Predicted Result/Process//label_Quantity' is clicked on

2017-11-13 12:22:37 - [MESSAGE][PASSED] - Object: 'Object Repository/Predicted in details/Show All Multiple Verbatim Predicted Result/Process//label_Quantity' is clicked on

2017-11-13 12:22:37 - [TEST_STEP][PASSED] - click: Object: 'Object Repository/Predicted in details/Show All Multiple Verbatim Predicted Result/Process//label_Simplicity' is clicked on

2017-11-13 12:22:38 - [MESSAGE][PASSED] - Object: 'Object Repository/Predicted in details/Show All Multiple Verbatim Predicted Result/Process//label_Simplicity' is clicked on

2017-11-13 12:22:38 - [TEST_STEP][PASSED] - verifyElementPresent: Object 'Object Repository/Predicted in details/Show All Multiple Verbatim Predicted Result/Process/span_Simplicity (1)' is present

2017-11-13 12:22:38 - [MESSAGE][PASSED] - Object 'Object Repository/Predicted in details/Show All Multiple Verbatim Predicted Result/Process/span_Simplicity (1)' is present

2017-11-13 12:22:38 - [TEST_STEP][PASSED] - click: Object: 'Object Repository/Predicted in details/Button_Export' is clicked on

2017-11-13 12:22:38 - [MESSAGE][PASSED] - Object: 'Object Repository/Predicted in details/Button_Export' is clicked on

2017-11-13 12:22:38 - [TEST_STEP][PASSED] - click: Object: 'Object Repository/Predicted in details/Show All Multiple Verbatim Predicted Result/Process//label_Simplicity' is clicked on

2017-11-13 12:22:38 - [MESSAGE][PASSED] - Object: 'Object Repository/Predicted in details/Show All Multiple Verbatim Predicted Result/Process//label_Simplicity' is clicked on

2017-11-13 12:22:38 - [TEST_STEP][PASSED] - click: Object: 'Object Repository/Predicted in details/Show All Multiple Verbatim Predicted Result/Process//label_SLA' is clicked on

2017-11-13 12:22:38 - [MESSAGE][PASSED] - Object: 'Object Repository/Predicted in details/Show All Multiple Verbatim Predicted Result/Process//label_SLA' is clicked on

2017-11-13 12:22:38 - [TEST_STEP][PASSED] - verifyElementPresent: Object 'Object Repository/Predicted in details/Show All Multiple Verbatim Predicted Result/Process//span_SLA (1)' is present

2017-11-13 12:22:38 - [MESSAGE][PASSED] - Object 'Object Repository/Predicted in details/Show All Multiple Verbatim Predicted Result/Process//span_SLA (1)' is present

2017-11-13 12:22:38 - [TEST_STEP][PASSED] - click: Object: 'Object Repository/Predicted in details/Button_Export' is clicked on

2017-11-13 12:22:38 - [MESSAGE][PASSED] - Object: 'Object Repository/Predicted in details/Button_Export' is clicked on

2017-11-13 12:22:38 - [TEST_STEP][PASSED] - click: Object: 'Object Repository/Predicted in details/Show All Multiple Verbatim Predicted Result/Process//label_SLA' is clicked on

2017-11-13 12:22:39 - [MESSAGE][PASSED] - Object: 'Object Repository/Predicted in details/Show All Multiple Verbatim Predicted Result/Process//label_SLA' is clicked on

2017-11-13 12:22:39 - [TEST_STEP][PASSED] - click: Object: 'Object Repository/Predicted in details/Show All Multiple Verbatim Predicted Result/Prodyct Feature//label_Product Feature' is clicked on

2017-11-13 12:22:39 - [MESSAGE][PASSED] - Object: 'Object Repository/Predicted in details/Show All Multiple Verbatim Predicted Result/Prodyct Feature//label_Product Feature' is clicked on

2017-11-13 12:22:39 - [TEST_STEP][PASSED] - verifyElementPresent: Object 'Object Repository/Predicted in details/Show All Multiple Verbatim Predicted Result/Prodyct Feature/001/span_Dispute' is present

2017-11-13 12:22:39 - [MESSAGE][PASSED] - Object 'Object Repository/Predicted in details/Show All Multiple Verbatim Predicted Result/Prodyct Feature/001/span_Dispute' is present

2017-11-13 12:22:39 - [TEST_STEP][PASSED] - verifyElementPresent: Object 'Object Repository/Predicted in details/Show All Multiple Verbatim Predicted Result/Prodyct Feature/001/span_Ease of Use' is present

2017-11-13 12:22:39 - [MESSAGE][PASSED] - Object 'Object Repository/Predicted in details/Show All Multiple Verbatim Predicted Result/Prodyct Feature/001/span_Ease of Use' is present

2017-11-13 12:22:39 - [TEST_STEP][PASSED] - verifyElementPresent: Object 'Object Repository/Predicted in details/Show All Multiple Verbatim Predicted Result/Prodyct Feature/001/span_Privilege' is present

2017-11-13 12:22:39 - [MESSAGE][PASSED] - Object 'Object Repository/Predicted in details/Show All Multiple Verbatim Predicted Result/Prodyct Feature/001/span_Privilege' is present

2017-11-13 12:22:39 - [TEST_STEP][PASSED] - verifyElementPresent: Object 'Object Repository/Predicted in details/Show All Multiple Verbatim Predicted Result/Prodyct Feature/001/span_Promotion' is present

2017-11-13 12:22:39 - [MESSAGE][PASSED] - Object 'Object Repository/Predicted in details/Show All Multiple Verbatim Predicted Result/Prodyct Feature/001/span_Promotion' is present

2017-11-13 12:22:39 - [TEST_STEP][PASSED] - verifyElementPresent: Object 'Object Repository/Predicted in details/Show All Multiple Verbatim Predicted Result/Prodyct Feature/001/span_Variability' is present

2017-11-13 12:22:39 - [MESSAGE][PASSED] - Object 'Object Repository/Predicted in details/Show All Multiple Verbatim Predicted Result/Prodyct Feature/001/span_Variability' is present

2017-11-13 12:22:39 - [TEST_STEP][PASSED] - click: Object: 'Object Repository/Predicted in details/Show All Multiple Verbatim Predicted Result/Prodyct Feature/a_page-link' is clicked on

2017-11-13 12:22:40 - [MESSAGE][PASSED] - Object: 'Object Repository/Predicted in details/Show All Multiple Verbatim Predicted Result/Prodyct Feature/a_page-link' is clicked on

2017-11-13 12:22:40 - [TEST_STEP][PASSED] - verifyElementPresent: Object 'Object Repository/Predicted in details/Show All Multiple Verbatim Predicted Result/Prodyct Feature/001/span_Incident' is present

2017-11-13 12:22:40 - [MESSAGE][PASSED] - Object 'Object Repository/Predicted in details/Show All Multiple Verbatim Predicted Result/Prodyct Feature/001/span_Incident' is present

2017-11-13 12:22:40 - [TEST_STEP][PASSED] - verifyElementPresent: Object 'Object Repository/Predicted in details/Show All Multiple Verbatim Predicted Result/Prodyct Feature/001/span_Performance' is present

2017-11-13 12:22:40 - [MESSAGE][PASSED] - Object 'Object Repository/Predicted in details/Show All Multiple Verbatim Predicted Result/Prodyct Feature/001/span_Performance' is present

2017-11-13 12:22:40 - [TEST_STEP][PASSED] - verifyElementPresent: Object 'Object Repository/Predicted in details/Show All Multiple Verbatim Predicted Result/Prodyct Feature/001/span_Fee' is present

2017-11-13 12:22:40 - [MESSAGE][PASSED] - Object 'Object Repository/Predicted in details/Show All Multiple Verbatim Predicted Result/Prodyct Feature/001/span_Fee' is present

2017-11-13 12:22:40 - [TEST_STEP][PASSED] - verifyElementPresent: Object 'Object Repository/Predicted in details/Show All Multiple Verbatim Predicted Result/Prodyct Feature/001/span_Policy' is present

2017-11-13 12:22:40 - [MESSAGE][PASSED] - Object 'Object Repository/Predicted in details/Show All Multiple Verbatim Predicted Result/Prodyct Feature/001/span_Policy' is present

2017-11-13 12:22:40 - [TEST_STEP][PASSED] - click: Object: 'Object Repository/Predicted in details/Button_Export' is clicked on

2017-11-13 12:22:40 - [MESSAGE][PASSED] - Object: 'Object Repository/Predicted in details/Button_Export' is clicked on

2017-11-13 12:22:40 - [TEST_STEP][PASSED] - click: Object: 'Object Repository/Predicted in details/Show All Multiple Verbatim Predicted Result/Prodyct Feature//label_Product Feature' is clicked on

2017-11-13 12:22:40 - [MESSAGE][PASSED] - Object: 'Object Repository/Predicted in details/Show All Multiple Verbatim Predicted Result/Prodyct Feature//label_Product Feature' is clicked on

2017-11-13 12:22:40 - [TEST_STEP][PASSED] - click: Object: 'Object Repository/Predicted in details/Show All Multiple Verbatim Predicted Result/Prodyct Feature//i_fa fa-caret-right' is clicked on

2017-11-13 12:22:41 - [MESSAGE][PASSED] - Object: 'Object Repository/Predicted in details/Show All Multiple Verbatim Predicted Result/Prodyct Feature//i_fa fa-caret-right' is clicked on

2017-11-13 12:22:41 - [TEST_STEP][PASSED] - click: Object: 'Object Repository/Predicted in details/Show All Multiple Verbatim Predicted Result/Prodyct Feature//label_Dispute' is clicked on

2017-11-13 12:22:41 - [MESSAGE][PASSED] - Object: 'Object Repository/Predicted in details/Show All Multiple Verbatim Predicted Result/Prodyct Feature//label_Dispute' is clicked on

2017-11-13 12:22:41 - [TEST_STEP][PASSED] - verifyElementPresent: Object 'Object Repository/Predicted in details/Show All Multiple Verbatim Predicted Result/Prodyct Feature/span_Dispute (1)' is present

2017-11-13 12:22:41 - [MESSAGE][PASSED] - Object 'Object Repository/Predicted in details/Show All Multiple Verbatim Predicted Result/Prodyct Feature/span_Dispute (1)' is present

2017-11-13 12:22:41 - [TEST_STEP][PASSED] - click: Object: 'Object Repository/Predicted in details/Button_Export' is clicked on

2017-11-13 12:22:41 - [MESSAGE][PASSED] - Object: 'Object Repository/Predicted in details/Button_Export' is clicked on

2017-11-13 12:22:41 - [TEST_STEP][PASSED] - click: Object: 'Object Repository/Predicted in details/Show All Multiple Verbatim Predicted Result/Prodyct Feature//label_Dispute' is clicked on

2017-11-13 12:22:41 - [MESSAGE][PASSED] - Object: 'Object Repository/Predicted in details/Show All Multiple Verbatim Predicted Result/Prodyct Feature//label_Dispute' is clicked on

2017-11-13 12:22:41 - [TEST_STEP][PASSED] - click: Object: 'Object Repository/Predicted in details/Show All Multiple Verbatim Predicted Result/Prodyct Feature//label_Privilege' is clicked on

2017-11-13 12:22:41 - [MESSAGE][PASSED] - Object: 'Object Repository/Predicted in details/Show All Multiple Verbatim Predicted Result/Prodyct Feature//label_Privilege' is clicked on

2017-11-13 12:22:41 - [TEST_STEP][PASSED] - verifyElementPresent: Object 'Object Repository/Predicted in details/Show All Multiple Verbatim Predicted Result/Prodyct Feature//span_Privilege (1)' is present

2017-11-13 12:22:41 - [MESSAGE][PASSED] - Object 'Object Repository/Predicted in details/Show All Multiple Verbatim Predicted Result/Prodyct Feature//span_Privilege (1)' is present

2017-11-13 12:22:41 - [TEST_STEP][PASSED] - click: Object: 'Object Repository/Predicted in details/Button_Export' is clicked on

2017-11-13 12:22:41 - [MESSAGE][PASSED] - Object: 'Object Repository/Predicted in details/Button_Export' is clicked on

2017-11-13 12:22:41 - [TEST_STEP][PASSED] - click: Object: 'Object Repository/Predicted in details/Show All Multiple Verbatim Predicted Result/Prodyct Feature//label_Privilege' is clicked on

2017-11-13 12:22:42 - [MESSAGE][PASSED] - Object: 'Object Repository/Predicted in details/Show All Multiple Verbatim Predicted Result/Prodyct Feature//label_Privilege' is clicked on

2017-11-13 12:22:42 - [TEST_STEP][PASSED] - click: Object: 'Object Repository/Predicted in details/Show All Multiple Verbatim Predicted Result/Prodyct Feature//label_Ease of Use' is clicked on

2017-11-13 12:22:42 - [MESSAGE][PASSED] - Object: 'Object Repository/Predicted in details/Show All Multiple Verbatim Predicted Result/Prodyct Feature//label_Ease of Use' is clicked on

2017-11-13 12:22:42 - [TEST_STEP][PASSED] - verifyElementPresent: Object 'Object Repository/Predicted in details/Show All Multiple Verbatim Predicted Result/Prodyct Feature/span_Ease of Use' is present

2017-11-13 12:22:42 - [MESSAGE][PASSED] - Object 'Object Repository/Predicted in details/Show All Multiple Verbatim Predicted Result/Prodyct Feature/span_Ease of Use' is present

2017-11-13 12:22:42 - [TEST_STEP][PASSED] - click: Object: 'Object Repository/Predicted in details/Button_Export' is clicked on

2017-11-13 12:22:42 - [MESSAGE][PASSED] - Object: 'Object Repository/Predicted in details/Button_Export' is clicked on

2017-11-13 12:22:42 - [TEST_STEP][PASSED] - click: Object: 'Object Repository/Predicted in details/Show All Multiple Verbatim Predicted Result/Prodyct Feature//label_Ease of Use' is clicked on

2017-11-13 12:22:42 - [MESSAGE][PASSED] - Object: 'Object Repository/Predicted in details/Show All Multiple Verbatim Predicted Result/Prodyct Feature//label_Ease of Use' is clicked on

2017-11-13 12:22:42 - [TEST_STEP][PASSED] - click: Object: 'Object Repository/Predicted in details/Show All Multiple Verbatim Predicted Result/Prodyct Feature//label_Promotion' is clicked on

2017-11-13 12:22:43 - [MESSAGE][PASSED] - Object: 'Object Repository/Predicted in details/Show All Multiple Verbatim Predicted Result/Prodyct Feature//label_Promotion' is clicked on

2017-11-13 12:22:43 - [TEST_STEP][PASSED] - verifyElementPresent: Object 'Object Repository/Predicted in details/Show All Multiple Verbatim Predicted Result/Prodyct Feature//span_Promotion (1)' is present

2017-11-13 12:22:43 - [MESSAGE][PASSED] - Object 'Object Repository/Predicted in details/Show All Multiple Verbatim Predicted Result/Prodyct Feature//span_Promotion (1)' is present

2017-11-13 12:22:43 - [TEST_STEP][PASSED] - click: Object: 'Object Repository/Predicted in details/Button_Export' is clicked on

2017-11-13 12:22:43 - [MESSAGE][PASSED] - Object: 'Object Repository/Predicted in details/Button_Export' is clicked on

2017-11-13 12:22:43 - [TEST_STEP][PASSED] - click: Object: 'Object Repository/Predicted in details/Show All Multiple Verbatim Predicted Result/Prodyct Feature//label_Promotion' is clicked on

2017-11-13 12:22:43 - [MESSAGE][PASSED] - Object: 'Object Repository/Predicted in details/Show All Multiple Verbatim Predicted Result/Prodyct Feature//label_Promotion' is clicked on

2017-11-13 12:22:43 - [TEST_STEP][PASSED] - click: Object: 'Object Repository/Predicted in details/Show All Multiple Verbatim Predicted Result/Prodyct Feature//label_Variability' is clicked on

2017-11-13 12:22:44 - [MESSAGE][PASSED] - Object: 'Object Repository/Predicted in details/Show All Multiple Verbatim Predicted Result/Prodyct Feature//label_Variability' is clicked on

2017-11-13 12:22:44 - [TEST_STEP][PASSED] - verifyElementPresent: Object 'Object Repository/Predicted in details/Show All Multiple Verbatim Predicted Result/Prodyct Feature//span_Variability (1)' is present

2017-11-13 12:22:44 - [MESSAGE][PASSED] - Object 'Object Repository/Predicted in details/Show All Multiple Verbatim Predicted Result/Prodyct Feature//span_Variability (1)' is present

2017-11-13 12:22:44 - [TEST_STEP][PASSED] - click: Object: 'Object Repository/Predicted in details/Button_Export' is clicked on

2017-11-13 12:22:44 - [MESSAGE][PASSED] - Object: 'Object Repository/Predicted in details/Button_Export' is clicked on

2017-11-13 12:22:44 - [TEST_STEP][PASSED] - click: Object: 'Object Repository/Predicted in details/Show All Multiple Verbatim Predicted Result/Prodyct Feature//label_Variability' is clicked on

2017-11-13 12:22:44 - [MESSAGE][PASSED] - Object: 'Object Repository/Predicted in details/Show All Multiple Verbatim Predicted Result/Prodyct Feature//label_Variability' is clicked on

2017-11-13 12:22:44 - [TEST_STEP][PASSED] - click: Object: 'Object Repository/Predicted in details/Show All Multiple Verbatim Predicted Result/Prodyct Feature//label_Incident' is clicked on

2017-11-13 12:22:44 - [MESSAGE][PASSED] - Object: 'Object Repository/Predicted in details/Show All Multiple Verbatim Predicted Result/Prodyct Feature//label_Incident' is clicked on

2017-11-13 12:22:44 - [TEST_STEP][PASSED] - verifyElementPresent: Object 'Object Repository/Predicted in details/Show All Multiple Verbatim Predicted Result/Prodyct Feature//span_Incident (1)' is present

2017-11-13 12:22:44 - [MESSAGE][PASSED] - Object 'Object Repository/Predicted in details/Show All Multiple Verbatim Predicted Result/Prodyct Feature//span_Incident (1)' is present

2017-11-13 12:22:44 - [TEST_STEP][PASSED] - click: Object: 'Object Repository/Predicted in details/Button_Export' is clicked on

2017-11-13 12:22:44 - [MESSAGE][PASSED] - Object: 'Object Repository/Predicted in details/Button_Export' is clicked on

2017-11-13 12:22:44 - [TEST_STEP][PASSED] - click: Object: 'Object Repository/Predicted in details/Show All Multiple Verbatim Predicted Result/Prodyct Feature//label_Incident' is clicked on

2017-11-13 12:22:45 - [MESSAGE][PASSED] - Object: 'Object Repository/Predicted in details/Show All Multiple Verbatim Predicted Result/Prodyct Feature//label_Incident' is clicked on

2017-11-13 12:22:45 - [TEST_STEP][PASSED] - click: Object: 'Object Repository/Predicted in details/Show All Multiple Verbatim Predicted Result/Prodyct Feature//label_Performance' is clicked on

2017-11-13 12:22:45 - [MESSAGE][PASSED] - Object: 'Object Repository/Predicted in details/Show All Multiple Verbatim Predicted Result/Prodyct Feature//label_Performance' is clicked on

2017-11-13 12:22:45 - [TEST_STEP][PASSED] - verifyElementPresent: Object 'Object Repository/Predicted in details/Show All Multiple Verbatim Predicted Result/Prodyct Feature//span_Performance (1)' is present

2017-11-13 12:22:45 - [MESSAGE][PASSED] - Object 'Object Repository/Predicted in details/Show All Multiple Verbatim Predicted Result/Prodyct Feature//span_Performance (1)' is present

2017-11-13 12:22:45 - [TEST_STEP][PASSED] - click: Object: 'Object Repository/Predicted in details/Button_Export' is clicked on

2017-11-13 12:22:45 - [MESSAGE][PASSED] - Object: 'Object Repository/Predicted in details/Button_Export' is clicked on

2017-11-13 12:22:45 - [TEST_STEP][PASSED] - click: Object: 'Object Repository/Predicted in details/Show All Multiple Verbatim Predicted Result/Prodyct Feature//label_Performance' is clicked on

2017-11-13 12:22:45 - [MESSAGE][PASSED] - Object: 'Object Repository/Predicted in details/Show All Multiple Verbatim Predicted Result/Prodyct Feature//label_Performance' is clicked on

2017-11-13 12:22:45 - [TEST_STEP][PASSED] - click: Object: 'Object Repository/Predicted in details/Show All Multiple Verbatim Predicted Result/Prodyct Feature//label_Fee' is clicked on

2017-11-13 12:22:46 - [MESSAGE][PASSED] - Object: 'Object Repository/Predicted in details/Show All Multiple Verbatim Predicted Result/Prodyct Feature//label_Fee' is clicked on

2017-11-13 12:22:46 - [TEST_STEP][PASSED] - verifyElementPresent: Object 'Object Repository/Predicted in details/Show All Multiple Verbatim Predicted Result/Prodyct Feature//span_Fee (1)' is present

2017-11-13 12:22:46 - [MESSAGE][PASSED] - Object 'Object Repository/Predicted in details/Show All Multiple Verbatim Predicted Result/Prodyct Feature//span_Fee (1)' is present

2017-11-13 12:22:46 - [TEST_STEP][PASSED] - click: Object: 'Object Repository/Predicted in details/Button_Export' is clicked on

2017-11-13 12:22:46 - [MESSAGE][PASSED] - Object: 'Object Repository/Predicted in details/Button_Export' is clicked on

2017-11-13 12:22:46 - [TEST_STEP][PASSED] - click: Object: 'Object Repository/Predicted in details/Show All Multiple Verbatim Predicted Result/Prodyct Feature//label_Fee' is clicked on

2017-11-13 12:22:46 - [MESSAGE][PASSED] - Object: 'Object Repository/Predicted in details/Show All Multiple Verbatim Predicted Result/Prodyct Feature//label_Fee' is clicked on

2017-11-13 12:22:46 - [TEST_STEP][PASSED] - click: Object: 'Object Repository/Predicted in details/Show All Multiple Verbatim Predicted Result/Prodyct Feature//label_Policy' is clicked on

2017-11-13 12:22:46 - [MESSAGE][PASSED] - Object: 'Object Repository/Predicted in details/Show All Multiple Verbatim Predicted Result/Prodyct Feature//label_Policy' is clicked on

2017-11-13 12:22:46 - [TEST_STEP][PASSED] - verifyElementPresent: Object 'Object Repository/Predicted in details/Show All Multiple Verbatim Predicted Result/Prodyct Feature/span_Policy (1)' is present

2017-11-13 12:22:46 - [MESSAGE][PASSED] - Object 'Object Repository/Predicted in details/Show All Multiple Verbatim Predicted Result/Prodyct Feature/span_Policy (1)' is present

2017-11-13 12:22:46 - [TEST_STEP][PASSED] - click: Object: 'Object Repository/Predicted in details/Button_Export' is clicked on

2017-11-13 12:22:46 - [MESSAGE][PASSED] - Object: 'Object Repository/Predicted in details/Button_Export' is clicked on

2017-11-13 12:22:46 - [TEST_STEP][PASSED] - click: Object: 'Object Repository/Predicted in details/Show All Multiple Verbatim Predicted Result/Prodyct Feature//label_Policy' is clicked on

2017-11-13 12:22:47 - [MESSAGE][PASSED] - Object: 'Object Repository/Predicted in details/Show All Multiple Verbatim Predicted Result/Prodyct Feature//label_Policy' is clicked on

2017-11-13 12:22:47 - [TEST_STEP][PASSED] - click: Object: 'Object Repository/Predicted in details/Show All Multiple Verbatim Predicted Result/Staff Quality//label_Staff Quality' is clicked on

2017-11-13 12:22:47 - [MESSAGE][PASSED] - Object: 'Object Repository/Predicted in details/Show All Multiple Verbatim Predicted Result/Staff Quality//label_Staff Quality' is clicked on

2017-11-13 12:22:47 - [TEST_STEP][PASSED] - verifyElementPresent: Object 'Object Repository/Predicted in details/Show All Multiple Verbatim Predicted Result/Staff Quality//span_Communication skillKnowle' is present

2017-11-13 12:22:47 - [MESSAGE][PASSED] - Object 'Object Repository/Predicted in details/Show All Multiple Verbatim Predicted Result/Staff Quality//span_Communication skillKnowle' is present

2017-11-13 12:22:47 - [TEST_STEP][PASSED] - verifyElementPresent: Object 'Object Repository/Predicted in details/Show All Multiple Verbatim Predicted Result/Staff Quality//span_MannerService' is present

2017-11-13 12:22:47 - [MESSAGE][PASSED] - Object 'Object Repository/Predicted in details/Show All Multiple Verbatim Predicted Result/Staff Quality//span_MannerService' is present

2017-11-13 12:22:47 - [TEST_STEP][PASSED] - verifyElementPresent: Object 'Object Repository/Predicted in details/Show All Multiple Verbatim Predicted Result/Staff Quality//span_Take Ownership' is present

2017-11-13 12:22:47 - [MESSAGE][PASSED] - Object 'Object Repository/Predicted in details/Show All Multiple Verbatim Predicted Result/Staff Quality//span_Take Ownership' is present

2017-11-13 12:22:47 - [TEST_STEP][PASSED] - verifyElementPresent: Object 'Object Repository/Predicted in details/Show All Multiple Verbatim Predicted Result/Staff Quality//span_Force Sale' is present

2017-11-13 12:22:47 - [MESSAGE][PASSED] - Object 'Object Repository/Predicted in details/Show All Multiple Verbatim Predicted Result/Staff Quality//span_Force Sale' is present

2017-11-13 12:22:47 - [TEST_STEP][PASSED] - verifyElementPresent: Object 'Object Repository/Predicted in details/Show All Multiple Verbatim Predicted Result/Staff Quality/span_Ethic' is present

2017-11-13 12:22:48 - [MESSAGE][PASSED] - Object 'Object Repository/Predicted in details/Show All Multiple Verbatim Predicted Result/Staff Quality/span_Ethic' is present

2017-11-13 12:22:48 - [TEST_STEP][PASSED] - click: Object: 'Object Repository/Predicted in details/Show All Multiple Verbatim Predicted Result/Staff Quality/a_page-link' is clicked on

2017-11-13 12:22:48 - [MESSAGE][PASSED] - Object: 'Object Repository/Predicted in details/Show All Multiple Verbatim Predicted Result/Staff Quality/a_page-link' is clicked on

2017-11-13 12:22:48 - [TEST_STEP][PASSED] - verifyElementPresent: Object 'Object Repository/Predicted in details/Show All Multiple Verbatim Predicted Result/Staff Quality//span_Staff Appearance (1)' is present

2017-11-13 12:22:48 - [MESSAGE][PASSED] - Object 'Object Repository/Predicted in details/Show All Multiple Verbatim Predicted Result/Staff Quality//span_Staff Appearance (1)' is present

2017-11-13 12:22:48 - [TEST_STEP][PASSED] - click: Object: 'Object Repository/Predicted in details/Button_Export' is clicked on

2017-11-13 12:22:48 - [MESSAGE][PASSED] - Object: 'Object Repository/Predicted in details/Button_Export' is clicked on

2017-11-13 12:22:48 - [TEST_STEP][PASSED] - click: Object: 'Object Repository/Predicted in details/Show All Multiple Verbatim Predicted Result/Staff Quality//label_Staff Quality' is clicked on

2017-11-13 12:22:48 - [MESSAGE][PASSED] - Object: 'Object Repository/Predicted in details/Show All Multiple Verbatim Predicted Result/Staff Quality//label_Staff Quality' is clicked on

2017-11-13 12:22:48 - [TEST_STEP][PASSED] - click: Object: 'Object Repository/Predicted in details/Show All Multiple Verbatim Predicted Result/Staff Quality/i_fa fa-caret-right' is clicked on

2017-11-13 12:22:48 - [MESSAGE][PASSED] - Object: 'Object Repository/Predicted in details/Show All Multiple Verbatim Predicted Result/Staff Quality/i_fa fa-caret-right' is clicked on

2017-11-13 12:22:48 - [TEST_STEP][PASSED] - click: Object: 'Object Repository/Predicted in details/Show All Multiple Verbatim Predicted Result/Staff Quality//label_Communication SkillKnowl' is clicked on

2017-11-13 12:22:49 - [MESSAGE][PASSED] - Object: 'Object Repository/Predicted in details/Show All Multiple Verbatim Predicted Result/Staff Quality//label_Communication SkillKnowl' is clicked on

2017-11-13 12:22:49 - [TEST_STEP][PASSED] - verifyElementPresent: Object 'Object Repository/Predicted in details/Show All Multiple Verbatim Predicted Result/Staff Quality//span_Communication skillKnowle (1)' is present

2017-11-13 12:22:49 - [MESSAGE][PASSED] - Object 'Object Repository/Predicted in details/Show All Multiple Verbatim Predicted Result/Staff Quality//span_Communication skillKnowle (1)' is present

2017-11-13 12:22:49 - [TEST_STEP][PASSED] - click: Object: 'Object Repository/Predicted in details/Button_Export' is clicked on

2017-11-13 12:22:49 - [MESSAGE][PASSED] - Object: 'Object Repository/Predicted in details/Button_Export' is clicked on

2017-11-13 12:22:49 - [TEST_STEP][PASSED] - click: Object: 'Object Repository/Predicted in details/Show All Multiple Verbatim Predicted Result/Staff Quality//label_Communication SkillKnowl' is clicked on

2017-11-13 12:22:49 - [MESSAGE][PASSED] - Object: 'Object Repository/Predicted in details/Show All Multiple Verbatim Predicted Result/Staff Quality//label_Communication SkillKnowl' is clicked on

2017-11-13 12:22:49 - [TEST_STEP][PASSED] - click: Object: 'Object Repository/Predicted in details/Show All Multiple Verbatim Predicted Result/Staff Quality//label_ServiceManner' is clicked on

2017-11-13 12:22:49 - [MESSAGE][PASSED] - Object: 'Object Repository/Predicted in details/Show All Multiple Verbatim Predicted Result/Staff Quality//label_ServiceManner' is clicked on

2017-11-13 12:22:49 - [TEST_STEP][PASSED] - verifyElementPresent: Object 'Object Repository/Predicted in details/Show All Multiple Verbatim Predicted Result/Staff Quality//span_MannerService (1)' is present

2017-11-13 12:22:49 - [MESSAGE][PASSED] - Object 'Object Repository/Predicted in details/Show All Multiple Verbatim Predicted Result/Staff Quality//span_MannerService (1)' is present

2017-11-13 12:22:49 - [TEST_STEP][PASSED] - click: Object: 'Object Repository/Predicted in details/Button_Export' is clicked on

2017-11-13 12:22:49 - [MESSAGE][PASSED] - Object: 'Object Repository/Predicted in details/Button_Export' is clicked on

2017-11-13 12:22:49 - [TEST_STEP][PASSED] - click: Object: 'Object Repository/Predicted in details/Show All Multiple Verbatim Predicted Result/Staff Quality//label_ServiceManner' is clicked on

2017-11-13 12:22:50 - [MESSAGE][PASSED] - Object: 'Object Repository/Predicted in details/Show All Multiple Verbatim Predicted Result/Staff Quality//label_ServiceManner' is clicked on

2017-11-13 12:22:50 - [TEST_STEP][PASSED] - click: Object: 'Object Repository/Predicted in details/Show All Multiple Verbatim Predicted Result/Staff Quality//label_Take Ownership' is clicked on

2017-11-13 12:22:50 - [MESSAGE][PASSED] - Object: 'Object Repository/Predicted in details/Show All Multiple Verbatim Predicted Result/Staff Quality//label_Take Ownership' is clicked on

2017-11-13 12:22:50 - [TEST_STEP][PASSED] - verifyElementPresent: Object 'Object Repository/Predicted in details/Show All Multiple Verbatim Predicted Result/Staff Quality//span_Take Ownership (1)' is present

2017-11-13 12:22:50 - [MESSAGE][PASSED] - Object 'Object Repository/Predicted in details/Show All Multiple Verbatim Predicted Result/Staff Quality//span_Take Ownership (1)' is present

2017-11-13 12:22:50 - [TEST_STEP][PASSED] - click: Object: 'Object Repository/Predicted in details/Button_Export' is clicked on

2017-11-13 12:22:50 - [MESSAGE][PASSED] - Object: 'Object Repository/Predicted in details/Button_Export' is clicked on

2017-11-13 12:22:50 - [TEST_STEP][PASSED] - click: Object: 'Object Repository/Predicted in details/Show All Multiple Verbatim Predicted Result/Staff Quality//label_Take Ownership' is clicked on

2017-11-13 12:22:51 - [MESSAGE][PASSED] - Object: 'Object Repository/Predicted in details/Show All Multiple Verbatim Predicted Result/Staff Quality//label_Take Ownership' is clicked on

2017-11-13 12:22:51 - [TEST_STEP][PASSED] - click: Object: 'Object Repository/Predicted in details/Show All Multiple Verbatim Predicted Result/Staff Quality//label_Force Sale' is clicked on

2017-11-13 12:22:51 - [MESSAGE][PASSED] - Object: 'Object Repository/Predicted in details/Show All Multiple Verbatim Predicted Result/Staff Quality//label_Force Sale' is clicked on

2017-11-13 12:22:51 - [TEST_STEP][PASSED] - verifyElementPresent: Object 'Object Repository/Predicted in details/Show All Multiple Verbatim Predicted Result/Staff Quality/span_Force Sale (1)' is present

2017-11-13 12:22:51 - [MESSAGE][PASSED] - Object 'Object Repository/Predicted in details/Show All Multiple Verbatim Predicted Result/Staff Quality/span_Force Sale (1)' is present

2017-11-13 12:22:51 - [TEST_STEP][PASSED] - click: Object: 'Object Repository/Predicted in details/Button_Export' is clicked on

2017-11-13 12:22:51 - [MESSAGE][PASSED] - Object: 'Object Repository/Predicted in details/Button_Export' is clicked on

2017-11-13 12:22:51 - [TEST_STEP][PASSED] - click: Object: 'Object Repository/Predicted in details/Show All Multiple Verbatim Predicted Result/Staff Quality//label_Force Sale' is clicked on

2017-11-13 12:22:51 - [MESSAGE][PASSED] - Object: 'Object Repository/Predicted in details/Show All Multiple Verbatim Predicted Result/Staff Quality//label_Force Sale' is clicked on

2017-11-13 12:22:51 - [TEST_STEP][PASSED] - click: Object: 'Object Repository/Predicted in details/Multiple Prediction By SAI/label_Ethic (1)' is clicked on

2017-11-13 12:22:52 - [MESSAGE][PASSED] - Object: 'Object Repository/Predicted in details/Multiple Prediction By SAI/label_Ethic (1)' is clicked on

2017-11-13 12:22:52 - [TEST_STEP][PASSED] - verifyElementPresent: Object 'Object Repository/Predicted in details/Multiple Prediction By SAI//span_Staff Quality' is present

2017-11-13 12:22:52 - [MESSAGE][PASSED] - Object 'Object Repository/Predicted in details/Multiple Prediction By SAI//span_Staff Quality' is present

2017-11-13 12:22:52 - [TEST_STEP][PASSED] - verifyElementPresent: Object 'Object Repository/Predicted in details/Multiple Prediction By SAI/span_Private Reason' is present

2017-11-13 12:22:52 - [MESSAGE][PASSED] - Object 'Object Repository/Predicted in details/Multiple Prediction By SAI/span_Private Reason' is present

2017-11-13 12:22:52 - [TEST_STEP][PASSED] - click: Object: 'Object Repository/Predicted in details/Multiple Prediction By SAI/button_Export (1)' is clicked on

2017-11-13 12:22:52 - [MESSAGE][PASSED] - Object: 'Object Repository/Predicted in details/Multiple Prediction By SAI/button_Export (1)' is clicked on

2017-11-13 12:22:52 - [TEST_STEP][PASSED] - click: Object: 'Object Repository/Predicted in details/Multiple Prediction By SAI//label_Ethic_un' is clicked on

2017-11-13 12:22:52 - [MESSAGE][PASSED] - Object: 'Object Repository/Predicted in details/Multiple Prediction By SAI//label_Ethic_un' is clicked on

2017-11-13 12:22:52 - [TEST_STEP][PASSED] - click: Object: 'Object Repository/Predicted in details/Multiple Prediction By SAI//label_Staff Appearance' is clicked on

2017-11-13 12:22:52 - [MESSAGE][PASSED] - Object: 'Object Repository/Predicted in details/Multiple Prediction By SAI//label_Staff Appearance' is clicked on

2017-11-13 12:22:52 - [TEST_STEP][PASSED] - verifyElementPresent: Object 'Object Repository/Predicted in details/Multiple Prediction By SAI/span_Staff Quality (1)' is present

2017-11-13 12:22:52 - [MESSAGE][PASSED] - Object 'Object Repository/Predicted in details/Multiple Prediction By SAI/span_Staff Quality (1)' is present

2017-11-13 12:22:52 - [TEST_STEP][PASSED] - click: Object: 'Object Repository/Predicted in details/Multiple Prediction By SAI/button_Export02' is clicked on

2017-11-13 12:22:52 - [MESSAGE][PASSED] - Object: 'Object Repository/Predicted in details/Multiple Prediction By SAI/button_Export02' is clicked on

2017-11-13 12:22:52 - [TEST_STEP][PASSED] - click: Object: 'Object Repository/Predicted in details/Multiple Prediction By SAI//label_Staff Appearance_un' is clicked on

2017-11-13 12:22:53 - [MESSAGE][PASSED] - Object: 'Object Repository/Predicted in details/Multiple Prediction By SAI//label_Staff Appearance_un' is clicked on

2017-11-13 12:22:53 - [TEST_STEP][PASSED] - click: Object: 'Object Repository/Predicted in details/Multiple Prediction By SAI//i_fa fa-caret-right_private' is clicked on

2017-11-13 12:22:53 - [MESSAGE][PASSED] - Object: 'Object Repository/Predicted in details/Multiple Prediction By SAI//i_fa fa-caret-right_private' is clicked on

2017-11-13 12:22:53 - [TEST_STEP][PASSED] - click: Object: 'Object Repository/Predicted in details/Multiple Prediction By SAI//label_Private Reason' is clicked on

2017-11-13 12:22:53 - [MESSAGE][PASSED] - Object: 'Object Repository/Predicted in details/Multiple Prediction By SAI//label_Private Reason' is clicked on

2017-11-13 12:22:53 - [TEST_STEP][PASSED] - verifyElementPresent: Object 'Object Repository/Predicted in details/Multiple Prediction By SAI/span_Private Reason (1)' is present

2017-11-13 12:22:53 - [MESSAGE][PASSED] - Object 'Object Repository/Predicted in details/Multiple Prediction By SAI/span_Private Reason (1)' is present

2017-11-13 12:22:53 - [TEST_STEP][PASSED] - click: Object: 'Object Repository/Predicted in details/Multiple Prediction By SAI/button_Export03' is clicked on

2017-11-13 12:22:53 - [MESSAGE][PASSED] - Object: 'Object Repository/Predicted in details/Multiple Prediction By SAI/button_Export03' is clicked on

2017-11-13 12:22:53 - [TEST_STEP][PASSED] - click: Object: 'Object Repository/Predicted in details/Multiple Prediction By SAI/label_Private Reason_un' is clicked on

2017-11-13 12:22:53 - [MESSAGE][PASSED] - Object: 'Object Repository/Predicted in details/Multiple Prediction By SAI/label_Private Reason_un' is clicked on

2017-11-13 12:22:53 - [TEST_STEP][PASSED] - click: Object: 'Object Repository/Predicted in details/Multiple Prediction By SAI/i_fa fa-caret-right_time' is clicked on

2017-11-13 12:22:54 - [MESSAGE][PASSED] - Object: 'Object Repository/Predicted in details/Multiple Prediction By SAI/i_fa fa-caret-right_time' is clicked on

2017-11-13 12:22:54 - [TEST_STEP][PASSED] - click: Object: 'Object Repository/Predicted in details/Multiple Prediction By SAI//label_Timing' is clicked on

2017-11-13 12:22:54 - [MESSAGE][PASSED] - Object: 'Object Repository/Predicted in details/Multiple Prediction By SAI//label_Timing' is clicked on

2017-11-13 12:22:54 - [TEST_STEP][PASSED] - verifyElementPresent: Object 'Object Repository/Predicted in details/Multiple Prediction By SAI/span_Timing' is present

2017-11-13 12:22:54 - [MESSAGE][PASSED] - Object 'Object Repository/Predicted in details/Multiple Prediction By SAI/span_Timing' is present

2017-11-13 12:22:54 - [TEST_STEP][PASSED] - click: Object: 'Object Repository/Predicted in details/Multiple Prediction By SAI/button_Export04' is clicked on

2017-11-13 12:22:54 - [MESSAGE][PASSED] - Object: 'Object Repository/Predicted in details/Multiple Prediction By SAI/button_Export04' is clicked on

2017-11-13 12:22:54 - [TEST_STEP][PASSED] - click: Object: 'Object Repository/Predicted in details/Multiple Prediction By SAI//label_Timing_un' is clicked on

2017-11-13 12:22:54 - [MESSAGE][PASSED] - Object: 'Object Repository/Predicted in details/Multiple Prediction By SAI//label_Timing_un' is clicked on

2017-11-13 12:22:54 - [TEST_STEP][PASSED] - click: Object: 'Object Repository/Predicted in details/Multiple Prediction By SAI//label_Queue Time' is clicked on

2017-11-13 12:22:54 - [MESSAGE][PASSED] - Object: 'Object Repository/Predicted in details/Multiple Prediction By SAI//label_Queue Time' is clicked on

2017-11-13 12:22:54 - [TEST_STEP][PASSED] - verifyElementPresent: Object 'Object Repository/Predicted in details/Multiple Prediction By SAI//span_Timing' is present

2017-11-13 12:22:54 - [MESSAGE][PASSED] - Object 'Object Repository/Predicted in details/Multiple Prediction By SAI//span_Timing' is present

2017-11-13 12:22:54 - [TEST_STEP][PASSED] - click: Object: 'Object Repository/Predicted in details/Multiple Prediction By SAI/button_Export05' is clicked on

2017-11-13 12:22:55 - [MESSAGE][PASSED] - Object: 'Object Repository/Predicted in details/Multiple Prediction By SAI/button_Export05' is clicked on

2017-11-13 12:22:55 - [TEST_STEP][PASSED] - click: Object: 'Object Repository/Predicted in details/Multiple Prediction By SAI/label_Queue Time_un' is clicked on

2017-11-13 12:22:55 - [MESSAGE][PASSED] - Object: 'Object Repository/Predicted in details/Multiple Prediction By SAI/label_Queue Time_un' is clicked on

2017-11-13 12:22:55 - [TEST_STEP][PASSED] - click: Object: 'Object Repository/Predicted in details/Multiple Prediction By SAI//label_Service Time' is clicked on

2017-11-13 12:22:55 - [MESSAGE][PASSED] - Object: 'Object Repository/Predicted in details/Multiple Prediction By SAI//label_Service Time' is clicked on

2017-11-13 12:22:55 - [TEST_STEP][PASSED] - verifyElementPresent: Object 'Object Repository/Predicted in details/Multiple Prediction By SAI//span_Timing' is present

2017-11-13 12:22:55 - [MESSAGE][PASSED] - Object 'Object Repository/Predicted in details/Multiple Prediction By SAI//span_Timing' is present

2017-11-13 12:22:55 - [TEST_STEP][PASSED] - click: Object: 'Object Repository/Predicted in details/Multiple Prediction By SAI//button_Export06' is clicked on

2017-11-13 12:22:55 - [MESSAGE][PASSED] - Object: 'Object Repository/Predicted in details/Multiple Prediction By SAI//button_Export06' is clicked on

2017-11-13 12:22:55 - [TEST_STEP][PASSED] - click: Object: 'Object Repository/Predicted in details/Multiple Prediction By SAI//label_Service Time' is clicked on

2017-11-13 12:22:55 - [MESSAGE][PASSED] - Object: 'Object Repository/Predicted in details/Multiple Prediction By SAI//label_Service Time' is clicked on

2017-11-13 12:22:55 - [TEST_STEP][PASSED] - click: Object: 'Object Repository/Predicted in details/Multiple Prediction By SAI//label_Waiting Time' is clicked on

2017-11-13 12:22:56 - [MESSAGE][PASSED] - Object: 'Object Repository/Predicted in details/Multiple Prediction By SAI//label_Waiting Time' is clicked on

2017-11-13 12:22:56 - [TEST_STEP][PASSED] - verifyElementPresent: Object 'Object Repository/Predicted in details/Multiple Prediction By SAI//span_Timing' is present

2017-11-13 12:22:56 - [MESSAGE][PASSED] - Object 'Object Repository/Predicted in details/Multiple Prediction By SAI//span_Timing' is present

2017-11-13 12:22:56 - [TEST_STEP][PASSED] - click: Object: 'Object Repository/Predicted in details/Multiple Prediction By SAI/button_Export07' is clicked on

2017-11-13 12:22:56 - [MESSAGE][PASSED] - Object: 'Object Repository/Predicted in details/Multiple Prediction By SAI/button_Export07' is clicked on

2017-11-13 12:22:56 - [TEST_STEP][PASSED] - click: Object: 'Object Repository/Predicted in details/Multiple Prediction By SAI//label_Waiting Time' is clicked on

2017-11-13 12:22:56 - [MESSAGE][PASSED] - Object: 'Object Repository/Predicted in details/Multiple Prediction By SAI//label_Waiting Time' is clicked on

2017-11-13 12:22:56 - [TEST_STEP][PASSED] - click: Object: 'Object Repository/Predicted in details/Multiple Prediction By SAI//i_fa fa-caret-right_competitors' is clicked on

2017-11-13 12:22:56 - [MESSAGE][PASSED] - Object: 'Object Repository/Predicted in details/Multiple Prediction By SAI//i_fa fa-caret-right_competitors' is clicked on

2017-11-13 12:22:56 - [TEST_STEP][PASSED] - click: Object: 'Object Repository/Predicted in details/Multiple Prediction By SAI//label_Competitors' is clicked on

2017-11-13 12:22:56 - [MESSAGE][PASSED] - Object: 'Object Repository/Predicted in details/Multiple Prediction By SAI//label_Competitors' is clicked on

2017-11-13 12:22:56 - [TEST_STEP][PASSED] - verifyElementPresent: Object 'Object Repository/Predicted in details/Multiple Prediction By SAI/span_Competitors' is present

2017-11-13 12:22:56 - [MESSAGE][PASSED] - Object 'Object Repository/Predicted in details/Multiple Prediction By SAI/span_Competitors' is present

2017-11-13 12:22:56 - [TEST_STEP][PASSED] - click: Object: 'Object Repository/Predicted in details/Multiple Prediction By SAI/button_Export09' is clicked on

2017-11-13 12:22:57 - [MESSAGE][PASSED] - Object: 'Object Repository/Predicted in details/Multiple Prediction By SAI/button_Export09' is clicked on

2017-11-13 12:22:57 - [TEST_STEP][PASSED] - click: Object: 'Object Repository/Predicted in details/Multiple Prediction By SAI//label_Competitors' is clicked on

2017-11-13 12:22:57 - [MESSAGE][PASSED] - Object: 'Object Repository/Predicted in details/Multiple Prediction By SAI//label_Competitors' is clicked on

2017-11-13 12:22:57 - [TEST_STEP][PASSED] - click: Object: 'Object Repository/Predicted in details/Multiple Prediction By SAI/label_Select All' is clicked on

2017-11-13 12:22:57 - [MESSAGE][PASSED] - Object: 'Object Repository/Predicted in details/Multiple Prediction By SAI/label_Select All' is clicked on

2017-11-13 12:22:57 - [TEST_STEP][PASSED] - verifyElementPresent: Object 'Object Repository/Predicted in details/Multiple Prediction By SAI//span_ATM Machine' is present

2017-11-13 12:22:57 - [MESSAGE][PASSED] - Object 'Object Repository/Predicted in details/Multiple Prediction By SAI//span_ATM Machine' is present

2017-11-13 12:22:57 - [TEST_STEP][PASSED] - verifyElementPresent: Object 'Object Repository/Predicted in details/Multiple Prediction By SAI//span_E Machine' is present

2017-11-13 12:22:57 - [MESSAGE][PASSED] - Object 'Object Repository/Predicted in details/Multiple Prediction By SAI//span_E Machine' is present

2017-11-13 12:22:57 - [TEST_STEP][PASSED] - click: Object: 'Object Repository/Predicted in details/Multiple Prediction By SAI/button_Export10' is clicked on

2017-11-13 12:22:58 - [MESSAGE][PASSED] - Object: 'Object Repository/Predicted in details/Multiple Prediction By SAI/button_Export10' is clicked on

2017-11-13 12:22:58 - [TEST_STEP][PASSED] - click: Object: 'Object Repository/Predicted in details/Multiple Prediction By SAI//a_2' is clicked on

2017-11-13 12:22:58 - [MESSAGE][PASSED] - Object: 'Object Repository/Predicted in details/Multiple Prediction By SAI//a_2' is clicked on

2017-11-13 12:22:58 - [TEST_STEP][PASSED] - verifyElementPresent: Object 'Object Repository/Predicted in details/Multiple Prediction By SAI//span_ATM Machine' is present

2017-11-13 12:22:58 - [MESSAGE][PASSED] - Object 'Object Repository/Predicted in details/Multiple Prediction By SAI//span_ATM Machine' is present

2017-11-13 12:22:58 - [TEST_STEP][PASSED] - click: Object: 'Object Repository/Predicted in details/Multiple Prediction By SAI/button_Export10' is clicked on

2017-11-13 12:22:58 - [MESSAGE][PASSED] - Object: 'Object Repository/Predicted in details/Multiple Prediction By SAI/button_Export10' is clicked on

2017-11-13 12:22:58 - [TEST_STEP][PASSED] - click: Object: 'Object Repository/Predicted in details/Multiple Prediction By SAI//a_4' is clicked on

2017-11-13 12:22:58 - [MESSAGE][PASSED] - Object: 'Object Repository/Predicted in details/Multiple Prediction By SAI//a_4' is clicked on

2017-11-13 12:22:58 - [TEST_STEP][PASSED] - verifyElementPresent: Object 'Object Repository/Predicted in details/Multiple Prediction By SAI//span_E Machine' is present

2017-11-13 12:22:58 - [MESSAGE][PASSED] - Object 'Object Repository/Predicted in details/Multiple Prediction By SAI//span_E Machine' is present

2017-11-13 12:22:58 - [TEST_STEP][PASSED] - verifyElementPresent: Object 'Object Repository/Predicted in details/Multiple Prediction By SAI//span_Loan' is present

2017-11-13 12:22:58 - [MESSAGE][PASSED] - Object 'Object Repository/Predicted in details/Multiple Prediction By SAI//span_Loan' is present

2017-11-13 12:22:58 - [TEST_STEP][PASSED] - verifyElementPresent: Object 'Object Repository/Predicted in details/Multiple Prediction By SAI//span_SMS Alert' is present

2017-11-13 12:22:59 - [MESSAGE][PASSED] - Object 'Object Repository/Predicted in details/Multiple Prediction By SAI//span_SMS Alert' is present

2017-11-13 12:22:59 - [TEST_STEP][PASSED] - verifyElementPresent: Object 'Object Repository/Predicted in details/Multiple Prediction By SAI//span_Mutual Fund' is present

2017-11-13 12:22:59 - [MESSAGE][PASSED] - Object 'Object Repository/Predicted in details/Multiple Prediction By SAI//span_Mutual Fund' is present

2017-11-13 12:22:59 - [TEST_STEP][PASSED] - click: Object: 'Object Repository/Predicted in details/Multiple Prediction By SAI/button_Export10' is clicked on

2017-11-13 12:22:59 - [MESSAGE][PASSED] - Object: 'Object Repository/Predicted in details/Multiple Prediction By SAI/button_Export10' is clicked on

2017-11-13 12:22:59 - [TEST_STEP][NOT_RUN] - closeBrowser: NOT_RUN: closeBrowser

2017-11-13 12:22:59 - [MESSAGE][NOT_RUN] - NOT_RUN: closeBrowser]]></system-out>
         <system-err><![CDATA[]]></system-err>
      </testcase>
      <testcase name="Test Cases/4. Menu User Management/Search user list" classname="Test Cases/4. Menu User Management/Search user list" status="PASSED">
         <system-out><![CDATA[2017-11-13 12:22:59 - [TEST_CASE][PASSED] - Test Cases/4. Menu User Management/Search user list: Test Cases/4. Menu User Management/Search user list

2017-11-13 12:22:59 - [TEST_STEP][NOT_RUN] - openBrowser: NOT_RUN: openBrowser

2017-11-13 12:22:59 - [MESSAGE][NOT_RUN] - NOT_RUN: openBrowser

2017-11-13 12:22:59 - [TEST_STEP][NOT_RUN] - maximizeWindow: NOT_RUN: maximizeWindow

2017-11-13 12:22:59 - [MESSAGE][NOT_RUN] - NOT_RUN: maximizeWindow

2017-11-13 12:22:59 - [TEST_STEP][NOT_RUN] - navigateToUrl: NOT_RUN: navigateToUrl

2017-11-13 12:22:59 - [MESSAGE][NOT_RUN] - NOT_RUN: navigateToUrl

2017-11-13 12:22:59 - [TEST_STEP][NOT_RUN] - click: NOT_RUN: click

2017-11-13 12:22:59 - [MESSAGE][NOT_RUN] - NOT_RUN: click

2017-11-13 12:22:59 - [TEST_STEP][NOT_RUN] - setText: NOT_RUN: setText

2017-11-13 12:22:59 - [MESSAGE][NOT_RUN] - NOT_RUN: setText

2017-11-13 12:22:59 - [TEST_STEP][NOT_RUN] - setText: NOT_RUN: setText

2017-11-13 12:22:59 - [MESSAGE][NOT_RUN] - NOT_RUN: setText

2017-11-13 12:22:59 - [TEST_STEP][NOT_RUN] - submit: NOT_RUN: submit

2017-11-13 12:22:59 - [MESSAGE][NOT_RUN] - NOT_RUN: submit

2017-11-13 12:22:59 - [TEST_STEP][PASSED] - click: Object: 'Object Repository/Chage status/Page_Guru TMDA/a_User Management' is clicked on

2017-11-13 12:22:59 - [MESSAGE][PASSED] - Object: 'Object Repository/Chage status/Page_Guru TMDA/a_User Management' is clicked on

2017-11-13 12:22:59 - [TEST_STEP][PASSED] - setText: Text 'Dog1111' is set on object 'Object Repository/Search user list/Page_Guru TMDA (2)/input_ng-untouched ng-valid ng'

2017-11-13 12:23:00 - [MESSAGE][PASSED] - Text 'Dog1111' is set on object 'Object Repository/Search user list/Page_Guru TMDA (2)/input_ng-untouched ng-valid ng'

2017-11-13 12:23:00 - [TEST_STEP][PASSED] - verifyElementNotPresent: Web element with id: 'Object Repository/Search user list//i_fa fa-pencil-square-o' located by 'By.xpath: //i[count(. | //*[@aria-hidden = 'true']) = count(//*[@aria-hidden = 'true'])][count(. | //*[@class = 'fa fa-pencil-square-o']) = count(//*[@class = 'fa fa-pencil-square-o'])][count(. | /html[1]/body[1]/my-app[1]/app-user-management[1]/div[@class="container-fluid"]/div[2]/div[@class="table-responsive"]/table[@class="table centurygothic-font"]/tbody[1]/tr[2]/td[@class="w3-center"]/button[@class="btn w3-text-white btn-edit w3-circle padding-0"]/i[@class="fa fa-pencil-square-o"]) = count(/html[1]/body[1]/my-app[1]/app-user-management[1]/div[@class="container-fluid"]/div[2]/div[@class="table-responsive"]/table[@class="table centurygothic-font"]/tbody[1]/tr[2]/td[@class="w3-center"]/button[@class="btn w3-text-white btn-edit w3-circle padding-0"]/i[@class="fa fa-pencil-square-o"])]' is not present after '5' second(s)

2017-11-13 12:23:00 - [MESSAGE][PASSED] - Web element with id: 'Object Repository/Search user list//i_fa fa-pencil-square-o' located by 'By.xpath: //i[count(. | //*[@aria-hidden = 'true']) = count(//*[@aria-hidden = 'true'])][count(. | //*[@class = 'fa fa-pencil-square-o']) = count(//*[@class = 'fa fa-pencil-square-o'])][count(. | /html[1]/body[1]/my-app[1]/app-user-management[1]/div[@class="container-fluid"]/div[2]/div[@class="table-responsive"]/table[@class="table centurygothic-font"]/tbody[1]/tr[2]/td[@class="w3-center"]/button[@class="btn w3-text-white btn-edit w3-circle padding-0"]/i[@class="fa fa-pencil-square-o"]) = count(/html[1]/body[1]/my-app[1]/app-user-management[1]/div[@class="container-fluid"]/div[2]/div[@class="table-responsive"]/table[@class="table centurygothic-font"]/tbody[1]/tr[2]/td[@class="w3-center"]/button[@class="btn w3-text-white btn-edit w3-circle padding-0"]/i[@class="fa fa-pencil-square-o"])]' is not present after '5' second(s)

2017-11-13 12:23:00 - [TEST_STEP][PASSED] - setText: Text 'Creme' is set on object 'Object Repository/Search user list/Page_Guru TMDA (2)/input_ng-untouched ng-valid ng'

2017-11-13 12:23:00 - [MESSAGE][PASSED] - Text 'Creme' is set on object 'Object Repository/Search user list/Page_Guru TMDA (2)/input_ng-untouched ng-valid ng'

2017-11-13 12:23:00 - [TEST_STEP][PASSED] - verifyElementPresent: Object 'Object Repository/Search user list/td_Creme' is present

2017-11-13 12:23:00 - [MESSAGE][PASSED] - Object 'Object Repository/Search user list/td_Creme' is present

2017-11-13 12:23:00 - [TEST_STEP][NOT_RUN] - closeBrowser: NOT_RUN: closeBrowser

2017-11-13 12:23:00 - [MESSAGE][NOT_RUN] - NOT_RUN: closeBrowser]]></system-out>
         <system-err><![CDATA[]]></system-err>
      </testcase>
      <testcase name="Test Cases/4. Menu User Management/Change role and status" classname="Test Cases/4. Menu User Management/Change role and status" status="PASSED">
         <system-out><![CDATA[2017-11-13 12:23:00 - [TEST_CASE][PASSED] - Test Cases/4. Menu User Management/Change role and status: Test Cases/4. Menu User Management/Change role and status

2017-11-13 12:23:00 - [TEST_STEP][NOT_RUN] - openBrowser: NOT_RUN: openBrowser

2017-11-13 12:23:00 - [MESSAGE][NOT_RUN] - NOT_RUN: openBrowser

2017-11-13 12:23:00 - [TEST_STEP][NOT_RUN] - maximizeWindow: NOT_RUN: maximizeWindow

2017-11-13 12:23:00 - [MESSAGE][NOT_RUN] - NOT_RUN: maximizeWindow

2017-11-13 12:23:00 - [TEST_STEP][NOT_RUN] - navigateToUrl: NOT_RUN: navigateToUrl

2017-11-13 12:23:00 - [MESSAGE][NOT_RUN] - NOT_RUN: navigateToUrl

2017-11-13 12:23:00 - [TEST_STEP][NOT_RUN] - click: NOT_RUN: click

2017-11-13 12:23:00 - [MESSAGE][NOT_RUN] - NOT_RUN: click

2017-11-13 12:23:00 - [TEST_STEP][NOT_RUN] - setText: NOT_RUN: setText

2017-11-13 12:23:00 - [MESSAGE][NOT_RUN] - NOT_RUN: setText

2017-11-13 12:23:00 - [TEST_STEP][NOT_RUN] - setText: NOT_RUN: setText

2017-11-13 12:23:00 - [MESSAGE][NOT_RUN] - NOT_RUN: setText

2017-11-13 12:23:00 - [TEST_STEP][NOT_RUN] - submit: NOT_RUN: submit

2017-11-13 12:23:00 - [MESSAGE][NOT_RUN] - NOT_RUN: submit

2017-11-13 12:23:00 - [TEST_STEP][PASSED] - click: Object: 'Object Repository/Change role/Page_Guru TMDA/a_User Management' is clicked on

2017-11-13 12:23:01 - [MESSAGE][PASSED] - Object: 'Object Repository/Change role/Page_Guru TMDA/a_User Management' is clicked on

2017-11-13 12:23:01 - [TEST_STEP][PASSED] - setText: Text 'fortest' is set on object 'Object Repository/Change role/Page_Guru TMDA (2)/input_ng-untouched ng-valid ng'

2017-11-13 12:23:01 - [MESSAGE][PASSED] - Text 'fortest' is set on object 'Object Repository/Change role/Page_Guru TMDA (2)/input_ng-untouched ng-valid ng'

2017-11-13 12:23:01 - [TEST_STEP][PASSED] - click: Object: 'Object Repository/Change role/Page_Guru TMDA (2)/button_User' is clicked on

2017-11-13 12:23:01 - [MESSAGE][PASSED] - Object: 'Object Repository/Change role/Page_Guru TMDA (2)/button_User' is clicked on

2017-11-13 12:23:01 - [TEST_STEP][PASSED] - click: Object: 'Object Repository/Change role/Page_Guru TMDA (2)/button_ADMIN' is clicked on

2017-11-13 12:23:01 - [MESSAGE][PASSED] - Object: 'Object Repository/Change role/Page_Guru TMDA (2)/button_ADMIN' is clicked on

2017-11-13 12:23:01 - [TEST_STEP][PASSED] - click: Object: 'Object Repository/Chage status/Page_Guru TMDA (2)/button_DEACTIVATED' is clicked on

2017-11-13 12:23:01 - [MESSAGE][PASSED] - Object: 'Object Repository/Chage status/Page_Guru TMDA (2)/button_DEACTIVATED' is clicked on

2017-11-13 12:23:01 - [TEST_STEP][PASSED] - click: Object: 'Object Repository/Chage status/Page_Guru TMDA (2)/button_ACTIVATED' is clicked on

2017-11-13 12:23:01 - [MESSAGE][PASSED] - Object: 'Object Repository/Chage status/Page_Guru TMDA (2)/button_ACTIVATED' is clicked on

2017-11-13 12:23:01 - [TEST_STEP][PASSED] - refresh: Refresh successfully

2017-11-13 12:23:04 - [MESSAGE][PASSED] - Refresh successfully

2017-11-13 12:23:04 - [TEST_STEP][PASSED] - click: Object: 'Object Repository/Change role/Page_Guru TMDA/a_User Management' is clicked on

2017-11-13 12:23:04 - [MESSAGE][PASSED] - Object: 'Object Repository/Change role/Page_Guru TMDA/a_User Management' is clicked on

2017-11-13 12:23:04 - [TEST_STEP][PASSED] - setText: Text 'fortest' is set on object 'Object Repository/Change role/Page_Guru TMDA (2)/input_ng-untouched ng-valid ng'

2017-11-13 12:23:04 - [MESSAGE][PASSED] - Text 'fortest' is set on object 'Object Repository/Change role/Page_Guru TMDA (2)/input_ng-untouched ng-valid ng'

2017-11-13 12:23:04 - [TEST_STEP][PASSED] - verifyElementPresent: Object 'Object Repository/Change role/Page_Guru TMDA (2)/button_User' is present

2017-11-13 12:23:04 - [MESSAGE][PASSED] - Object 'Object Repository/Change role/Page_Guru TMDA (2)/button_User' is present

2017-11-13 12:23:04 - [TEST_STEP][PASSED] - verifyElementPresent: Object 'Object Repository/Chage status/Page_Guru TMDA (2)/button_DEACTIVATED' is present

2017-11-13 12:23:04 - [MESSAGE][PASSED] - Object 'Object Repository/Chage status/Page_Guru TMDA (2)/button_DEACTIVATED' is present

2017-11-13 12:23:04 - [TEST_STEP][PASSED] - click: Object: 'Object Repository/Change role/Page_Guru TMDA (2)/button_User' is clicked on

2017-11-13 12:23:04 - [MESSAGE][PASSED] - Object: 'Object Repository/Change role/Page_Guru TMDA (2)/button_User' is clicked on

2017-11-13 12:23:04 - [TEST_STEP][PASSED] - click: Object: 'Object Repository/Change role/Page_Guru TMDA (2)/button_ADMIN' is clicked on

2017-11-13 12:23:04 - [MESSAGE][PASSED] - Object: 'Object Repository/Change role/Page_Guru TMDA (2)/button_ADMIN' is clicked on

2017-11-13 12:23:04 - [TEST_STEP][PASSED] - refresh: Refresh successfully

2017-11-13 12:23:06 - [MESSAGE][PASSED] - Refresh successfully

2017-11-13 12:23:06 - [TEST_STEP][PASSED] - click: Object: 'Object Repository/Change role/Page_Guru TMDA/a_User Management' is clicked on

2017-11-13 12:23:06 - [MESSAGE][PASSED] - Object: 'Object Repository/Change role/Page_Guru TMDA/a_User Management' is clicked on

2017-11-13 12:23:06 - [TEST_STEP][PASSED] - setText: Text 'fortest' is set on object 'Object Repository/Change role/Page_Guru TMDA (2)/input_ng-untouched ng-valid ng'

2017-11-13 12:23:07 - [MESSAGE][PASSED] - Text 'fortest' is set on object 'Object Repository/Change role/Page_Guru TMDA (2)/input_ng-untouched ng-valid ng'

2017-11-13 12:23:07 - [TEST_STEP][PASSED] - verifyElementPresent: Object 'Object Repository/Change role/Page_Guru TMDA (2)/button_User' is present

2017-11-13 12:23:07 - [MESSAGE][PASSED] - Object 'Object Repository/Change role/Page_Guru TMDA (2)/button_User' is present

2017-11-13 12:23:07 - [TEST_STEP][PASSED] - verifyElementPresent: Object 'Object Repository/Chage status/Page_Guru TMDA (2)/button_DEACTIVATED' is present

2017-11-13 12:23:07 - [MESSAGE][PASSED] - Object 'Object Repository/Chage status/Page_Guru TMDA (2)/button_DEACTIVATED' is present

2017-11-13 12:23:07 - [TEST_STEP][PASSED] - click: Object: 'Object Repository/Chage status/Page_Guru TMDA (2)/button_DEACTIVATED' is clicked on

2017-11-13 12:23:07 - [MESSAGE][PASSED] - Object: 'Object Repository/Chage status/Page_Guru TMDA (2)/button_DEACTIVATED' is clicked on

2017-11-13 12:23:07 - [TEST_STEP][PASSED] - click: Object: 'Object Repository/Chage status/Page_Guru TMDA (2)/button_ACTIVATED' is clicked on

2017-11-13 12:23:07 - [MESSAGE][PASSED] - Object: 'Object Repository/Chage status/Page_Guru TMDA (2)/button_ACTIVATED' is clicked on

2017-11-13 12:23:07 - [TEST_STEP][PASSED] - refresh: Refresh successfully

2017-11-13 12:23:09 - [MESSAGE][PASSED] - Refresh successfully

2017-11-13 12:23:09 - [TEST_STEP][PASSED] - click: Object: 'Object Repository/Change role/Page_Guru TMDA/a_User Management' is clicked on

2017-11-13 12:23:09 - [MESSAGE][PASSED] - Object: 'Object Repository/Change role/Page_Guru TMDA/a_User Management' is clicked on

2017-11-13 12:23:09 - [TEST_STEP][PASSED] - setText: Text 'fortest' is set on object 'Object Repository/Change role/Page_Guru TMDA (2)/input_ng-untouched ng-valid ng'

2017-11-13 12:23:09 - [MESSAGE][PASSED] - Text 'fortest' is set on object 'Object Repository/Change role/Page_Guru TMDA (2)/input_ng-untouched ng-valid ng'

2017-11-13 12:23:09 - [TEST_STEP][PASSED] - verifyElementPresent: Object 'Object Repository/Change role/Page_Guru TMDA (2)/button_User' is present

2017-11-13 12:23:09 - [MESSAGE][PASSED] - Object 'Object Repository/Change role/Page_Guru TMDA (2)/button_User' is present

2017-11-13 12:23:09 - [TEST_STEP][PASSED] - verifyElementPresent: Object 'Object Repository/Chage status/Page_Guru TMDA (2)/button_DEACTIVATED' is present

2017-11-13 12:23:09 - [MESSAGE][PASSED] - Object 'Object Repository/Chage status/Page_Guru TMDA (2)/button_DEACTIVATED' is present

2017-11-13 12:23:09 - [TEST_STEP][PASSED] - click: Object: 'Object Repository/Change role/Page_Guru TMDA (2)/button_User' is clicked on

2017-11-13 12:23:09 - [MESSAGE][PASSED] - Object: 'Object Repository/Change role/Page_Guru TMDA (2)/button_User' is clicked on

2017-11-13 12:23:09 - [TEST_STEP][PASSED] - click: Object: 'Object Repository/Change role/Page_Guru TMDA (2)/button_ADMIN' is clicked on

2017-11-13 12:23:09 - [MESSAGE][PASSED] - Object: 'Object Repository/Change role/Page_Guru TMDA (2)/button_ADMIN' is clicked on

2017-11-13 12:23:09 - [TEST_STEP][PASSED] - click: Object: 'Object Repository/Chage status/Page_Guru TMDA (2)/button_DEACTIVATED' is clicked on

2017-11-13 12:23:09 - [MESSAGE][PASSED] - Object: 'Object Repository/Chage status/Page_Guru TMDA (2)/button_DEACTIVATED' is clicked on

2017-11-13 12:23:09 - [TEST_STEP][PASSED] - click: Object: 'Object Repository/Chage status/Page_Guru TMDA (2)/button_ACTIVATED' is clicked on

2017-11-13 12:23:09 - [MESSAGE][PASSED] - Object: 'Object Repository/Chage status/Page_Guru TMDA (2)/button_ACTIVATED' is clicked on

2017-11-13 12:23:09 - [TEST_STEP][PASSED] - click: Object: 'Object Repository/Change role/Page_Guru TMDA (2)/button_SUBMIT' is clicked on

2017-11-13 12:23:09 - [MESSAGE][PASSED] - Object: 'Object Repository/Change role/Page_Guru TMDA (2)/button_SUBMIT' is clicked on

2017-11-13 12:23:09 - [TEST_STEP][PASSED] - verifyElementPresent: Object 'Object Repository/Change role/Page_Guru TMDA (2)/div_User Management Successful' is present

2017-11-13 12:23:10 - [MESSAGE][PASSED] - Object 'Object Repository/Change role/Page_Guru TMDA (2)/div_User Management Successful' is present

2017-11-13 12:23:10 - [TEST_STEP][PASSED] - click: Object: 'Object Repository/Change role/Page_Guru TMDA (2)/button_' is clicked on

2017-11-13 12:23:10 - [MESSAGE][PASSED] - Object: 'Object Repository/Change role/Page_Guru TMDA (2)/button_' is clicked on

2017-11-13 12:23:10 - [TEST_STEP][PASSED] - refresh: Refresh successfully

2017-11-13 12:23:12 - [MESSAGE][PASSED] - Refresh successfully

2017-11-13 12:23:12 - [TEST_STEP][PASSED] - click: Object: 'Object Repository/Change role/Page_Guru TMDA/a_User Management' is clicked on

2017-11-13 12:23:12 - [MESSAGE][PASSED] - Object: 'Object Repository/Change role/Page_Guru TMDA/a_User Management' is clicked on

2017-11-13 12:23:12 - [TEST_STEP][PASSED] - setText: Text 'fortest' is set on object 'Object Repository/Change role/Page_Guru TMDA (2)/input_ng-untouched ng-valid ng'

2017-11-13 12:23:12 - [MESSAGE][PASSED] - Text 'fortest' is set on object 'Object Repository/Change role/Page_Guru TMDA (2)/input_ng-untouched ng-valid ng'

2017-11-13 12:23:12 - [TEST_STEP][PASSED] - verifyElementPresent: Object 'Object Repository/Change role/Page_Guru TMDA (2)/button_Admin (1)' is present

2017-11-13 12:23:13 - [MESSAGE][PASSED] - Object 'Object Repository/Change role/Page_Guru TMDA (2)/button_Admin (1)' is present

2017-11-13 12:23:13 - [TEST_STEP][PASSED] - verifyElementPresent: Object 'Object Repository/Chage status/Page_Guru TMDA (2)/button_ACTIVATED (1)' is present

2017-11-13 12:23:13 - [MESSAGE][PASSED] - Object 'Object Repository/Chage status/Page_Guru TMDA (2)/button_ACTIVATED (1)' is present

2017-11-13 12:23:13 - [TEST_STEP][PASSED] - click: Object: 'Object Repository/Change role/Page_Guru TMDA (2)/button_Admin (1)' is clicked on

2017-11-13 12:23:13 - [MESSAGE][PASSED] - Object: 'Object Repository/Change role/Page_Guru TMDA (2)/button_Admin (1)' is clicked on

2017-11-13 12:23:13 - [TEST_STEP][PASSED] - click: Object: 'Object Repository/Change role/Page_Guru TMDA (2)/button_USER (1)' is clicked on

2017-11-13 12:23:13 - [MESSAGE][PASSED] - Object: 'Object Repository/Change role/Page_Guru TMDA (2)/button_USER (1)' is clicked on

2017-11-13 12:23:13 - [TEST_STEP][PASSED] - click: Object: 'Object Repository/Change role/Page_Guru TMDA (2)/button_SUBMIT' is clicked on

2017-11-13 12:23:13 - [MESSAGE][PASSED] - Object: 'Object Repository/Change role/Page_Guru TMDA (2)/button_SUBMIT' is clicked on

2017-11-13 12:23:13 - [TEST_STEP][PASSED] - verifyElementPresent: Object 'Object Repository/Change role/Page_Guru TMDA (2)/div_User Management Successful' is present

2017-11-13 12:23:13 - [MESSAGE][PASSED] - Object 'Object Repository/Change role/Page_Guru TMDA (2)/div_User Management Successful' is present

2017-11-13 12:23:13 - [TEST_STEP][PASSED] - click: Object: 'Object Repository/Change role/Page_Guru TMDA (2)/button_' is clicked on

2017-11-13 12:23:13 - [MESSAGE][PASSED] - Object: 'Object Repository/Change role/Page_Guru TMDA (2)/button_' is clicked on

2017-11-13 12:23:13 - [TEST_STEP][PASSED] - refresh: Refresh successfully

2017-11-13 12:23:15 - [MESSAGE][PASSED] - Refresh successfully

2017-11-13 12:23:15 - [TEST_STEP][PASSED] - click: Object: 'Object Repository/Change role/Page_Guru TMDA/a_User Management' is clicked on

2017-11-13 12:23:15 - [MESSAGE][PASSED] - Object: 'Object Repository/Change role/Page_Guru TMDA/a_User Management' is clicked on

2017-11-13 12:23:15 - [TEST_STEP][PASSED] - setText: Text 'fortest' is set on object 'Object Repository/Change role/Page_Guru TMDA (2)/input_ng-untouched ng-valid ng'

2017-11-13 12:23:15 - [MESSAGE][PASSED] - Text 'fortest' is set on object 'Object Repository/Change role/Page_Guru TMDA (2)/input_ng-untouched ng-valid ng'

2017-11-13 12:23:15 - [TEST_STEP][PASSED] - verifyElementPresent: Object 'Object Repository/Change role/Page_Guru TMDA (2)/button_User' is present

2017-11-13 12:23:15 - [MESSAGE][PASSED] - Object 'Object Repository/Change role/Page_Guru TMDA (2)/button_User' is present

2017-11-13 12:23:15 - [TEST_STEP][PASSED] - verifyElementPresent: Object 'Object Repository/Chage status/Page_Guru TMDA (2)/button_ACTIVATED (1)' is present

2017-11-13 12:23:15 - [MESSAGE][PASSED] - Object 'Object Repository/Chage status/Page_Guru TMDA (2)/button_ACTIVATED (1)' is present

2017-11-13 12:23:15 - [TEST_STEP][PASSED] - click: Object: 'Object Repository/Chage status/Page_Guru TMDA (2)/button_ACTIVATED (1)' is clicked on

2017-11-13 12:23:16 - [MESSAGE][PASSED] - Object: 'Object Repository/Chage status/Page_Guru TMDA (2)/button_ACTIVATED (1)' is clicked on

2017-11-13 12:23:16 - [TEST_STEP][PASSED] - click: Object: 'Object Repository/Chage status/Page_Guru TMDA (2)/button_DEACTIVATED (1)' is clicked on

2017-11-13 12:23:16 - [MESSAGE][PASSED] - Object: 'Object Repository/Chage status/Page_Guru TMDA (2)/button_DEACTIVATED (1)' is clicked on

2017-11-13 12:23:16 - [TEST_STEP][PASSED] - click: Object: 'Object Repository/Change role/Page_Guru TMDA (2)/button_SUBMIT' is clicked on

2017-11-13 12:23:16 - [MESSAGE][PASSED] - Object: 'Object Repository/Change role/Page_Guru TMDA (2)/button_SUBMIT' is clicked on

2017-11-13 12:23:16 - [TEST_STEP][PASSED] - verifyElementPresent: Object 'Object Repository/Change role/Page_Guru TMDA (2)/div_User Management Successful' is present

2017-11-13 12:23:16 - [MESSAGE][PASSED] - Object 'Object Repository/Change role/Page_Guru TMDA (2)/div_User Management Successful' is present

2017-11-13 12:23:16 - [TEST_STEP][PASSED] - click: Object: 'Object Repository/Change role/Page_Guru TMDA (2)/button_' is clicked on

2017-11-13 12:23:16 - [MESSAGE][PASSED] - Object: 'Object Repository/Change role/Page_Guru TMDA (2)/button_' is clicked on

2017-11-13 12:23:16 - [TEST_STEP][PASSED] - refresh: Refresh successfully

2017-11-13 12:23:18 - [MESSAGE][PASSED] - Refresh successfully

2017-11-13 12:23:18 - [TEST_STEP][PASSED] - click: Object: 'Object Repository/Change role/Page_Guru TMDA/a_User Management' is clicked on

2017-11-13 12:23:18 - [MESSAGE][PASSED] - Object: 'Object Repository/Change role/Page_Guru TMDA/a_User Management' is clicked on

2017-11-13 12:23:18 - [TEST_STEP][PASSED] - setText: Text 'fortest' is set on object 'Object Repository/Change role/Page_Guru TMDA (2)/input_ng-untouched ng-valid ng'

2017-11-13 12:23:19 - [MESSAGE][PASSED] - Text 'fortest' is set on object 'Object Repository/Change role/Page_Guru TMDA (2)/input_ng-untouched ng-valid ng'

2017-11-13 12:23:19 - [TEST_STEP][PASSED] - verifyElementPresent: Object 'Object Repository/Change role/Page_Guru TMDA (2)/button_User' is present

2017-11-13 12:23:19 - [MESSAGE][PASSED] - Object 'Object Repository/Change role/Page_Guru TMDA (2)/button_User' is present

2017-11-13 12:23:19 - [TEST_STEP][PASSED] - verifyElementPresent: Object 'Object Repository/Chage status/Page_Guru TMDA (2)/button_DEACTIVATED' is present

2017-11-13 12:23:19 - [MESSAGE][PASSED] - Object 'Object Repository/Chage status/Page_Guru TMDA (2)/button_DEACTIVATED' is present

2017-11-13 12:23:19 - [TEST_STEP][NOT_RUN] - closeBrowser: NOT_RUN: closeBrowser

2017-11-13 12:23:19 - [MESSAGE][NOT_RUN] - NOT_RUN: closeBrowser]]></system-out>
         <system-err><![CDATA[]]></system-err>
      </testcase>
      <testcase name="Test Cases/4. Menu User Management/Edit profile management" classname="Test Cases/4. Menu User Management/Edit profile management" status="PASSED">
         <system-out><![CDATA[2017-11-13 12:23:19 - [TEST_CASE][PASSED] - Test Cases/4. Menu User Management/Edit profile management: Test Cases/4. Menu User Management/Edit profile management

2017-11-13 12:23:19 - [TEST_STEP][PASSED] - Statement - date = new java.util.Date(): null

2017-11-13 12:23:19 - [TEST_STEP][PASSED] - Statement - df = new java.text.SimpleDateFormat(): null

2017-11-13 12:23:19 - [TEST_STEP][PASSED] - Statement - df.applyPattern("ddmmyyyyHHmmss"): null

2017-11-13 12:23:19 - [TEST_STEP][NOT_RUN] - openBrowser: NOT_RUN: openBrowser

2017-11-13 12:23:19 - [MESSAGE][NOT_RUN] - NOT_RUN: openBrowser

2017-11-13 12:23:19 - [TEST_STEP][NOT_RUN] - maximizeWindow: NOT_RUN: maximizeWindow

2017-11-13 12:23:19 - [MESSAGE][NOT_RUN] - NOT_RUN: maximizeWindow

2017-11-13 12:23:19 - [TEST_STEP][NOT_RUN] - navigateToUrl: NOT_RUN: navigateToUrl

2017-11-13 12:23:19 - [MESSAGE][NOT_RUN] - NOT_RUN: navigateToUrl

2017-11-13 12:23:19 - [TEST_STEP][NOT_RUN] - click: NOT_RUN: click

2017-11-13 12:23:19 - [MESSAGE][NOT_RUN] - NOT_RUN: click

2017-11-13 12:23:19 - [TEST_STEP][NOT_RUN] - setText: NOT_RUN: setText

2017-11-13 12:23:19 - [MESSAGE][NOT_RUN] - NOT_RUN: setText

2017-11-13 12:23:19 - [TEST_STEP][NOT_RUN] - setText: NOT_RUN: setText

2017-11-13 12:23:19 - [MESSAGE][NOT_RUN] - NOT_RUN: setText

2017-11-13 12:23:19 - [TEST_STEP][NOT_RUN] - submit: NOT_RUN: submit

2017-11-13 12:23:19 - [MESSAGE][NOT_RUN] - NOT_RUN: submit

2017-11-13 12:23:19 - [TEST_STEP][PASSED] - click: Object: 'Object Repository/Change role/Page_Guru TMDA/a_User Management' is clicked on

2017-11-13 12:23:19 - [MESSAGE][PASSED] - Object: 'Object Repository/Change role/Page_Guru TMDA/a_User Management' is clicked on

2017-11-13 12:23:19 - [TEST_STEP][PASSED] - setText: Text 'fortest' is set on object 'Object Repository/Change role/Page_Guru TMDA (2)/input_ng-untouched ng-valid ng'

2017-11-13 12:23:19 - [MESSAGE][PASSED] - Text 'fortest' is set on object 'Object Repository/Change role/Page_Guru TMDA (2)/input_ng-untouched ng-valid ng'

2017-11-13 12:23:19 - [TEST_STEP][PASSED] - click: Object: 'Object Repository/Edit user profile/list/i_fa fa-pencil-square-o' is clicked on

2017-11-13 12:23:19 - [MESSAGE][PASSED] - Object: 'Object Repository/Edit user profile/list/i_fa fa-pencil-square-o' is clicked on

2017-11-13 12:23:19 - [TEST_STEP][PASSED] - click: Object: 'Object Repository/Edit user profile/Edit/button_SUBMIT' is clicked on

2017-11-13 12:23:20 - [MESSAGE][PASSED] - Object: 'Object Repository/Edit user profile/Edit/button_SUBMIT' is clicked on

2017-11-13 12:23:20 - [TEST_STEP][PASSED] - verifyElementNotPresent: Web element with id: 'Object Repository/Edit user profile/Edit/div_Edit Profile Successful.' located by 'By.xpath: //div[count(. | //*[contains(.,'Edit Profile Successful.')]) = count(//*[contains(.,'Edit Profile Successful.')])]' is not present after '5' second(s)

2017-11-13 12:23:20 - [MESSAGE][PASSED] - Web element with id: 'Object Repository/Edit user profile/Edit/div_Edit Profile Successful.' located by 'By.xpath: //div[count(. | //*[contains(.,'Edit Profile Successful.')]) = count(//*[contains(.,'Edit Profile Successful.')])]' is not present after '5' second(s)

2017-11-13 12:23:20 - [TEST_STEP][PASSED] - uploadFile: File 'C:\Penguins.jpg' sent to object: 'Object Repository/Change profile pic/input_file-input (1)'

2017-11-13 12:23:20 - [MESSAGE][PASSED] - File 'C:\Penguins.jpg' sent to object: 'Object Repository/Change profile pic/input_file-input (1)'

2017-11-13 12:23:20 - [TEST_STEP][PASSED] - click: Object: 'Object Repository/Edit user profile/Edit//i_fa fa-pencil name' is clicked on

2017-11-13 12:23:20 - [MESSAGE][PASSED] - Object: 'Object Repository/Edit user profile/Edit//i_fa fa-pencil name' is clicked on

2017-11-13 12:23:20 - [TEST_STEP][PASSED] - click: Object: 'Object Repository/Edit user profile/Edit/i_fa fa-pencil email' is clicked on

2017-11-13 12:23:20 - [MESSAGE][PASSED] - Object: 'Object Repository/Edit user profile/Edit/i_fa fa-pencil email' is clicked on

2017-11-13 12:23:20 - [TEST_STEP][PASSED] - setText: Text 'e' is set on object 'Object Repository/Edit user profile/Edit//input_firstname'

2017-11-13 12:23:20 - [MESSAGE][PASSED] - Text 'e' is set on object 'Object Repository/Edit user profile/Edit//input_firstname'

2017-11-13 12:23:20 - [TEST_STEP][PASSED] - sendKeys: Keys 'BACK_SPACE + ' sent to object: 'Object Repository/Edit user profile/Edit//input_firstname'

2017-11-13 12:23:20 - [MESSAGE][PASSED] - Keys 'BACK_SPACE + ' sent to object: 'Object Repository/Edit user profile/Edit//input_firstname'

2017-11-13 12:23:20 - [TEST_STEP][PASSED] - verifyElementNotClickable: Object 'Object Repository/Edit user profile/Edit/button_SUBMIT' is NOT clickable

2017-11-13 12:23:20 - [MESSAGE][PASSED] - Object 'Object Repository/Edit user profile/Edit/button_SUBMIT' is NOT clickable

2017-11-13 12:23:20 - [TEST_STEP][PASSED] - setText: Text '55555' is set on object 'Object Repository/Edit user profile/Edit//input_firstname'

2017-11-13 12:23:20 - [MESSAGE][PASSED] - Text '55555' is set on object 'Object Repository/Edit user profile/Edit//input_firstname'

2017-11-13 12:23:20 - [TEST_STEP][PASSED] - verifyElementNotClickable: Object 'Object Repository/Edit user profile/Edit/button_SUBMIT' is NOT clickable

2017-11-13 12:23:20 - [MESSAGE][PASSED] - Object 'Object Repository/Edit user profile/Edit/button_SUBMIT' is NOT clickable

2017-11-13 12:23:20 - [TEST_STEP][PASSED] - setText: Text 'Piratchana' is set on object 'Object Repository/Edit user profile/Edit//input_firstname'

2017-11-13 12:23:21 - [MESSAGE][PASSED] - Text 'Piratchana' is set on object 'Object Repository/Edit user profile/Edit//input_firstname'

2017-11-13 12:23:21 - [TEST_STEP][PASSED] - setText: Text 'e' is set on object 'Object Repository/Edit user profile/Edit//input_lastname'

2017-11-13 12:23:21 - [MESSAGE][PASSED] - Text 'e' is set on object 'Object Repository/Edit user profile/Edit//input_lastname'

2017-11-13 12:23:21 - [TEST_STEP][PASSED] - sendKeys: Keys 'BACK_SPACE + ' sent to object: 'Object Repository/Edit user profile/Edit//input_lastname'

2017-11-13 12:23:21 - [MESSAGE][PASSED] - Keys 'BACK_SPACE + ' sent to object: 'Object Repository/Edit user profile/Edit//input_lastname'

2017-11-13 12:23:21 - [TEST_STEP][PASSED] - verifyElementNotClickable: Object 'Object Repository/Edit user profile/Edit/button_SUBMIT' is NOT clickable

2017-11-13 12:23:21 - [MESSAGE][PASSED] - Object 'Object Repository/Edit user profile/Edit/button_SUBMIT' is NOT clickable

2017-11-13 12:23:21 - [TEST_STEP][PASSED] - setText: Text '55555' is set on object 'Object Repository/Edit user profile/Edit//input_lastname'

2017-11-13 12:23:21 - [MESSAGE][PASSED] - Text '55555' is set on object 'Object Repository/Edit user profile/Edit//input_lastname'

2017-11-13 12:23:21 - [TEST_STEP][PASSED] - verifyElementNotClickable: Object 'Object Repository/Edit user profile/Edit/button_SUBMIT' is NOT clickable

2017-11-13 12:23:21 - [MESSAGE][PASSED] - Object 'Object Repository/Edit user profile/Edit/button_SUBMIT' is NOT clickable

2017-11-13 12:23:21 - [TEST_STEP][PASSED] - setText: Text 'Maksub' is set on object 'Object Repository/Edit user profile/Edit//input_lastname'

2017-11-13 12:23:21 - [MESSAGE][PASSED] - Text 'Maksub' is set on object 'Object Repository/Edit user profile/Edit//input_lastname'

2017-11-13 12:23:21 - [TEST_STEP][PASSED] - setText: Text 'e' is set on object 'Object Repository/Edit user profile/Edit/input_email'

2017-11-13 12:23:21 - [MESSAGE][PASSED] - Text 'e' is set on object 'Object Repository/Edit user profile/Edit/input_email'

2017-11-13 12:23:21 - [TEST_STEP][PASSED] - sendKeys: Keys 'BACK_SPACE + ' sent to object: 'Object Repository/Edit user profile/Edit/input_email'

2017-11-13 12:23:21 - [MESSAGE][PASSED] - Keys 'BACK_SPACE + ' sent to object: 'Object Repository/Edit user profile/Edit/input_email'

2017-11-13 12:23:21 - [TEST_STEP][PASSED] - verifyElementNotClickable: Object 'Object Repository/Edit user profile/Edit/button_SUBMIT' is NOT clickable

2017-11-13 12:23:21 - [MESSAGE][PASSED] - Object 'Object Repository/Edit user profile/Edit/button_SUBMIT' is NOT clickable

2017-11-13 12:23:21 - [TEST_STEP][PASSED] - setText: Text 'Cremecreme' is set on object 'Object Repository/Edit user profile/Edit/input_email'

2017-11-13 12:23:21 - [MESSAGE][PASSED] - Text 'Cremecreme' is set on object 'Object Repository/Edit user profile/Edit/input_email'

2017-11-13 12:23:21 - [TEST_STEP][PASSED] - verifyElementNotClickable: Object 'Object Repository/Edit user profile/Edit/button_SUBMIT' is NOT clickable

2017-11-13 12:23:21 - [MESSAGE][PASSED] - Object 'Object Repository/Edit user profile/Edit/button_SUBMIT' is NOT clickable

2017-11-13 12:23:21 - [TEST_STEP][PASSED] - setText: Text '13232017122319@mail.com' is set on object 'Object Repository/Edit user profile/Edit/input_email'

2017-11-13 12:23:21 - [MESSAGE][PASSED] - Text '13232017122319@mail.com' is set on object 'Object Repository/Edit user profile/Edit/input_email'

2017-11-13 12:23:21 - [TEST_STEP][PASSED] - click: Object: 'Object Repository/Edit user profile/Edit/button_SUBMIT' is clicked on

2017-11-13 12:23:22 - [MESSAGE][PASSED] - Object: 'Object Repository/Edit user profile/Edit/button_SUBMIT' is clicked on

2017-11-13 12:23:22 - [TEST_STEP][PASSED] - verifyElementPresent: Object 'Object Repository/Edit user profile/Edit/div_Edit Profile Successful.' is present

2017-11-13 12:23:22 - [MESSAGE][PASSED] - Object 'Object Repository/Edit user profile/Edit/div_Edit Profile Successful.' is present

2017-11-13 12:23:22 - [TEST_STEP][PASSED] - click: Object: 'Object Repository/Edit user profile/Edit/button_' is clicked on

2017-11-13 12:23:24 - [MESSAGE][PASSED] - Object: 'Object Repository/Edit user profile/Edit/button_' is clicked on

2017-11-13 12:23:24 - [TEST_STEP][NOT_RUN] - closeBrowser: NOT_RUN: closeBrowser

2017-11-13 12:23:24 - [MESSAGE][NOT_RUN] - NOT_RUN: closeBrowser]]></system-out>
         <system-err><![CDATA[]]></system-err>
      </testcase>
      <testcase name="Test Cases/4. Menu User Management/Reset and Change password" classname="Test Cases/4. Menu User Management/Reset and Change password" status="PASSED">
         <system-out><![CDATA[2017-11-13 12:23:24 - [TEST_CASE][PASSED] - Test Cases/4. Menu User Management/Reset and Change password: Test Cases/4. Menu User Management/Reset and Change password

2017-11-13 12:23:25 - [TEST_STEP][NOT_RUN] - openBrowser: NOT_RUN: openBrowser

2017-11-13 12:23:25 - [MESSAGE][NOT_RUN] - NOT_RUN: openBrowser

2017-11-13 12:23:25 - [TEST_STEP][NOT_RUN] - maximizeWindow: NOT_RUN: maximizeWindow

2017-11-13 12:23:25 - [MESSAGE][NOT_RUN] - NOT_RUN: maximizeWindow

2017-11-13 12:23:25 - [TEST_STEP][NOT_RUN] - navigateToUrl: NOT_RUN: navigateToUrl

2017-11-13 12:23:25 - [MESSAGE][NOT_RUN] - NOT_RUN: navigateToUrl

2017-11-13 12:23:25 - [TEST_STEP][NOT_RUN] - click: NOT_RUN: click

2017-11-13 12:23:25 - [MESSAGE][NOT_RUN] - NOT_RUN: click

2017-11-13 12:23:25 - [TEST_STEP][NOT_RUN] - setText: NOT_RUN: setText

2017-11-13 12:23:25 - [MESSAGE][NOT_RUN] - NOT_RUN: setText

2017-11-13 12:23:25 - [TEST_STEP][NOT_RUN] - setText: NOT_RUN: setText

2017-11-13 12:23:25 - [MESSAGE][NOT_RUN] - NOT_RUN: setText

2017-11-13 12:23:25 - [TEST_STEP][NOT_RUN] - submit: NOT_RUN: submit

2017-11-13 12:23:25 - [MESSAGE][NOT_RUN] - NOT_RUN: submit

2017-11-13 12:23:25 - [TEST_STEP][PASSED] - click: Object: 'Object Repository/reset password//a_User Management (1)' is clicked on

2017-11-13 12:23:25 - [MESSAGE][PASSED] - Object: 'Object Repository/reset password//a_User Management (1)' is clicked on

2017-11-13 12:23:25 - [TEST_STEP][PASSED] - setText: Text 'Do not change' is set on object 'Object Repository/Edit user profile/list/input_ng-untouched ng-valid ng'

2017-11-13 12:23:26 - [MESSAGE][PASSED] - Text 'Do not change' is set on object 'Object Repository/Edit user profile/list/input_ng-untouched ng-valid ng'

2017-11-13 12:23:26 - [TEST_STEP][PASSED] - click: Object: 'Object Repository/reset password//i_fa fa-pencil-square-o (1)' is clicked on

2017-11-13 12:23:26 - [MESSAGE][PASSED] - Object: 'Object Repository/reset password//i_fa fa-pencil-square-o (1)' is clicked on

2017-11-13 12:23:26 - [TEST_STEP][PASSED] - click: Object: 'Object Repository/reset password//a_Reset Password (1)' is clicked on

2017-11-13 12:23:26 - [MESSAGE][PASSED] - Object: 'Object Repository/reset password//a_Reset Password (1)' is clicked on

2017-11-13 12:23:26 - [TEST_STEP][PASSED] - click: Object: 'Object Repository/reset password/button_Yes' is clicked on

2017-11-13 12:23:26 - [MESSAGE][PASSED] - Object: 'Object Repository/reset password/button_Yes' is clicked on

2017-11-13 12:23:26 - [TEST_STEP][PASSED] - waitForElementNotPresent: Web element with id: 'Object Repository/reset password/img_w3-center' located by 'By.xpath: //img[count(. | //*[@class = 'w3-center']) = count(//*[@class = 'w3-center'])][count(. | //*[@src = '/assets/img/reset-password.png']) = count(//*[@src = '/assets/img/reset-password.png'])][count(. | //*[@width = '160px']) = count(//*[@width = '160px'])][count(. | /html[1]/body[1]/my-app[1]/app-edit-profile[1]/div[@class="popup-zone"]/div[@class="reset-password-box"]/div[@class="row"]/div[@class="col-xs-5 col-sm-5 col-md-5 col-lg-5 w3-padding-32"]/img[@class="w3-center"]) = count(/html[1]/body[1]/my-app[1]/app-edit-profile[1]/div[@class="popup-zone"]/div[@class="reset-password-box"]/div[@class="row"]/div[@class="col-xs-5 col-sm-5 col-md-5 col-lg-5 w3-padding-32"]/img[@class="w3-center"])]' is not present after '5' second(s)

2017-11-13 12:23:26 - [MESSAGE][PASSED] - Web element with id: 'Object Repository/reset password/img_w3-center' located by 'By.xpath: //img[count(. | //*[@class = 'w3-center']) = count(//*[@class = 'w3-center'])][count(. | //*[@src = '/assets/img/reset-password.png']) = count(//*[@src = '/assets/img/reset-password.png'])][count(. | //*[@width = '160px']) = count(//*[@width = '160px'])][count(. | /html[1]/body[1]/my-app[1]/app-edit-profile[1]/div[@class="popup-zone"]/div[@class="reset-password-box"]/div[@class="row"]/div[@class="col-xs-5 col-sm-5 col-md-5 col-lg-5 w3-padding-32"]/img[@class="w3-center"]) = count(/html[1]/body[1]/my-app[1]/app-edit-profile[1]/div[@class="popup-zone"]/div[@class="reset-password-box"]/div[@class="row"]/div[@class="col-xs-5 col-sm-5 col-md-5 col-lg-5 w3-padding-32"]/img[@class="w3-center"])]' is not present after '5' second(s)

2017-11-13 12:23:26 - [TEST_STEP][PASSED] - click: Object: 'Object Repository/reset password//img_Profile (1)' is clicked on

2017-11-13 12:23:27 - [MESSAGE][PASSED] - Object: 'Object Repository/reset password//img_Profile (1)' is clicked on

2017-11-13 12:23:27 - [TEST_STEP][PASSED] - click: Object: 'Object Repository/reset password//button_LOGOUT (1)' is clicked on

2017-11-13 12:23:27 - [MESSAGE][PASSED] - Object: 'Object Repository/reset password//button_LOGOUT (1)' is clicked on

2017-11-13 12:23:27 - [TEST_STEP][PASSED] - click: Object: 'Object Repository/Page_Guru TMDA/span_Login' is clicked on

2017-11-13 12:23:27 - [MESSAGE][PASSED] - Object: 'Object Repository/Page_Guru TMDA/span_Login' is clicked on

2017-11-13 12:23:27 - [TEST_STEP][PASSED] - setText: Text 'Creme' is set on object 'Object Repository/Page_Guru TMDA (1)/input_ng-untouched ng-valid ng'

2017-11-13 12:23:27 - [MESSAGE][PASSED] - Text 'Creme' is set on object 'Object Repository/Page_Guru TMDA (1)/input_ng-untouched ng-valid ng'

2017-11-13 12:23:27 - [TEST_STEP][PASSED] - setText: Text 'Creme' is set on object 'Object Repository/Page_Guru TMDA (1)/input_ng-untouched ng-pristine'

2017-11-13 12:23:27 - [MESSAGE][PASSED] - Text 'Creme' is set on object 'Object Repository/Page_Guru TMDA (1)/input_ng-untouched ng-pristine'

2017-11-13 12:23:27 - [TEST_STEP][PASSED] - submit: The form containing object: 'Object Repository/Page_Guru TMDA (1)/button_Login' is submitted

2017-11-13 12:23:27 - [MESSAGE][PASSED] - The form containing object: 'Object Repository/Page_Guru TMDA (1)/button_Login' is submitted

2017-11-13 12:23:27 - [TEST_STEP][PASSED] - verifyElementPresent: Object 'Object Repository/reset password//a_Help (1)' is present

2017-11-13 12:23:28 - [MESSAGE][PASSED] - Object 'Object Repository/reset password//a_Help (1)' is present

2017-11-13 12:23:28 - [TEST_STEP][PASSED] - click: Object: 'Object Repository/reset password/img_Profile (1)' is clicked on

2017-11-13 12:23:28 - [MESSAGE][PASSED] - Object: 'Object Repository/reset password/img_Profile (1)' is clicked on

2017-11-13 12:23:28 - [TEST_STEP][PASSED] - click: Object: 'Object Repository/reset password//span_Edit Profile (1)' is clicked on

2017-11-13 12:23:28 - [MESSAGE][PASSED] - Object: 'Object Repository/reset password//span_Edit Profile (1)' is clicked on

2017-11-13 12:23:28 - [TEST_STEP][PASSED] - setText: Text 'Creme' is set on object 'Object Repository/reset password//input_old_password (1)'

2017-11-13 12:23:28 - [MESSAGE][PASSED] - Text 'Creme' is set on object 'Object Repository/reset password//input_old_password (1)'

2017-11-13 12:23:28 - [TEST_STEP][PASSED] - setText: Text '1234' is set on object 'Object Repository/reset password//input_new_password (1)'

2017-11-13 12:23:28 - [MESSAGE][PASSED] - Text '1234' is set on object 'Object Repository/reset password//input_new_password (1)'

2017-11-13 12:23:28 - [TEST_STEP][PASSED] - setText: Text '123' is set on object 'Object Repository/reset password//input_cf_password (1)'

2017-11-13 12:23:28 - [MESSAGE][PASSED] - Text '123' is set on object 'Object Repository/reset password//input_cf_password (1)'

2017-11-13 12:23:28 - [TEST_STEP][PASSED] - click: Object: 'Object Repository/reset password//button_SUBMIT (1)' is clicked on

2017-11-13 12:23:29 - [MESSAGE][PASSED] - Object: 'Object Repository/reset password//button_SUBMIT (1)' is clicked on

2017-11-13 12:23:29 - [TEST_STEP][PASSED] - verifyElementPresent: Object 'Object Repository/reset password/div_Confirm Password is Not Eq' is present

2017-11-13 12:23:29 - [MESSAGE][PASSED] - Object 'Object Repository/reset password/div_Confirm Password is Not Eq' is present

2017-11-13 12:23:29 - [TEST_STEP][PASSED] - click: Object: 'Object Repository/reset password/button_ Close alert' is clicked on

2017-11-13 12:23:29 - [MESSAGE][PASSED] - Object: 'Object Repository/reset password/button_ Close alert' is clicked on

2017-11-13 12:23:29 - [TEST_STEP][PASSED] - waitForElementNotPresent: Web element with id: 'Object Repository/reset password//div_Confirm Password is Not Eq' located by 'By.xpath: //div[count(. | //*[@class = 'w3-xlarge w3-text-gray w3-padding-16']) = count(//*[@class = 'w3-xlarge w3-text-gray w3-padding-16'])][count(. | //*[text() = 'Confirm Password is Not Equal.']) = count(//*[text() = 'Confirm Password is Not Equal.'])][count(. | id("swal2-content")/div[@class="w3-white"]/div[@class="w3-xlarge w3-text-gray w3-padding-16"]) = count(id("swal2-content")/div[@class="w3-white"]/div[@class="w3-xlarge w3-text-gray w3-padding-16"])]' is not present after '5' second(s)

2017-11-13 12:23:29 - [MESSAGE][PASSED] - Web element with id: 'Object Repository/reset password//div_Confirm Password is Not Eq' located by 'By.xpath: //div[count(. | //*[@class = 'w3-xlarge w3-text-gray w3-padding-16']) = count(//*[@class = 'w3-xlarge w3-text-gray w3-padding-16'])][count(. | //*[text() = 'Confirm Password is Not Equal.']) = count(//*[text() = 'Confirm Password is Not Equal.'])][count(. | id("swal2-content")/div[@class="w3-white"]/div[@class="w3-xlarge w3-text-gray w3-padding-16"]) = count(id("swal2-content")/div[@class="w3-white"]/div[@class="w3-xlarge w3-text-gray w3-padding-16"])]' is not present after '5' second(s)

2017-11-13 12:23:29 - [TEST_STEP][PASSED] - setText: Text '1234' is set on object 'Object Repository/reset password//input_cf_password (1)'

2017-11-13 12:23:29 - [MESSAGE][PASSED] - Text '1234' is set on object 'Object Repository/reset password//input_cf_password (1)'

2017-11-13 12:23:29 - [TEST_STEP][PASSED] - click: Object: 'Object Repository/reset password//button_SUBMIT (1)' is clicked on

2017-11-13 12:23:29 - [MESSAGE][PASSED] - Object: 'Object Repository/reset password//button_SUBMIT (1)' is clicked on

2017-11-13 12:23:29 - [TEST_STEP][PASSED] - verifyElementPresent: Object 'Object Repository/reset password//div_Edit Profile Successful. (1)' is present

2017-11-13 12:23:30 - [MESSAGE][PASSED] - Object 'Object Repository/reset password//div_Edit Profile Successful. (1)' is present

2017-11-13 12:23:30 - [TEST_STEP][PASSED] - click: Object: 'Object Repository/reset password//button_ Closing Edit successful (1)' is clicked on

2017-11-13 12:23:32 - [MESSAGE][PASSED] - Object: 'Object Repository/reset password//button_ Closing Edit successful (1)' is clicked on

2017-11-13 12:23:32 - [TEST_STEP][PASSED] - click: Object: 'Object Repository/reset password//img_Profile (1)' is clicked on

2017-11-13 12:23:32 - [MESSAGE][PASSED] - Object: 'Object Repository/reset password//img_Profile (1)' is clicked on

2017-11-13 12:23:32 - [TEST_STEP][PASSED] - click: Object: 'Object Repository/reset password//button_LOGOUT (1)' is clicked on

2017-11-13 12:23:32 - [MESSAGE][PASSED] - Object: 'Object Repository/reset password//button_LOGOUT (1)' is clicked on

2017-11-13 12:23:32 - [TEST_STEP][PASSED] - click: Object: 'Object Repository/Page_Guru TMDA/span_Login' is clicked on

2017-11-13 12:23:32 - [MESSAGE][PASSED] - Object: 'Object Repository/Page_Guru TMDA/span_Login' is clicked on

2017-11-13 12:23:32 - [TEST_STEP][PASSED] - setText: Text 'Creme' is set on object 'Object Repository/Page_Guru TMDA (1)/input_ng-untouched ng-valid ng'

2017-11-13 12:23:33 - [MESSAGE][PASSED] - Text 'Creme' is set on object 'Object Repository/Page_Guru TMDA (1)/input_ng-untouched ng-valid ng'

2017-11-13 12:23:33 - [TEST_STEP][PASSED] - setText: Text '1234' is set on object 'Object Repository/Page_Guru TMDA (1)/input_ng-untouched ng-pristine'

2017-11-13 12:23:33 - [MESSAGE][PASSED] - Text '1234' is set on object 'Object Repository/Page_Guru TMDA (1)/input_ng-untouched ng-pristine'

2017-11-13 12:23:33 - [TEST_STEP][PASSED] - submit: The form containing object: 'Object Repository/Page_Guru TMDA (1)/button_Login' is submitted

2017-11-13 12:23:33 - [MESSAGE][PASSED] - The form containing object: 'Object Repository/Page_Guru TMDA (1)/button_Login' is submitted

2017-11-13 12:23:33 - [TEST_STEP][NOT_RUN] - closeBrowser: NOT_RUN: closeBrowser

2017-11-13 12:23:33 - [MESSAGE][NOT_RUN] - NOT_RUN: closeBrowser]]></system-out>
         <system-err><![CDATA[]]></system-err>
      </testcase>
      <testcase name="Test Cases/4. Menu User Management/Edit user profile" classname="Test Cases/4. Menu User Management/Edit user profile" status="PASSED">
         <system-out><![CDATA[2017-11-13 12:23:33 - [TEST_CASE][PASSED] - Test Cases/4. Menu User Management/Edit user profile: Test Cases/4. Menu User Management/Edit user profile

2017-11-13 12:23:33 - [TEST_STEP][PASSED] - Statement - date = new java.util.Date(): null

2017-11-13 12:23:33 - [TEST_STEP][PASSED] - Statement - df = new java.text.SimpleDateFormat(): null

2017-11-13 12:23:33 - [TEST_STEP][PASSED] - Statement - df.applyPattern("ddmmyyyyHHmmss"): null

2017-11-13 12:23:33 - [TEST_STEP][NOT_RUN] - openBrowser: NOT_RUN: openBrowser

2017-11-13 12:23:33 - [MESSAGE][NOT_RUN] - NOT_RUN: openBrowser

2017-11-13 12:23:33 - [TEST_STEP][NOT_RUN] - maximizeWindow: NOT_RUN: maximizeWindow

2017-11-13 12:23:33 - [MESSAGE][NOT_RUN] - NOT_RUN: maximizeWindow

2017-11-13 12:23:33 - [TEST_STEP][NOT_RUN] - navigateToUrl: NOT_RUN: navigateToUrl

2017-11-13 12:23:33 - [MESSAGE][NOT_RUN] - NOT_RUN: navigateToUrl

2017-11-13 12:23:33 - [TEST_STEP][NOT_RUN] - click: NOT_RUN: click

2017-11-13 12:23:33 - [MESSAGE][NOT_RUN] - NOT_RUN: click

2017-11-13 12:23:33 - [TEST_STEP][NOT_RUN] - setText: NOT_RUN: setText

2017-11-13 12:23:33 - [MESSAGE][NOT_RUN] - NOT_RUN: setText

2017-11-13 12:23:33 - [TEST_STEP][NOT_RUN] - setText: NOT_RUN: setText

2017-11-13 12:23:33 - [MESSAGE][NOT_RUN] - NOT_RUN: setText

2017-11-13 12:23:33 - [TEST_STEP][NOT_RUN] - submit: NOT_RUN: submit

2017-11-13 12:23:33 - [MESSAGE][NOT_RUN] - NOT_RUN: submit

2017-11-13 12:23:33 - [TEST_STEP][PASSED] - click: Object: 'Object Repository/reset password/img_Profile (1)' is clicked on

2017-11-13 12:23:33 - [MESSAGE][PASSED] - Object: 'Object Repository/reset password/img_Profile (1)' is clicked on

2017-11-13 12:23:33 - [TEST_STEP][PASSED] - click: Object: 'Object Repository/Edit profile//span_Edit Profile' is clicked on

2017-11-13 12:23:34 - [MESSAGE][PASSED] - Object: 'Object Repository/Edit profile//span_Edit Profile' is clicked on

2017-11-13 12:23:34 - [TEST_STEP][PASSED] - click: Object: 'Object Repository/Edit profile//i_fa fa-pencil' is clicked on

2017-11-13 12:23:34 - [MESSAGE][PASSED] - Object: 'Object Repository/Edit profile//i_fa fa-pencil' is clicked on

2017-11-13 12:23:34 - [TEST_STEP][PASSED] - setText: Text 'a' is set on object 'Object Repository/Edit profile//input_firstname (2)'

2017-11-13 12:23:34 - [MESSAGE][PASSED] - Text 'a' is set on object 'Object Repository/Edit profile//input_firstname (2)'

2017-11-13 12:23:34 - [TEST_STEP][PASSED] - sendKeys: Keys 'BACK_SPACE + ' sent to object: 'Object Repository/Edit profile//input_firstname (2)'

2017-11-13 12:23:34 - [MESSAGE][PASSED] - Keys 'BACK_SPACE + ' sent to object: 'Object Repository/Edit profile//input_firstname (2)'

2017-11-13 12:23:34 - [TEST_STEP][PASSED] - setText: Text 'Maksub' is set on object 'Object Repository/Edit profile/input_lastname (2)'

2017-11-13 12:23:34 - [MESSAGE][PASSED] - Text 'Maksub' is set on object 'Object Repository/Edit profile/input_lastname (2)'

2017-11-13 12:23:34 - [TEST_STEP][PASSED] - click: Object: 'Object Repository/Edit profile/i_fa fa-pencil (1)' is clicked on

2017-11-13 12:23:34 - [MESSAGE][PASSED] - Object: 'Object Repository/Edit profile/i_fa fa-pencil (1)' is clicked on

2017-11-13 12:23:34 - [TEST_STEP][PASSED] - setText: Text 'creme@mail.com' is set on object 'Object Repository/Edit profile/input_email (1)'

2017-11-13 12:23:34 - [MESSAGE][PASSED] - Text 'creme@mail.com' is set on object 'Object Repository/Edit profile/input_email (1)'

2017-11-13 12:23:34 - [TEST_STEP][PASSED] - verifyElementNotClickable: Object 'Object Repository/Edit profile/button_SUBMIT (3)' is NOT clickable

2017-11-13 12:23:34 - [MESSAGE][PASSED] - Object 'Object Repository/Edit profile/button_SUBMIT (3)' is NOT clickable

2017-11-13 12:23:34 - [TEST_STEP][PASSED] - setText: Text '55555' is set on object 'Object Repository/Edit profile//input_firstname (2)'

2017-11-13 12:23:34 - [MESSAGE][PASSED] - Text '55555' is set on object 'Object Repository/Edit profile//input_firstname (2)'

2017-11-13 12:23:34 - [TEST_STEP][PASSED] - verifyElementNotClickable: Object 'Object Repository/Edit profile/button_SUBMIT (3)' is NOT clickable

2017-11-13 12:23:34 - [MESSAGE][PASSED] - Object 'Object Repository/Edit profile/button_SUBMIT (3)' is NOT clickable

2017-11-13 12:23:34 - [TEST_STEP][PASSED] - setText: Text 'Piratchana' is set on object 'Object Repository/Edit profile//input_firstname (2)'

2017-11-13 12:23:35 - [MESSAGE][PASSED] - Text 'Piratchana' is set on object 'Object Repository/Edit profile//input_firstname (2)'

2017-11-13 12:23:35 - [TEST_STEP][PASSED] - setText: Text 'a' is set on object 'Object Repository/Edit profile/input_lastname (2)'

2017-11-13 12:23:35 - [MESSAGE][PASSED] - Text 'a' is set on object 'Object Repository/Edit profile/input_lastname (2)'

2017-11-13 12:23:35 - [TEST_STEP][PASSED] - sendKeys: Keys 'BACK_SPACE + ' sent to object: 'Object Repository/Edit profile//input_lastname (2)'

2017-11-13 12:23:35 - [MESSAGE][PASSED] - Keys 'BACK_SPACE + ' sent to object: 'Object Repository/Edit profile//input_lastname (2)'

2017-11-13 12:23:35 - [TEST_STEP][PASSED] - verifyElementNotClickable: Object 'Object Repository/Edit profile/button_SUBMIT (3)' is NOT clickable

2017-11-13 12:23:35 - [MESSAGE][PASSED] - Object 'Object Repository/Edit profile/button_SUBMIT (3)' is NOT clickable

2017-11-13 12:23:35 - [TEST_STEP][PASSED] - setText: Text '55555' is set on object 'Object Repository/Edit profile/input_lastname (2)'

2017-11-13 12:23:35 - [MESSAGE][PASSED] - Text '55555' is set on object 'Object Repository/Edit profile/input_lastname (2)'

2017-11-13 12:23:35 - [TEST_STEP][PASSED] - verifyElementNotClickable: Object 'Object Repository/Edit profile/button_SUBMIT (3)' is NOT clickable

2017-11-13 12:23:35 - [MESSAGE][PASSED] - Object 'Object Repository/Edit profile/button_SUBMIT (3)' is NOT clickable

2017-11-13 12:23:35 - [TEST_STEP][PASSED] - setText: Text 'Do not change' is set on object 'Object Repository/Edit profile//input_firstname (2)'

2017-11-13 12:23:35 - [MESSAGE][PASSED] - Text 'Do not change' is set on object 'Object Repository/Edit profile//input_firstname (2)'

2017-11-13 12:23:35 - [TEST_STEP][PASSED] - setText: Text 'Do not change' is set on object 'Object Repository/Edit profile/input_lastname (2)'

2017-11-13 12:23:35 - [MESSAGE][PASSED] - Text 'Do not change' is set on object 'Object Repository/Edit profile/input_lastname (2)'

2017-11-13 12:23:35 - [TEST_STEP][PASSED] - setText: Text 'a' is set on object 'Object Repository/Edit profile/input_email (1)'

2017-11-13 12:23:35 - [MESSAGE][PASSED] - Text 'a' is set on object 'Object Repository/Edit profile/input_email (1)'

2017-11-13 12:23:35 - [TEST_STEP][PASSED] - sendKeys: Keys 'BACK_SPACE + ' sent to object: 'Object Repository/Edit profile//input_email (1)'

2017-11-13 12:23:35 - [MESSAGE][PASSED] - Keys 'BACK_SPACE + ' sent to object: 'Object Repository/Edit profile//input_email (1)'

2017-11-13 12:23:35 - [TEST_STEP][PASSED] - verifyElementNotClickable: Object 'Object Repository/Edit profile/button_SUBMIT (3)' is NOT clickable

2017-11-13 12:23:35 - [MESSAGE][PASSED] - Object 'Object Repository/Edit profile/button_SUBMIT (3)' is NOT clickable

2017-11-13 12:23:35 - [TEST_STEP][PASSED] - setText: Text 'Cremememe' is set on object 'Object Repository/Edit profile/input_email (1)'

2017-11-13 12:23:35 - [MESSAGE][PASSED] - Text 'Cremememe' is set on object 'Object Repository/Edit profile/input_email (1)'

2017-11-13 12:23:35 - [TEST_STEP][PASSED] - verifyElementNotClickable: Object 'Object Repository/Edit profile/button_SUBMIT (3)' is NOT clickable

2017-11-13 12:23:35 - [MESSAGE][PASSED] - Object 'Object Repository/Edit profile/button_SUBMIT (3)' is NOT clickable

2017-11-13 12:23:35 - [TEST_STEP][PASSED] - setText: Text '13232017122333@mail.com' is set on object 'Object Repository/Edit profile/input_email (1)'

2017-11-13 12:23:35 - [MESSAGE][PASSED] - Text '13232017122333@mail.com' is set on object 'Object Repository/Edit profile/input_email (1)'

2017-11-13 12:23:35 - [TEST_STEP][NOT_RUN] - scrollToElement: NOT_RUN: scrollToElement

2017-11-13 12:23:35 - [MESSAGE][NOT_RUN] - NOT_RUN: scrollToElement

2017-11-13 12:23:35 - [TEST_STEP][PASSED] - click: Object: 'Object Repository/Edit profile/button_SUBMIT (2)' is clicked on

2017-11-13 12:23:36 - [MESSAGE][PASSED] - Object: 'Object Repository/Edit profile/button_SUBMIT (2)' is clicked on

2017-11-13 12:23:36 - [TEST_STEP][PASSED] - verifyElementPresent: Object 'Object Repository/Edit profile//div_Edit Profile Successful.' is present

2017-11-13 12:23:36 - [MESSAGE][PASSED] - Object 'Object Repository/Edit profile//div_Edit Profile Successful.' is present

2017-11-13 12:23:36 - [TEST_STEP][PASSED] - click: Object: 'Object Repository/Edit profile/button_1' is clicked on

2017-11-13 12:23:38 - [MESSAGE][PASSED] - Object: 'Object Repository/Edit profile/button_1' is clicked on

2017-11-13 12:23:38 - [TEST_STEP][PASSED] - click: Object: 'Object Repository/Edit profile//button_SUBMIT_1' is clicked on

2017-11-13 12:23:38 - [MESSAGE][PASSED] - Object: 'Object Repository/Edit profile//button_SUBMIT_1' is clicked on

2017-11-13 12:23:38 - [TEST_STEP][PASSED] - verifyElementNotPresent: Web element with id: 'Object Repository/Edit profile//div_Edit Profile Successful.' located by 'By.xpath: //div[count(. | //*[@class = 'w3-xlarge w3-text-gray w3-padding-16']) = count(//*[@class = 'w3-xlarge w3-text-gray w3-padding-16'])][count(. | //*[text() = 'Edit Profile Successful.']) = count(//*[text() = 'Edit Profile Successful.'])][count(. | id("swal2-content")/div[@class="w3-padding-32 w3-white"]/div[@class="w3-xlarge w3-text-gray w3-padding-16"]) = count(id("swal2-content")/div[@class="w3-padding-32 w3-white"]/div[@class="w3-xlarge w3-text-gray w3-padding-16"])]' is not present after '5' second(s)

2017-11-13 12:23:38 - [MESSAGE][PASSED] - Web element with id: 'Object Repository/Edit profile//div_Edit Profile Successful.' located by 'By.xpath: //div[count(. | //*[@class = 'w3-xlarge w3-text-gray w3-padding-16']) = count(//*[@class = 'w3-xlarge w3-text-gray w3-padding-16'])][count(. | //*[text() = 'Edit Profile Successful.']) = count(//*[text() = 'Edit Profile Successful.'])][count(. | id("swal2-content")/div[@class="w3-padding-32 w3-white"]/div[@class="w3-xlarge w3-text-gray w3-padding-16"]) = count(id("swal2-content")/div[@class="w3-padding-32 w3-white"]/div[@class="w3-xlarge w3-text-gray w3-padding-16"])]' is not present after '5' second(s)

2017-11-13 12:23:38 - [TEST_STEP][NOT_RUN] - closeBrowser: NOT_RUN: closeBrowser

2017-11-13 12:23:38 - [MESSAGE][NOT_RUN] - NOT_RUN: closeBrowser]]></system-out>
         <system-err><![CDATA[]]></system-err>
      </testcase>
      <testcase name="Test Cases/5. History Log/Search history log" classname="Test Cases/5. History Log/Search history log" status="FAILED">
         <failure type="FAILED" message="Unable to click on object 'Object Repository/Search history log/search history log/Page_Guru TMDA (1)/a_Log' (Root cause: java.lang.NullPointerException)"/>
         <system-out><![CDATA[2017-11-13 12:23:39 - [TEST_CASE][FAILED] - Test Cases/5. History Log/Search history log: Test Cases/5. History Log/Search history log FAILED because (of) Unable to click on object 'Object Repository/Search history log/search history log/Page_Guru TMDA (1)/a_Log' (Root cause: java.lang.NullPointerException)

2017-11-13 12:23:39 - [TEST_STEP][PASSED] - openBrowser: Browser is opened with url: ''

2017-11-13 12:23:39 - [MESSAGE][WARNING] - A browser is already opened. Closing browser and opening a new one

2017-11-13 12:23:42 - [MESSAGE][PASSED] - Browser is opened with url: ''

2017-11-13 12:23:42 - [TEST_STEP][NOT_RUN] - maximizeWindow: NOT_RUN: maximizeWindow

2017-11-13 12:23:42 - [MESSAGE][NOT_RUN] - NOT_RUN: maximizeWindow

2017-11-13 12:23:42 - [TEST_STEP][NOT_RUN] - navigateToUrl: NOT_RUN: navigateToUrl

2017-11-13 12:23:42 - [MESSAGE][NOT_RUN] - NOT_RUN: navigateToUrl

2017-11-13 12:23:42 - [TEST_STEP][NOT_RUN] - click: NOT_RUN: click

2017-11-13 12:23:42 - [MESSAGE][NOT_RUN] - NOT_RUN: click

2017-11-13 12:23:42 - [TEST_STEP][NOT_RUN] - setText: NOT_RUN: setText

2017-11-13 12:23:42 - [MESSAGE][NOT_RUN] - NOT_RUN: setText

2017-11-13 12:23:42 - [TEST_STEP][NOT_RUN] - setText: NOT_RUN: setText

2017-11-13 12:23:42 - [MESSAGE][NOT_RUN] - NOT_RUN: setText

2017-11-13 12:23:42 - [TEST_STEP][NOT_RUN] - submit: NOT_RUN: submit

2017-11-13 12:23:42 - [MESSAGE][NOT_RUN] - NOT_RUN: submit

2017-11-13 12:23:42 - [TEST_STEP][FAILED] - click: Unable to click on object 'Object Repository/Search history log/search history log/Page_Guru TMDA (1)/a_Log' (Root cause: java.lang.NullPointerException)

2017-11-13 12:23:47 - [MESSAGE][WARNING] - Cannot take screenshot

2017-11-13 12:23:47 - [MESSAGE][FAILED] - Unable to click on object 'Object Repository/Search history log/search history log/Page_Guru TMDA (1)/a_Log' (Root cause: java.lang.NullPointerException)]]></system-out>
         <system-err><![CDATA[2017-11-13 12:23:39 - [TEST_CASE][FAILED] - Test Cases/5. History Log/Search history log: Test Cases/5. History Log/Search history log FAILED because (of) Unable to click on object 'Object Repository/Search history log/search history log/Page_Guru TMDA (1)/a_Log' (Root cause: java.lang.NullPointerException)]]></system-err>
      </testcase>
      <system-out><![CDATA[2017-11-13 12:18:51 - [TEST_SUITE][FAILED] - Basic: Test Cases/5. History Log/Search history log FAILED because (of) Unable to click on object 'Object Repository/Search history log/search history log/Page_Guru TMDA (1)/a_Log' (Root cause: java.lang.NullPointerException)]]></system-out>
      <system-err><![CDATA[2017-11-13 12:18:51 - [TEST_SUITE][FAILED] - Basic: Test Cases/5. History Log/Search history log FAILED because (of) Unable to click on object 'Object Repository/Search history log/search history log/Page_Guru TMDA (1)/a_Log' (Root cause: java.lang.NullPointerException)]]></system-err>
   </testsuite>
</testsuites>
